Log file open, 12/03/18 12:09:48
LogWindows: Failed to load 'aqProf.dll' (GetLastError=126)
LogWindows: File 'aqProf.dll' does not exist
LogWindows: Failed to load 'VSPerf140.dll' (GetLastError=126)
LogWindows: File 'VSPerf140.dll' does not exist
LogWindows: Failed to load 'VtuneApi.dll' (GetLastError=126)
LogWindows: File 'VtuneApi.dll' does not exist
LogWindows: Failed to load 'VtuneApi32e.dll' (GetLastError=126)
LogWindows: File 'VtuneApi32e.dll' does not exist
LogInit: Display: Running engine for game: smolworld
LogPlatformFile: Not using cached read wrapper
LogTaskGraph: Started task graph with 5 named threads and 23 total threads with 3 sets of task threads.
LogStats: Stats thread started at 0.647135
LogD3D11RHI: Loaded GFSDK_Aftermath_Lib.x64.dll
LogICUInternationalization: Display: ICU TimeZone Detection - Raw Offset: -8:00, Platform Override: ''
LogPluginManager: Mounting plugin Paper2D
LogPluginManager: Mounting plugin AISupport
LogPluginManager: Mounting plugin LightPropagationVolume
LogPluginManager: Mounting plugin CLionSourceCodeAccess
LogPluginManager: Mounting plugin CodeLiteSourceCodeAccess
LogPluginManager: Mounting plugin GitSourceControl
LogPluginManager: Mounting plugin KDevelopSourceCodeAccess
LogPluginManager: Mounting plugin NullSourceCodeAccess
LogPluginManager: Mounting plugin PerforceSourceControl
LogPluginManager: Mounting plugin SubversionSourceControl
LogPluginManager: Mounting plugin UObjectPlugin
LogPluginManager: Mounting plugin VisualStudioCodeSourceCodeAccess
LogPluginManager: Mounting plugin VisualStudioSourceCodeAccess
LogPluginManager: Mounting plugin XCodeSourceCodeAccess
LogPluginManager: Mounting plugin AssetManagerEditor
LogPluginManager: Mounting plugin CryptoKeys
LogPluginManager: Mounting plugin DataValidation
LogPluginManager: Mounting plugin FacialAnimation
LogPluginManager: Mounting plugin GameplayTagsEditor
LogPluginManager: Mounting plugin MacGraphicsSwitching
LogPluginManager: Mounting plugin MeshEditor
LogPluginManager: Mounting plugin MobileLauncherProfileWizard
LogPluginManager: Mounting plugin PluginBrowser
LogPluginManager: Mounting plugin SpeedTreeImporter
LogPluginManager: Mounting plugin DatasmithContent
LogPluginManager: Mounting plugin AlembicImporter
LogPluginManager: Mounting plugin AppleImageUtils
LogPluginManager: Mounting plugin AppleVision
LogPluginManager: Mounting plugin BackChannel
LogPluginManager: Mounting plugin CharacterAI
LogPluginManager: Mounting plugin GeometryCache
LogPluginManager: Mounting plugin HTML5Networking
LogPluginManager: Mounting plugin ProxyLODPlugin
LogPluginManager: Mounting plugin MagicLeap
LogPluginManager: Mounting plugin MagicLeapEmulator
LogPluginManager: Mounting plugin MagicLeapMedia
LogPluginManager: Mounting plugin AndroidMedia
LogPluginManager: Mounting plugin AvfMedia
LogPluginManager: Mounting plugin ImgMedia
LogPluginManager: Mounting plugin LinearTimecode
LogPluginManager: Mounting plugin MediaCompositing
LogPluginManager: Mounting plugin MediaPlayerEditor
LogPluginManager: Mounting plugin WmfMedia
LogPluginManager: Mounting plugin TcpMessaging
LogPluginManager: Mounting plugin UdpMessaging
LogPluginManager: Mounting plugin ActorSequence
LogPluginManager: Mounting plugin LevelSequenceEditor
LogPluginManager: Mounting plugin MatineeToLevelSequence
LogPluginManager: Mounting plugin NetcodeUnitTest
LogPluginManager: Mounting plugin NUTUnrealEngine4
LogPluginManager: Mounting plugin OnlineSubsystemGooglePlay
LogPluginManager: Mounting plugin OnlineSubsystemIOS
LogPluginManager: Mounting plugin OnlineSubsystem
LogPluginManager: Mounting plugin OnlineSubsystemNull
LogPluginManager: Mounting plugin OnlineSubsystemUtils
LogPluginManager: Mounting plugin LauncherChunkInstaller
LogPluginManager: Mounting plugin AndroidDeviceProfileSelector
LogPluginManager: Mounting plugin AndroidMoviePlayer
LogPluginManager: Mounting plugin AndroidPermission
LogPluginManager: Mounting plugin AppleMoviePlayer
LogPluginManager: Mounting plugin ArchVisCharacter
LogPluginManager: Mounting plugin AudioCapture
LogPluginManager: Mounting plugin CableComponent
LogPluginManager: Mounting plugin CustomMeshComponent
LogPluginManager: Mounting plugin EditableMesh
LogPluginManager: Mounting plugin ExampleDeviceProfileSelector
LogPluginManager: Mounting plugin GoogleCloudMessaging
LogPluginManager: Mounting plugin ImmediatePhysics
LogPluginManager: Mounting plugin IOSDeviceProfileSelector
LogPluginManager: Mounting plugin LinuxDeviceProfileSelector
LogPluginManager: Mounting plugin LocationServicesBPLibrary
LogPluginManager: Mounting plugin MobilePatchingUtils
LogPluginManager: Mounting plugin OculusVR
LogPluginManager: Plugin shader directory ../../../Engine/Plugins/Runtime/Oculus/OculusVR/Shaders found
LogPluginManager: Mapping shader source directory ../../../Engine/Plugins/Runtime/Oculus/OculusVR/Shaders to virtual directory /Plugin/OculusVR
LogPluginManager: Mounting plugin PhysXVehicles
LogPluginManager: Mounting plugin ProceduralMeshComponent
LogPluginManager: Mounting plugin RuntimePhysXCooking
LogPluginManager: Mounting plugin SteamVR
LogPluginManager: Mounting plugin WindowsMoviePlayer
LogStreaming: Display: Took  0.298s to configure plugins.
LogInit: Using libcurl 7.55.1-DEV
LogInit:  - built for x86_64-pc-win32
LogInit:  - supports SSL with OpenSSL/1.0.2h
LogInit:  - supports HTTP deflate (compression) using libz 1.2.8
LogInit:  - other features:
LogInit:      CURL_VERSION_SSL
LogInit:      CURL_VERSION_LIBZ
LogInit:      CURL_VERSION_IPV6
LogInit:      CURL_VERSION_ASYNCHDNS
LogInit:      CURL_VERSION_LARGEFILE
LogInit:      CURL_VERSION_IDN
LogInit:  CurlRequestOptions (configurable via config and command line):
LogInit:  - bVerifyPeer = false  - Libcurl will NOT verify peer certificate
LogInit:  - bUseHttpProxy = false  - Libcurl will NOT use HTTP proxy
LogInit:  - bDontReuseConnections = false  - Libcurl will reuse connections
LogInit:  - CertBundlePath = nullptr  - Libcurl will use whatever was configured at build time.
LogInit:  - MaxHostConnections = 16  - Libcurl will limit the number of connections to a host
LogInit:  - LocalHostAddr = Default
LogInit:  - BufferSize = 65536
LogInit: WinSock: version 1.1 (2.2), MaxSocks=32767, MaxUdp=65467
LogInit: Build: ++UE4+Release-4.20-CL-4369336
LogInit: Engine Version: 4.20.3-4369336+++UE4+Release-4.20
LogInit: Compatible Engine Version: 4.20.0-4212847+++UE4+Release-4.20
LogInit: Net CL: 4212847
LogInit: OS: Windows 10 (), CPU: Intel(R) Core(TM) i7-7700HQ CPU @ 2.80GHz, GPU: Intel(R) HD Graphics 630
LogInit: Compiled (64-bit): Sep 17 2018 12:26:19
LogInit: Compiled with Visual C++: 19.13.26129.00
LogInit: Build Configuration: Development
LogInit: Branch Name: ++UE4+Release-4.20
LogInit: Command Line: 
LogInit: Base Directory: C:/Program Files/Epic Games/UE_4.20/Engine/Binaries/Win64/
LogInit: Installed Engine Build: 1
LogDevObjectVersion: Number of dev versions registered: 20
LogDevObjectVersion:   Dev-Blueprints (B0D832E4-1F89-4F0D-ACCF-7EB736FD4AA2): 10
LogDevObjectVersion:   Dev-Build (E1C64328-A22C-4D53-A36C-8E866417BD8C): 0
LogDevObjectVersion:   Dev-Core (375EC13C-06E4-48FB-B500-84F0262A717E): 2
LogDevObjectVersion:   Dev-Editor (E4B068ED-F494-42E9-A231-DA0B2E46BB41): 24
LogDevObjectVersion:   Dev-Framework (CFFC743F-43B0-4480-9391-14DF171D2073): 34
LogDevObjectVersion:   Dev-Mobile (B02B49B5-BB20-44E9-A304-32B752E40360): 2
LogDevObjectVersion:   Dev-Networking (A4E4105C-59A1-49B5-A7C5-40C4547EDFEE): 0
LogDevObjectVersion:   Dev-Online (39C831C9-5AE6-47DC-9A44-9C173E1C8E7C): 0
LogDevObjectVersion:   Dev-Physics (78F01B33-EBEA-4F98-B9B4-84EACCB95AA2): 0
LogDevObjectVersion:   Dev-Platform (6631380F-2D4D-43E0-8009-CF276956A95A): 0
LogDevObjectVersion:   Dev-Rendering (12F88B9F-8875-4AFC-A67C-D90C383ABD29): 26
LogDevObjectVersion:   Dev-Sequencer (7B5AE74C-D270-4C10-A958-57980B212A5A): 9
LogDevObjectVersion:   Dev-VR (D7296918-1DD6-4BDD-9DE2-64A83CC13884): 2
LogDevObjectVersion:   Dev-LoadTimes (C2A15278-BFE7-4AFE-6C17-90FF531DF755): 1
LogDevObjectVersion:   Private-Geometry (6EACA3D4-40EC-4CC1-B786-8BED09428FC5): 3
LogDevObjectVersion:   Dev-AnimPhys (29E575DD-E0A3-4627-9D10-D276232CDCEA): 17
LogDevObjectVersion:   Dev-ReflectionCapture (6B266CEC-1EC7-4B8F-A30B-E4D90942FC07): 1
LogDevObjectVersion:   Dev-Automation (0DF73D61-A23F-47EA-B727-89E90C41499A): 1
LogDevObjectVersion:   FortniteMain (601D1886-AC64-4F84-AA16-D3DE0DEAC7D6): 12
LogDevObjectVersion:   Dev-Enterprise (9DFFBCD6-494F-0158-E221-12823C92A888): 1
LogStreaming: Display: Took  0.005s to delete old logs.
LogInit: Presizing for max 8388607 objects, including 0 objects not considered by GC, pre-allocating 0 bytes for permanent pool.
LogInit: Object subsystem initialized
[2018.12.03-20.09.49:334][  0]LogInit: Selected Device Profile: [Windows]
[2018.12.03-20.09.49:334][  0]LogInit: Applying CVar settings loaded from the selected device profile: [Windows]
[2018.12.03-20.09.49:354][  0]LogHAL: Display: Platform has ~ 16 GB [17031376896 / 17179869184 / 16], which maps to Larger [LargestMinGB=32, LargerMinGB=12, DefaultMinGB=8, SmallerMinGB=6, SmallestMinGB=0)
[2018.12.03-20.09.49:354][  0]LogInit: Setting Device Profile CVar: [[r.Vulkan.UseRealUBs:1]]
[2018.12.03-20.09.49:354][  0]LogInit: Going up to parent DeviceProfile []
[2018.12.03-20.09.49:354][  0]LogInit: Computer: TRASH
[2018.12.03-20.09.49:354][  0]LogInit: User: Maria
[2018.12.03-20.09.49:354][  0]LogInit: CPU Page size=4096, Cores=4
[2018.12.03-20.09.49:354][  0]LogInit: High frequency timer resolution =2.742188 MHz
[2018.12.03-20.09.49:355][  0]LogMemory: Memory total: Physical=15.9GB (16GB approx)
[2018.12.03-20.09.49:355][  0]LogMemory: Platform Memory Stats for Windows
[2018.12.03-20.09.49:355][  0]LogMemory: Process Physical Memory: 101.22 MB used, 101.22 MB peak
[2018.12.03-20.09.49:355][  0]LogMemory: Process Virtual Memory: 92.29 MB used, 92.29 MB peak
[2018.12.03-20.09.49:355][  0]LogMemory: Physical Memory: 6156.12 MB used,  10086.27 MB free, 16242.39 MB total
[2018.12.03-20.09.49:355][  0]LogMemory: Virtual Memory: 4631.75 MB used,  10086.27 MB free, 134217728.00 MB total
[2018.12.03-20.09.49:400][  0]LogInit: Using OS detected language (en-US).
[2018.12.03-20.09.49:400][  0]LogInit: Using OS detected locale (en-US).
[2018.12.03-20.09.49:403][  0]LogTextLocalizationManager: No specific localization for 'en-US' exists, so the 'en' localization will be used.
[2018.12.03-20.09.50:016][  0]LogStreaming: Display: Took  0.615s to InitEngineTextLocalization.
[2018.12.03-20.09.50:086][  0]LogSlate: New Slate User Created.  User Index 0, Is Virtual User: 0
[2018.12.03-20.09.50:086][  0]LogSlate: Slate User Registered.  User Index 0, Is Virtual User: 0
[2018.12.03-20.09.50:621][  0]LogHMD: Failed to initialize OpenVR with code 110
[2018.12.03-20.09.50:622][  0]LogD3D11RHI: D3D11 adapters:
[2018.12.03-20.09.50:750][  0]LogD3D11RHI:    0. 'NVIDIA GeForce GTX 1050' (Feature Level 11_0)
[2018.12.03-20.09.50:750][  0]LogD3D11RHI:       1979/0/8121 MB DedicatedVideo/DedicatedSystem/SharedSystem, Outputs:1, VendorId:0x10de
[2018.12.03-20.09.50:764][  0]LogD3D11RHI:    1. 'Intel(R) HD Graphics 630' (Feature Level 11_0)
[2018.12.03-20.09.50:764][  0]LogD3D11RHI:       128/0/8121 MB DedicatedVideo/DedicatedSystem/SharedSystem, Outputs:0, VendorId:0x8086
[2018.12.03-20.09.50:768][  0]LogD3D11RHI:    2. 'Microsoft Basic Render Driver' (Feature Level 11_0)
[2018.12.03-20.09.50:768][  0]LogD3D11RHI:       0/0/8121 MB DedicatedVideo/DedicatedSystem/SharedSystem, Outputs:0, VendorId:0x1414
[2018.12.03-20.09.50:768][  0]LogD3D11RHI: Chosen D3D11 Adapter: 0
[2018.12.03-20.09.50:814][  0]LogD3D11RHI: Creating new Direct3DDevice
[2018.12.03-20.09.50:814][  0]LogD3D11RHI:     GPU DeviceId: 0x1c8d (for the marketing name, search the web for "GPU Device Id")
[2018.12.03-20.09.50:814][  0]LogWindows: EnumDisplayDevices:
[2018.12.03-20.09.50:814][  0]LogWindows:    0. 'Intel(R) HD Graphics 630' (P:1 D:1)
[2018.12.03-20.09.50:815][  0]LogWindows:    1. 'Intel(R) HD Graphics 630' (P:0 D:0)
[2018.12.03-20.09.50:816][  0]LogWindows:    2. 'Intel(R) HD Graphics 630' (P:0 D:0)
[2018.12.03-20.09.50:816][  0]LogWindows: DebugString: PrimaryIsNotTheChoosenAdapter PrimaryIsNotTheChoosenAdapter PrimaryIsNotTheChoosenAdapter FoundDriverCount:0 
[2018.12.03-20.09.50:816][  0]LogD3D11RHI:     Adapter Name: NVIDIA GeForce GTX 1050
[2018.12.03-20.09.50:816][  0]LogD3D11RHI:   Driver Version: Unknown (internal:Unknown, unified:Unknown)
[2018.12.03-20.09.50:816][  0]LogD3D11RHI:      Driver Date: Unknown
[2018.12.03-20.09.50:816][  0]LogRHI: Texture pool is 1385 MB (70% of 1979 MB)
[2018.12.03-20.09.50:899][  0]LogD3D11RHI: Async texture creation enabled
[2018.12.03-20.09.50:930][  0]LogD3D11RHI: GPU Timing Frequency: 1000.000000 (Debug: 2 2)
[2018.12.03-20.09.50:932][  0]LogShaderCompilers: Guid format shader working directory is -32 characters bigger than the processId version (../../../../../../Users/Maria/Documents/Unreal Projects/Small-World/smolworld/Intermediate/Shaders/WorkingDirectory/19200/).
[2018.12.03-20.09.50:932][  0]LogShaderCompilers: Cleaned the shader compiler working directory 'C:/Users/Maria/AppData/Local/Temp/UnrealShaderWorkingDir/022D80E14A96568FF37534AB681BFA27/'.
[2018.12.03-20.09.51:894][  0]LogTemp: Display: Loaded TP AllDesktopTargetPlatform
[2018.12.03-20.09.51:927][  0]LogTemp: Display: Loaded TP MacClientTargetPlatform
[2018.12.03-20.09.51:959][  0]LogTemp: Display: Loaded TP MacNoEditorTargetPlatform
[2018.12.03-20.09.51:990][  0]LogTemp: Display: Loaded TP MacServerTargetPlatform
[2018.12.03-20.09.52:024][  0]LogTemp: Display: Loaded TP MacTargetPlatform
[2018.12.03-20.09.52:056][  0]LogTemp: Display: Loaded TP WindowsClientTargetPlatform
[2018.12.03-20.09.52:089][  0]LogTemp: Display: Loaded TP WindowsNoEditorTargetPlatform
[2018.12.03-20.09.52:122][  0]LogTemp: Display: Loaded TP WindowsServerTargetPlatform
[2018.12.03-20.09.52:139][  0]LogTemp: Display: Loaded TP WindowsTargetPlatform
[2018.12.03-20.09.52:319][  0]LogTemp: Display: Loaded TP AndroidTargetPlatform
[2018.12.03-20.09.52:319][  0]LogTemp: Display: Loaded TP AndroidTargetPlatform
[2018.12.03-20.09.52:319][  0]LogTemp: Display: Loaded TP AndroidTargetPlatform
[2018.12.03-20.09.52:319][  0]LogTemp: Display: Loaded TP AndroidTargetPlatform
[2018.12.03-20.09.52:319][  0]LogTemp: Display: Loaded TP AndroidTargetPlatform
[2018.12.03-20.09.52:319][  0]LogTemp: Display: Loaded TP AndroidTargetPlatform
[2018.12.03-20.09.52:319][  0]LogTemp: Display: Loaded TP AndroidTargetPlatform
[2018.12.03-20.09.52:319][  0]LogTemp: Display: Loaded TP AndroidTargetPlatform
[2018.12.03-20.09.52:319][  0]LogTemp: Display: Loaded TP AndroidTargetPlatform
[2018.12.03-20.09.52:319][  0]LogTemp: Display: Loaded TP AndroidTargetPlatform
[2018.12.03-20.09.52:319][  0]LogTemp: Display: Loaded TP AndroidTargetPlatform
[2018.12.03-20.09.52:319][  0]LogTemp: Display: Loaded TP AndroidTargetPlatform
[2018.12.03-20.09.52:319][  0]LogTemp: Display: Loaded TP AndroidTargetPlatform
[2018.12.03-20.09.52:319][  0]LogTemp: Display: Loaded TP AndroidTargetPlatform
[2018.12.03-20.09.52:319][  0]LogTemp: Display: Loaded TP AndroidTargetPlatform
[2018.12.03-20.09.52:319][  0]LogTemp: Display: Loaded TP AndroidTargetPlatform
[2018.12.03-20.09.52:319][  0]LogTemp: Display: Loaded TP AndroidTargetPlatform
[2018.12.03-20.09.52:319][  0]LogTemp: Display: Loaded TP AndroidTargetPlatform
[2018.12.03-20.09.52:322][  0]LogTemp: Display: Loaded TP HTML5TargetPlatform
[2018.12.03-20.09.52:417][  0]LogTemp: Display: Loaded TP IOSTargetPlatform
[2018.12.03-20.09.52:417][  0]LogTemp: Display: Loaded TP IOSTargetPlatform
[2018.12.03-20.09.52:469][  0]LogTemp: Display: Loaded TP TVOSTargetPlatform
[2018.12.03-20.09.52:469][  0]LogTemp: Display: Loaded TP TVOSTargetPlatform
[2018.12.03-20.09.52:496][  0]LogTemp: Display: Loaded TP LinuxClientTargetPlatform
[2018.12.03-20.09.52:523][  0]LogTemp: Display: Loaded TP LinuxNoEditorTargetPlatform
[2018.12.03-20.09.52:550][  0]LogTemp: Display: Loaded TP LinuxServerTargetPlatform
[2018.12.03-20.09.52:579][  0]LogTemp: Display: Loaded TP LinuxTargetPlatform
[2018.12.03-20.09.52:600][  0]LogTemp: Display: Loaded TP LuminTargetPlatform
[2018.12.03-20.09.52:600][  0]LogTargetPlatformManager: Display: Building Assets For Windows
[2018.12.03-20.09.52:768][  0]LogXGEController: Cannot use XGE Controller as Incredibuild is not installed on this machine.
[2018.12.03-20.09.52:768][  0]LogShaderCompilers: Cannot use XGE Shader Compiler as Incredibuild is not installed on this machine.
[2018.12.03-20.09.52:768][  0]LogShaderCompilers: Display: Using Local Shader Compiler.
[2018.12.03-20.09.54:418][  0]LogDerivedDataCache: Display: Max Cache Size: 512 MB
[2018.12.03-20.09.54:513][  0]LogDerivedDataCache: Loaded boot cache 0.10s 71MB C:/Users/Maria/AppData/Local/UnrealEngine/4.20/DerivedDataCache/Boot.ddc.
[2018.12.03-20.09.54:513][  0]LogDerivedDataCache: Display: Loaded Boot cache: C:/Users/Maria/AppData/Local/UnrealEngine/4.20/DerivedDataCache/Boot.ddc
[2018.12.03-20.09.54:514][  0]LogDerivedDataCache: FDerivedDataBackendGraph:  Pak pak cache file ../../../../../../Users/Maria/Documents/Unreal Projects/Small-World/smolworld/DerivedDataCache/DDC.ddp not found, will not use a pak cache.
[2018.12.03-20.09.54:514][  0]LogDerivedDataCache: Unable to find inner node Pak for hierarchical cache Hierarchy.
[2018.12.03-20.09.54:514][  0]LogDerivedDataCache: FDerivedDataBackendGraph:  CompressedPak pak cache file ../../../../../../Users/Maria/Documents/Unreal Projects/Small-World/smolworld/DerivedDataCache/Compressed.ddp not found, will not use a pak cache.
[2018.12.03-20.09.54:514][  0]LogDerivedDataCache: Unable to find inner node CompressedPak for hierarchical cache Hierarchy.
[2018.12.03-20.09.54:536][  0]LogDerivedDataCache: Display: Pak cache opened for reading ../../../Engine/DerivedDataCache/Compressed.ddp.
[2018.12.03-20.09.54:550][  0]LogDerivedDataCache: Using Local data cache path C:/Users/Maria/AppData/Local/UnrealEngine/Common/DerivedDataCache: Writable
[2018.12.03-20.09.54:550][  0]LogDerivedDataCache: Shared data cache path not found in *engine.ini, will not use an Shared cache.
[2018.12.03-20.09.54:550][  0]LogDerivedDataCache: Unable to find inner node Shared for hierarchical cache Hierarchy.
[2018.12.03-20.09.54:588][  0]LogMaterial: Verifying Global Shaders for PCD3D_SM5
[2018.12.03-20.09.54:590][  0]LogSlate: Using FreeType 2.6.0
[2018.12.03-20.09.54:592][  0]LogSlate: SlateFontServices - WITH_FREETYPE: 1, WITH_HARFBUZZ: 1
[2018.12.03-20.09.54:734][  0]LogAssetRegistry: FAssetRegistry took 0.0309 seconds to start up
[2018.12.03-20.09.55:461][  0]LogInit: Selected Device Profile: [Windows]
[2018.12.03-20.09.55:730][  0]LogSimplygon: Simplygon DLL not present - disabling.
[2018.12.03-20.09.55:741][  0]LogMeshReduction: Using SimplygonSwarm for distributed automatic mesh merging
[2018.12.03-20.09.55:741][  0]LogMeshReduction: Using ProxyLODMeshReduction for automatic mesh merging
[2018.12.03-20.09.55:741][  0]LogMeshReduction: Using QuadricMeshReduction for automatic static mesh reduction
[2018.12.03-20.09.55:741][  0]LogMeshReduction: No automatic skeletal mesh reduction module available
[2018.12.03-20.09.55:776][  0]LogNetVersion: smolworld 1.0.0, NetCL: 4212847, EngineNetVer: 5, GameNetVer: 0 (Checksum: 2808104013)
[2018.12.03-20.09.56:758][  0]LogPackageLocalizationCache: Processed 11 localized package path(s) for 2 prioritized culture(s) in 0.215622 seconds
[2018.12.03-20.09.56:770][  0]LogUObjectArray: 38425 objects as part of root set at end of initial load.
[2018.12.03-20.09.56:770][  0]LogUObjectAllocator: 6690872 out of 0 bytes used by permanent object pool.
[2018.12.03-20.09.56:770][  0]LogUObjectArray: CloseDisregardForGC: 0/0 objects in disregard for GC pool
[2018.12.03-20.09.58:652][  0]LogTcpMessaging: Initializing TcpMessaging bridge
[2018.12.03-20.09.58:667][  0]LogUdpMessaging: Initializing bridge on interface 0.0.0.0:0 to multicast group 230.0.0.1:6666.
[2018.12.03-20.09.58:900][  0]SourceControl: Source control is disabled
[2018.12.03-20.09.58:901][  0]SourceControl: Source control is disabled
[2018.12.03-20.09.58:904][  0]SourceControl: Source control is disabled
[2018.12.03-20.09.58:906][  0]SourceControl: Source control is disabled
[2018.12.03-20.09.59:147][  0]LogAndroidPermission: UAndroidPermissionCallbackProxy::GetInstance
[2018.12.03-20.09.59:290][  0]LogOcInput: OculusInput pre-init called
[2018.12.03-20.09.59:408][  0]LogEngine: Initializing Engine...
[2018.12.03-20.09.59:410][  0]LogHMD: Failed to initialize OpenVR with code 110
[2018.12.03-20.09.59:412][  0]LogStats: UGameplayTagsManager::ConstructGameplayTagTree: ImportINI prefixes -  0.000 s
[2018.12.03-20.09.59:412][  0]LogStats: UGameplayTagsManager::ConstructGameplayTagTree: Construct from data asset -  0.000 s
[2018.12.03-20.09.59:413][  0]LogStats: UGameplayTagsManager::ConstructGameplayTagTree: ImportINI -  0.000 s
[2018.12.03-20.09.59:413][  0]LogStats: UGameplayTagsManager::ConstructGameplayTagTree: GameplayTagTreeChangedEvent.Broadcast -  0.000 s
[2018.12.03-20.09.59:803][  0]LogInit: Initializing FReadOnlyCVARCache
[2018.12.03-20.09.59:840][  0]LogAIModule: Creating AISystem for world Untitled
[2018.12.03-20.09.59:875][  0]LogInit: XAudio2 using 'Speakers (Realtek High Definition Audio)' : 2 channels at 48 kHz using 32 bits per sample (channel mask 0x3)
[2018.12.03-20.10.00:071][  0]LogInit: FAudioDevice initialized.
[2018.12.03-20.10.00:071][  0]LogNetVersion: Set ProjectVersion to 1.0.0.0. Version Checksum will be recalculated on next use.
[2018.12.03-20.10.00:140][  0]LogDerivedDataCache: Saved boot cache 0.07s 71MB C:/Users/Maria/AppData/Local/UnrealEngine/4.20/DerivedDataCache/Boot.ddc.
[2018.12.03-20.10.00:152][  0]LogInit: Texture streaming: Enabled
[2018.12.03-20.10.00:201][  0]LogEngineSessionManager: EngineSessionManager initialized
[2018.12.03-20.10.00:234][  0]LogInit: Transaction tracking system initialized
[2018.12.03-20.10.00:306][  0]BlueprintLog: New page: Editor Load
[2018.12.03-20.10.00:546][  0]LocalizationService: Localization service is disabled
[2018.12.03-20.10.01:036][  0]LogCook: Display: Max memory allowance for cook 16384mb min free memory 0mb
[2018.12.03-20.10.01:036][  0]LogCook: Display: Mobile HDR setting 1
[2018.12.03-20.10.01:036][  0]LogGameplayTags: Display: UGameplayTagsManager::DoneAddingNativeTags. DelegateIsBound: 0
[2018.12.03-20.10.01:036][  0]LogStats: UGameplayTagsManager::ConstructGameplayTagTree: ImportINI prefixes -  0.000 s
[2018.12.03-20.10.01:036][  0]LogStats: UGameplayTagsManager::ConstructGameplayTagTree: Construct from data asset -  0.000 s
[2018.12.03-20.10.01:037][  0]LogStats: UGameplayTagsManager::ConstructGameplayTagTree: ImportINI -  0.000 s
[2018.12.03-20.10.01:037][  0]LogStats: UGameplayTagsManager::ConstructGameplayTagTree: GameplayTagTreeChangedEvent.Broadcast -  0.000 s
[2018.12.03-20.10.01:301][  0]LogFileCache: Scanning file cache for directory 'C:/Users/Maria/Documents/Unreal Projects/Small-World/smolworld/Content/' took 0.02s
[2018.12.03-20.10.01:321][  0]SourceControl: Source control is disabled
[2018.12.03-20.10.01:322][  0]Cmd: MAP LOAD FILE="../../../../../../Users/Maria/Documents/Unreal Projects/Small-World/smolworld/Content/FirstPersonBP/Maps/FirstPersonExampleMap.umap" TEMPLATE=0 SHOWPROGRESS=1 FEATURELEVEL=3
[2018.12.03-20.10.01:323][  0]LightingResults: New page: Lighting Build
[2018.12.03-20.10.01:331][  0]MapCheck: New page: Map Check
[2018.12.03-20.10.01:331][  0]LightingResults: New page: Lighting Build
[2018.12.03-20.10.02:428][  0]LogAIModule: Creating AISystem for world FirstPersonExampleMap
[2018.12.03-20.10.02:447][  0]LogEditorServer: Finished looking for orphan Actors (0.000 secs)
[2018.12.03-20.10.02:484][  0]Cmd: MAP CHECKDEP NOCLEARLOG
[2018.12.03-20.10.02:701][  0]MapCheck: Map check complete: 0 Error(s), 0 Warning(s), took 217.609ms to complete.
[2018.12.03-20.10.02:701][  0]LogFileHelpers: Loading map 'FirstPersonExampleMap' took 1.380
[2018.12.03-20.10.02:856][  0]LogSlate: Updating window title bar state: overlay mode, drag disabled, window buttons hidden, title bar hidden
[2018.12.03-20.10.02:872][  0]LogSlate: Updating window title bar state: overlay mode, drag disabled, window buttons hidden, title bar hidden
[2018.12.03-20.10.02:886][  0]LogSlate: Updating window title bar state: overlay mode, drag disabled, window buttons hidden, title bar hidden
[2018.12.03-20.10.02:902][  0]LogSlate: Updating window title bar state: overlay mode, drag disabled, window buttons hidden, title bar hidden
[2018.12.03-20.10.02:921][  0]LogCollectionManager: Loaded 0 collections in 0.006519 seconds
[2018.12.03-20.10.02:975][  0]LogFileCache: Scanning file cache for directory 'C:/Users/Maria/Documents/Unreal Projects/Small-World/smolworld/Saved/Collections/' took 0.01s
[2018.12.03-20.10.02:975][  0]LogFileCache: Scanning file cache for directory 'C:/Users/Maria/Documents/Unreal Projects/Small-World/smolworld/Content/Developers/Maria/Collections/' took 0.01s
[2018.12.03-20.10.02:975][  0]LogFileCache: Scanning file cache for directory 'C:/Users/Maria/Documents/Unreal Projects/Small-World/smolworld/Content/Collections/' took 0.01s
[2018.12.03-20.10.02:975][  0]LogCollectionManager: Rebuilt the GUID cache for 0 collections in 0.000000 seconds
[2018.12.03-20.10.02:993][  0]LogContentBrowser: Native class hierarchy populated in 0.0190 seconds. Added 2572 classes and 603 folders.
[2018.12.03-20.10.03:011][  0]LogContentBrowser: Native class hierarchy updated for 'WidgetCarousel' in 0.0005 seconds. Added 0 classes and 0 folders.
[2018.12.03-20.10.03:148][  0]LogContentBrowser: Native class hierarchy updated for 'AddContentDialog' in 0.0004 seconds. Added 0 classes and 0 folders.
[2018.12.03-20.10.03:158][  0]LogContentBrowser: Native class hierarchy updated for 'SceneOutliner' in 0.0005 seconds. Added 1 classes and 2 folders.
[2018.12.03-20.10.03:184][  0]LogSlate: Took 0.000343 seconds to synchronously load lazily loaded font '../../../Engine/Content/Slate/Fonts/Roboto-Regular.ttf' (155K)
[2018.12.03-20.10.03:188][  0]LogSlate: Took 0.000369 seconds to synchronously load lazily loaded font '../../../Engine/Content/Slate/Fonts/Roboto-Bold.ttf' (160K)
[2018.12.03-20.10.03:202][  0]LogSlate: Took 0.000803 seconds to synchronously load lazily loaded font '../../../Engine/Content/Editor/Slate/Fonts/FontAwesome.ttf' (139K)
[2018.12.03-20.10.03:358][  0]LogRenderer: Reallocating scene render targets to support 812x456 Format 9 NumSamples 1 (Frame:1).
[2018.12.03-20.10.03:566][  0]LogContentBrowser: Native class hierarchy updated for 'HierarchicalLODOutliner' in 0.0005 seconds. Added 0 classes and 0 folders.
[2018.12.03-20.10.03:566][  0]LogLoad: (Engine Initialization) Total time: 18.49 seconds
[2018.12.03-20.10.03:566][  0]LogLoad: (Engine Initialization) Total Blueprint compile time: 0.00 seconds
[2018.12.03-20.10.03:586][  0]LogWindowsTextInputMethodSystem: Display: IME system now deactivated.
[2018.12.03-20.10.03:610][  0]LogContentStreaming: Texture pool size now 800 MB
[2018.12.03-20.10.03:728][  2]LogAssetRegistry: Asset discovery search completed in 9.0155 seconds
[2018.12.03-20.10.03:731][  2]LogCollectionManager: Rebuilt the object cache for 0 collections in 0.000001 seconds (found 0 objects)
[2018.12.03-20.10.03:731][  2]LogCollectionManager: Fixed up redirectors for 0 collections in 0.000104 seconds (updated 0 objects)
[2018.12.03-20.10.07:678][221]LogSlate: Took 0.000437 seconds to synchronously load lazily loaded font '../../../Engine/Content/Slate/Fonts/Roboto-Light.ttf' (167K)
[2018.12.03-20.10.18:935][894]LogSlate: FSceneViewport::OnFocusLost() reason 0
[2018.12.03-20.10.20:160][966]LogSlate: Took 0.000492 seconds to synchronously load lazily loaded font '../../../Engine/Content/Slate/Fonts/Roboto-Light.ttf' (167K)
[2018.12.03-20.10.20:579][966]LogAIModule: Creating AISystem for world small
[2018.12.03-20.10.20:593][966]LogMaterial: Warning: Material /Game/smallworld/Meshes/bulb_shade.bulb_shade needed to have new flag set bUsedWithInstancedStaticMeshes !
[2018.12.03-20.10.20:601][966]LogMaterial: Display: Missing cached shader map for material bulb_shade, compiling. 
[2018.12.03-20.10.20:804][966]MapCheck: Warning: bulb_shade Material /Game/smallworld/Meshes/bulb_shade.bulb_shade was missing the usage flag bUsedWithInstancedStaticMeshes. If the material asset is not re-saved, it may not render correctly when run outside the editor. Fix
[2018.12.03-20.10.20:812][966]LogShaderCompilers: Display: Shaders left to compile 99
[2018.12.03-20.10.20:812][966]LogShaderCompilers: Display: Shaders left to compile 89
[2018.12.03-20.10.20:812][966]LogShaderCompilers: Display: Shaders left to compile 79
[2018.12.03-20.10.20:812][966]LogShaderCompilers: Display: Shaders left to compile 69
[2018.12.03-20.10.20:827][966]LogAssetEditorManager: Opening Asset editor for World /Game/smallworld/small.small
[2018.12.03-20.10.20:861][966]Cmd: MAP LOAD FILE="../../../../../../Users/Maria/Documents/Unreal Projects/Small-World/smolworld/Content/smallworld/small.umap" TEMPLATE=0 SHOWPROGRESS=1 FEATURELEVEL=3
[2018.12.03-20.10.20:861][966]LightingResults: New page: Lighting Build
[2018.12.03-20.10.20:862][966]LoadErrors: New page: Loading map: small.umap
[2018.12.03-20.10.20:864][966]MapCheck: New page: Map Check
[2018.12.03-20.10.20:864][966]LightingResults: New page: Lighting Build
[2018.12.03-20.10.20:912][966]LogEditorServer: Finished looking for orphan Actors (0.000 secs)
[2018.12.03-20.10.21:006][966]Cmd: MAP CHECKDEP NOCLEARLOG
[2018.12.03-20.10.21:257][966]MapCheck: Map check complete: 0 Error(s), 0 Warning(s), took 250.868ms to complete.
[2018.12.03-20.10.21:259][966]LogFileHelpers: Loading map 'small' took 0.399
[2018.12.03-20.10.24:438][116]LogSlate: Window 'Message Log' being destroyed
[2018.12.03-20.10.26:541][236]LogTemp: Repeating last play command: Selected Viewport
[2018.12.03-20.10.28:523][236]LogPlayLevel: PlayLevel: No blueprints needed recompiling
[2018.12.03-20.10.28:535][236]PIE: New page: PIE session: small (Dec 3, 2018, 4:10:28 AM)
[2018.12.03-20.10.28:536][236]LogPlayLevel: Creating play world package: /Game/smallworld/UEDPIE_0_small
[2018.12.03-20.10.28:550][236]LogPlayLevel: PIE: StaticDuplicateObject took: (0.014446s)
[2018.12.03-20.10.28:551][236]LogAIModule: Creating AISystem for world small
[2018.12.03-20.10.28:552][236]LogPlayLevel: PIE: World Init took: (0.001370s)
[2018.12.03-20.10.28:552][236]LogPlayLevel: PIE: Created PIE world by copying editor world from /Game/smallworld/small.small to /Game/smallworld/UEDPIE_0_small.small (0.016112s)
[2018.12.03-20.10.28:593][236]LogInit: XAudio2 using 'Speakers (Realtek High Definition Audio)' : 2 channels at 48 kHz using 32 bits per sample (channel mask 0x3)
[2018.12.03-20.10.28:638][236]LogInit: FAudioDevice initialized.
[2018.12.03-20.10.28:688][236]LogLoad: Game class is 'FirstPersonGameMode_C'
[2018.12.03-20.10.28:694][236]LogWorld: Bringing World /Game/smallworld/UEDPIE_0_small.small up for play (max tick rate 60) at 2018.12.03-12.10.28
[2018.12.03-20.10.28:694][236]LogWorld: Bringing up level for play took: 0.003841
[2018.12.03-20.10.28:723][236]LogContentBrowser: Native class hierarchy updated for 'MovieSceneCapture' in 0.0005 seconds. Added 10 classes and 0 folders.
[2018.12.03-20.10.28:727][236]PIE: Play in editor start time for /Game/smallworld/UEDPIE_0_small 0.775
[2018.12.03-20.10.28:789][237]LogCharacterMovement: Warning: GetSimulationTimeStep() - Max iterations 8 hit while remaining time 0.098313 > MaxSimulationTimeStep (0.050) for 'FirstPersonCharacter_C_0', movement 'Walking'
[2018.12.03-20.10.29:775][290]LogScript: Warning: Accessed None trying to read property CallFunc_GetAnimInstance_ReturnValue
	FirstPersonCharacter_C /Game/smallworld/UEDPIE_0_small.small:PersistentLevel.FirstPersonCharacter_C_0
	Function /Game/FirstPersonBP/Blueprints/FirstPersonCharacter.FirstPersonCharacter_C:ExecuteUbergraph_FirstPersonCharacter:0053
[2018.12.03-20.10.29:775][290]PIE: Error: Blueprint Runtime Error: "Accessed None trying to read property CallFunc_GetAnimInstance_ReturnValue". Blueprint:  FirstPersonCharacter Function:  Execute Ubergraph First Person Character Graph:  EventGraph Node:  Montage Play
[2018.12.03-20.10.37:262][736]LogShaderCompilers: Display: Shaders left to compile 59
[2018.12.03-20.10.48:217][381]LogShaderCompilers: Display: Shaders left to compile 49
[2018.12.03-20.11.17:703][139]LogShaderCompilers: Display: Shaders left to compile 39
[2018.12.03-20.11.25:236][588]LogShaderCompilers: Display: Shaders left to compile 29
[2018.12.03-20.11.44:637][744]LogShaderCompilers: Display: Shaders left to compile 19
[2018.12.03-20.12.00:756][707]LogShaderCompilers: Display: Shaders left to compile 9
[2018.12.03-20.15.33:453][436]LogScript: Warning: Accessed None trying to read property CallFunc_GetAnimInstance_ReturnValue
	FirstPersonCharacter_C /Game/smallworld/UEDPIE_0_small.small:PersistentLevel.FirstPersonCharacter_C_0
	Function /Game/FirstPersonBP/Blueprints/FirstPersonCharacter.FirstPersonCharacter_C:ExecuteUbergraph_FirstPersonCharacter:0053
[2018.12.03-20.15.33:453][436]PIE: Error: Blueprint Runtime Error: "Accessed None trying to read property CallFunc_GetAnimInstance_ReturnValue". Blueprint:  FirstPersonCharacter Function:  Execute Ubergraph First Person Character Graph:  EventGraph Node:  Montage Play
[2018.12.03-20.15.38:854][760]LogSlate: Updating window title bar state: overlay mode, drag disabled, window buttons hidden, title bar hidden
[2018.12.03-20.15.38:897][760]LogPlayLevel: Display: Shutting down PIE online subsystems
[2018.12.03-20.15.38:933][760]LogSlate: Updating window title bar state: overlay mode, drag disabled, window buttons hidden, title bar hidden
[2018.12.03-20.15.38:996][761]LogPlayLevel: Display: Destroying online subsystem :Context_1
[2018.12.03-20.15.40:431][837]LogSlate: FSceneViewport::OnFocusLost() reason 0
[2018.12.03-20.15.53:033][573]LogSlate: FSceneViewport::OnFocusLost() reason 0
[2018.12.03-20.15.56:746][793]LogEditorViewport: Clicking on Actor (LMB): Landscape (Landscape1)
[2018.12.03-20.15.57:957][860]LogEditorViewport: Clicking on Actor (context menu): Landscape (Landscape1)
[2018.12.03-20.15.58:000][860]LogSlate: FSceneViewport::OnFocusLost() reason 2
[2018.12.03-20.15.59:467][946]LogTemp: Repeating last play command: Selected Viewport
[2018.12.03-20.15.59:498][946]LogPlayLevel: PlayLevel: No blueprints needed recompiling
[2018.12.03-20.15.59:498][946]PIE: New page: PIE session: small (Dec 3, 2018, 4:15:59 AM)
[2018.12.03-20.15.59:498][946]LogPlayLevel: Creating play world package: /Game/smallworld/UEDPIE_0_small
[2018.12.03-20.15.59:512][946]LogPlayLevel: PIE: StaticDuplicateObject took: (0.013545s)
[2018.12.03-20.15.59:513][946]LogAIModule: Creating AISystem for world small
[2018.12.03-20.15.59:514][946]LogPlayLevel: PIE: World Init took: (0.001434s)
[2018.12.03-20.15.59:514][946]LogPlayLevel: PIE: Created PIE world by copying editor world from /Game/smallworld/small.small to /Game/smallworld/UEDPIE_0_small.small (0.015264s)
[2018.12.03-20.15.59:565][946]LogInit: XAudio2 using 'Speakers (Realtek High Definition Audio)' : 2 channels at 48 kHz using 32 bits per sample (channel mask 0x3)
[2018.12.03-20.15.59:608][946]LogInit: FAudioDevice initialized.
[2018.12.03-20.15.59:645][946]LogLoad: Game class is 'FirstPersonGameMode_C'
[2018.12.03-20.15.59:649][946]LogWorld: Bringing World /Game/smallworld/UEDPIE_0_small.small up for play (max tick rate 60) at 2018.12.03-12.15.59
[2018.12.03-20.15.59:650][946]LogWorld: Bringing up level for play took: 0.003577
[2018.12.03-20.15.59:666][946]PIE: Play in editor start time for /Game/smallworld/UEDPIE_0_small -0.286
[2018.12.03-20.16.00:218][973]LogScript: Warning: Accessed None trying to read property CallFunc_GetAnimInstance_ReturnValue
	FirstPersonCharacter_C /Game/smallworld/UEDPIE_0_small.small:PersistentLevel.FirstPersonCharacter_C_0
	Function /Game/FirstPersonBP/Blueprints/FirstPersonCharacter.FirstPersonCharacter_C:ExecuteUbergraph_FirstPersonCharacter:0053
[2018.12.03-20.16.00:218][973]PIE: Error: Blueprint Runtime Error: "Accessed None trying to read property CallFunc_GetAnimInstance_ReturnValue". Blueprint:  FirstPersonCharacter Function:  Execute Ubergraph First Person Character Graph:  EventGraph Node:  Montage Play
[2018.12.03-20.16.12:889][733]LogScript: Warning: Accessed None trying to read property CallFunc_GetAnimInstance_ReturnValue
	FirstPersonCharacter_C /Game/smallworld/UEDPIE_0_small.small:PersistentLevel.FirstPersonCharacter_C_0
	Function /Game/FirstPersonBP/Blueprints/FirstPersonCharacter.FirstPersonCharacter_C:ExecuteUbergraph_FirstPersonCharacter:0053
[2018.12.03-20.16.12:890][733]PIE: Error: Blueprint Runtime Error: "Accessed None trying to read property CallFunc_GetAnimInstance_ReturnValue". Blueprint:  FirstPersonCharacter Function:  Execute Ubergraph First Person Character Graph:  EventGraph Node:  Montage Play
[2018.12.03-20.16.13:407][764]LogScript: Warning: Accessed None trying to read property CallFunc_GetAnimInstance_ReturnValue
	FirstPersonCharacter_C /Game/smallworld/UEDPIE_0_small.small:PersistentLevel.FirstPersonCharacter_C_0
	Function /Game/FirstPersonBP/Blueprints/FirstPersonCharacter.FirstPersonCharacter_C:ExecuteUbergraph_FirstPersonCharacter:0053
[2018.12.03-20.16.13:407][764]PIE: Error: Blueprint Runtime Error: "Accessed None trying to read property CallFunc_GetAnimInstance_ReturnValue". Blueprint:  FirstPersonCharacter Function:  Execute Ubergraph First Person Character Graph:  EventGraph Node:  Montage Play
[2018.12.03-20.16.14:740][844]LogScript: Warning: Accessed None trying to read property CallFunc_GetAnimInstance_ReturnValue
	FirstPersonCharacter_C /Game/smallworld/UEDPIE_0_small.small:PersistentLevel.FirstPersonCharacter_C_0
	Function /Game/FirstPersonBP/Blueprints/FirstPersonCharacter.FirstPersonCharacter_C:ExecuteUbergraph_FirstPersonCharacter:0053
[2018.12.03-20.16.14:740][844]PIE: Error: Blueprint Runtime Error: "Accessed None trying to read property CallFunc_GetAnimInstance_ReturnValue". Blueprint:  FirstPersonCharacter Function:  Execute Ubergraph First Person Character Graph:  EventGraph Node:  Montage Play
[2018.12.03-20.21.29:495][592]LogSlate: FSceneViewport::OnFocusLost() reason 0
[2018.12.03-20.21.31:300][676]LogSlate: FSceneViewport::OnFocusLost() reason 2
[2018.12.03-20.21.31:303][676]LogSlate: Updating window title bar state: overlay mode, drag disabled, window buttons hidden, title bar hidden
[2018.12.03-20.21.31:346][676]LogPlayLevel: Display: Shutting down PIE online subsystems
[2018.12.03-20.21.31:384][676]LogSlate: Updating window title bar state: overlay mode, drag disabled, window buttons hidden, title bar hidden
[2018.12.03-20.21.31:430][677]LogPlayLevel: Display: Destroying online subsystem :Context_3
[2018.12.03-20.21.32:475][731]LogSlate: FSceneViewport::OnFocusLost() reason 0
[2018.12.03-20.21.34:272][735]LogSlate: Window 'Save Content' being destroyed
[2018.12.03-20.21.34:295][735]LogSlate: FSceneViewport::OnFocusLost() reason 2
[2018.12.03-20.21.34:840][735]LogSavePackage: Moving '../../../../../../Users/Maria/Documents/Unreal Projects/Small-World/smolworld/Saved/small760C549F406AD4B6162521B5703748D2.tmp' to '../../../../../../Users/Maria/Documents/Unreal Projects/Small-World/smolworld/Content/smallworld/small.umap'
[2018.12.03-20.21.34:896][735]LogFileHelpers: Saving map 'small' took 0.572
[2018.12.03-20.21.35:020][735]LogSlate: Window 'smolworld - Unreal Editor' being destroyed
[2018.12.03-20.21.35:273][736]Cmd: QUIT_EDITOR
[2018.12.03-20.21.35:861][736]LogWindowsTextInputMethodSystem: Display: IME system now deactivated.
[2018.12.03-20.21.35:904][736]LogExit: Preparing to exit.
[2018.12.03-20.21.36:149][736]LogExit: Editor shut down
[2018.12.03-20.21.36:151][736]LogExit: Transaction tracking system shut down
[2018.12.03-20.21.37:458][736]LogExit: Object subsystem successfully closed.
[2018.12.03-20.21.37:513][736]LogShaderCompilers: Display: Shaders left to compile 0
[2018.12.03-20.21.37:568][736]LogD3D11RHI: Shutdown
[2018.12.03-20.21.37:568][736]LogD3D11RHI: CleanupD3DDevice
[2018.12.03-20.21.37:576][736]LogD3D11RHI: ~FD3D11DynamicRHI
[2018.12.03-20.21.37:884][736]LogModuleManager: Shutting down and abandoning module MovieSceneCapture (614)
[2018.12.03-20.21.37:885][736]LogModuleManager: Shutting down and abandoning module Voice (612)
[2018.12.03-20.21.37:886][736]LogModuleManager: Shutting down and abandoning module HierarchicalLODOutliner (610)
[2018.12.03-20.21.37:886][736]LogModuleManager: Shutting down and abandoning module SceneOutliner (608)
[2018.12.03-20.21.37:886][736]LogModuleManager: Shutting down and abandoning module AddContentDialog (606)
[2018.12.03-20.21.37:889][736]LogModuleManager: Shutting down and abandoning module WidgetCarousel (605)
[2018.12.03-20.21.37:889][736]LogModuleManager: Shutting down and abandoning module EditorWidgets (602)
[2018.12.03-20.21.37:889][736]LogModuleManager: Shutting down and abandoning module CollectionManager (600)
[2018.12.03-20.21.37:890][736]LogModuleManager: Shutting down and abandoning module StatsViewer (598)
[2018.12.03-20.21.37:890][736]LogModuleManager: Shutting down and abandoning module FoliageEdit (596)
[2018.12.03-20.21.37:891][736]LogModuleManager: Shutting down and abandoning module LandscapeEditor (594)
[2018.12.03-20.21.37:892][736]LogModuleManager: Shutting down and abandoning module MeshPaintMode (592)
[2018.12.03-20.21.37:892][736]LogModuleManager: Shutting down and abandoning module SceneDepthPickerMode (590)
[2018.12.03-20.21.37:893][736]LogModuleManager: Shutting down and abandoning module ActorPickerMode (588)
[2018.12.03-20.21.37:893][736]LogModuleManager: Shutting down and abandoning module GeometryMode (586)
[2018.12.03-20.21.37:894][736]LogModuleManager: Shutting down and abandoning module TextureAlignMode (584)
[2018.12.03-20.21.37:894][736]LogModuleManager: Shutting down and abandoning module BspMode (582)
[2018.12.03-20.21.37:895][736]LogModuleManager: Shutting down and abandoning module PIEPreviewDeviceProfileSelector (580)
[2018.12.03-20.21.37:895][736]LogModuleManager: Shutting down and abandoning module SequenceRecorderSections (578)
[2018.12.03-20.21.37:896][736]LogModuleManager: Shutting down and abandoning module AutomationWorker (576)
[2018.12.03-20.21.37:896][736]LogModuleManager: Shutting down and abandoning module AudioCaptureEditor (574)
[2018.12.03-20.21.37:897][736]LogModuleManager: Shutting down and abandoning module SequenceRecorder (573)
[2018.12.03-20.21.37:897][736]LogModuleManager: Shutting down and abandoning module MatineeToLevelSequence (570)
[2018.12.03-20.21.37:898][736]LogModuleManager: Shutting down and abandoning module LevelSequenceEditor (568)
[2018.12.03-20.21.37:899][736]LogModuleManager: Shutting down and abandoning module PlacementMode (567)
[2018.12.03-20.21.37:899][736]LogModuleManager: Shutting down and abandoning module MaterialEditor (566)
[2018.12.03-20.21.37:899][736]LogModuleManager: Shutting down and abandoning module WmfMediaFactory (562)
[2018.12.03-20.21.37:900][736]LogModuleManager: Shutting down and abandoning module WmfMediaEditor (560)
[2018.12.03-20.21.37:900][736]LogModuleManager: Shutting down and abandoning module MediaPlayerEditor (558)
[2018.12.03-20.21.37:901][736]LogModuleManager: Shutting down and abandoning module OpenExrWrapper (556)
[2018.12.03-20.21.37:902][736]LogModuleManager: Shutting down and abandoning module ImgMediaFactory (554)
[2018.12.03-20.21.37:902][736]LogModuleManager: Shutting down and abandoning module ImgMediaEditor (552)
[2018.12.03-20.21.37:902][736]LogModuleManager: Shutting down and abandoning module AvfMediaFactory (550)
[2018.12.03-20.21.37:903][736]LogModuleManager: Shutting down and abandoning module AvfMediaEditor (548)
[2018.12.03-20.21.37:903][736]LogModuleManager: Shutting down and abandoning module AndroidMediaFactory (546)
[2018.12.03-20.21.37:903][736]LogModuleManager: Shutting down and abandoning module AndroidMediaEditor (544)
[2018.12.03-20.21.37:904][736]LogModuleManager: Shutting down and abandoning module MagicLeapCameraPreviewFactory (542)
[2018.12.03-20.21.37:904][736]LogModuleManager: Shutting down and abandoning module MagicLeapMediaFactory (540)
[2018.12.03-20.21.37:904][736]LogModuleManager: Shutting down and abandoning module MagicLeapMediaEditor (538)
[2018.12.03-20.21.37:905][736]LogModuleManager: Shutting down and abandoning module CharacterAI (536)
[2018.12.03-20.21.37:905][736]LogModuleManager: Shutting down and abandoning module SmartSnapping (534)
[2018.12.03-20.21.37:905][736]LogModuleManager: Shutting down and abandoning module SessionServices (532)
[2018.12.03-20.21.37:906][736]LogModuleManager: Shutting down and abandoning module ViewportSnapping (530)
[2018.12.03-20.21.37:906][736]LogModuleManager: Shutting down and abandoning module ViewportInteraction (528)
[2018.12.03-20.21.37:906][736]LogModuleManager: Shutting down and abandoning module ClothPainter (526)
[2018.12.03-20.21.37:906][736]LogModuleManager: Shutting down and abandoning module SkeletalMeshEditor (525)
[2018.12.03-20.21.37:907][736]LogModuleManager: Shutting down and abandoning module LogVisualizer (522)
[2018.12.03-20.21.37:907][736]LogModuleManager: Shutting down and abandoning module IntroTutorials (520)
[2018.12.03-20.21.37:909][736]LogModuleManager: Shutting down and abandoning module GameProjectGeneration (519)
[2018.12.03-20.21.37:909][736]LogModuleManager: Shutting down and abandoning module LuminPlatformEditor (516)
[2018.12.03-20.21.37:909][736]LogModuleManager: Shutting down and abandoning module IOSPlatformEditor (514)
[2018.12.03-20.21.37:910][736]LogModuleManager: Shutting down and abandoning module HTML5PlatformEditor (512)
[2018.12.03-20.21.37:910][736]LogModuleManager: Shutting down and abandoning module AndroidPlatformEditor (510)
[2018.12.03-20.21.37:910][736]LogModuleManager: Shutting down and abandoning module AndroidDeviceDetection (509)
[2018.12.03-20.21.37:989][736]LogModuleManager: Shutting down and abandoning module WindowsPlatformEditor (506)
[2018.12.03-20.21.37:989][736]LogModuleManager: Shutting down and abandoning module LuminRuntimeSettings (504)
[2018.12.03-20.21.37:989][736]LogModuleManager: Shutting down and abandoning module IOSRuntimeSettings (502)
[2018.12.03-20.21.37:989][736]LogModuleManager: Shutting down and abandoning module AndroidRuntimeSettings (500)
[2018.12.03-20.21.37:989][736]LogModuleManager: Shutting down and abandoning module InputBindingEditor (498)
[2018.12.03-20.21.37:989][736]LogModuleManager: Shutting down and abandoning module MergeActors (496)
[2018.12.03-20.21.37:990][736]LogModuleManager: Shutting down and abandoning module LocalizationDashboard (494)
[2018.12.03-20.21.37:990][736]LogModuleManager: Shutting down and abandoning module LocalizationService (493)
[2018.12.03-20.21.37:990][736]LogModuleManager: Shutting down and abandoning module HardwareTargeting (490)
[2018.12.03-20.21.37:990][736]LogModuleManager: Shutting down and abandoning module DeviceProfileEditor (488)
[2018.12.03-20.21.37:990][736]LogModuleManager: Shutting down and abandoning module UndoHistory (486)
[2018.12.03-20.21.37:991][736]LogModuleManager: Shutting down and abandoning module XmlParser (484)
[2018.12.03-20.21.37:991][736]LogModuleManager: Shutting down and abandoning module Blutility (482)
[2018.12.03-20.21.37:991][736]LogModuleManager: Shutting down and abandoning module ProjectSettingsViewer (480)
[2018.12.03-20.21.37:991][736]LogModuleManager: Shutting down and abandoning module ProjectTargetPlatformEditor (479)
[2018.12.03-20.21.37:992][736]LogModuleManager: Shutting down and abandoning module EditorSettingsViewer (476)
[2018.12.03-20.21.37:992][736]LogModuleManager: Shutting down and abandoning module SettingsEditor (474)
[2018.12.03-20.21.37:992][736]LogModuleManager: Shutting down and abandoning module ProjectLauncher (472)
[2018.12.03-20.21.37:992][736]LogModuleManager: Shutting down and abandoning module SessionFrontend (470)
[2018.12.03-20.21.37:992][736]LogModuleManager: Shutting down and abandoning module ProfilerClient (468)
[2018.12.03-20.21.37:993][736]LogModuleManager: Shutting down and abandoning module DeviceManager (466)
[2018.12.03-20.21.37:993][736]LogModuleManager: Shutting down and abandoning module TargetDeviceServices (465)
[2018.12.03-20.21.38:048][736]LogModuleManager: Shutting down and abandoning module AutomationController (462)
[2018.12.03-20.21.38:048][736]LogModuleManager: Shutting down and abandoning module AutomationWindow (460)
[2018.12.03-20.21.38:048][736]LogModuleManager: Shutting down and abandoning module Layers (458)
[2018.12.03-20.21.38:048][736]LogModuleManager: Shutting down and abandoning module ComponentVisualizers (456)
[2018.12.03-20.21.38:048][736]LogModuleManager: Shutting down and abandoning module DetailCustomizations (454)
[2018.12.03-20.21.38:048][736]LogModuleManager: Shutting down and abandoning module PackagesDialog (452)
[2018.12.03-20.21.38:049][736]LogModuleManager: Shutting down and abandoning module Persona (450)
[2018.12.03-20.21.38:049][736]LogModuleManager: Shutting down and abandoning module AdvancedPreviewScene (449)
[2018.12.03-20.21.38:049][736]LogModuleManager: Shutting down and abandoning module AnimGraph (447)
[2018.12.03-20.21.38:049][736]LogModuleManager: Shutting down and abandoning module Kismet (444)
[2018.12.03-20.21.38:050][736]LogModuleManager: Shutting down and abandoning module GraphEditor (442)
[2018.12.03-20.21.38:050][736]LogModuleManager: Shutting down and abandoning module ClassViewer (440)
[2018.12.03-20.21.38:050][736]LogModuleManager: Shutting down and abandoning module Toolbox (438)
[2018.12.03-20.21.38:050][736]LogModuleManager: Shutting down and abandoning module ModuleUI (436)
[2018.12.03-20.21.38:050][736]LogModuleManager: Shutting down and abandoning module MovieSceneTools (434)
[2018.12.03-20.21.38:050][736]LogModuleManager: Shutting down and abandoning module OutputLog (432)
[2018.12.03-20.21.38:050][736]LogModuleManager: Shutting down and abandoning module GammaUI (430)
[2018.12.03-20.21.38:051][736]LogModuleManager: Shutting down and abandoning module Documentation (428)
[2018.12.03-20.21.38:051][736]LogModuleManager: Shutting down and abandoning module MovieSceneTracks (426)
[2018.12.03-20.21.38:051][736]LogModuleManager: Shutting down and abandoning module MovieScene (424)
[2018.12.03-20.21.38:051][736]LogModuleManager: Shutting down and abandoning module StreamingPauseRendering (422)
[2018.12.03-20.21.38:051][736]LogModuleManager: Shutting down and abandoning module LauncherPlatform (420)
[2018.12.03-20.21.38:051][736]LogModuleManager: Shutting down and abandoning module AnalyticsET (418)
[2018.12.03-20.21.38:051][736]LogModuleManager: Shutting down and abandoning module PortalServices (416)
[2018.12.03-20.21.38:051][736]LogModuleManager: Shutting down and abandoning module PortalRpc (414)
[2018.12.03-20.21.38:051][736]LogModuleManager: Shutting down and abandoning module MessagingRpc (412)
[2018.12.03-20.21.38:051][736]LogModuleManager: Shutting down and abandoning module AIModule (410)
[2018.12.03-20.21.38:051][736]LogModuleManager: Shutting down and abandoning module GameplayDebugger (409)
[2018.12.03-20.21.38:052][736]LogModuleManager: Shutting down and abandoning module AITestSuite (407)
[2018.12.03-20.21.38:052][736]LogModuleManager: Shutting down and abandoning module NavigationSystem (405)
[2018.12.03-20.21.38:052][736]LogModuleManager: Shutting down and abandoning module DesktopPlatform (402)
[2018.12.03-20.21.38:052][736]LogModuleManager: Shutting down and abandoning module ProfilerService (400)
[2018.12.03-20.21.38:274][736]LogModuleManager: Shutting down and abandoning module TaskGraph (398)
[2018.12.03-20.21.38:274][736]LogModuleManager: Shutting down and abandoning module SteamVRController (396)
[2018.12.03-20.21.38:274][736]LogModuleManager: Shutting down and abandoning module ProceduralMeshComponentEditor (394)
[2018.12.03-20.21.38:274][736]LogModuleManager: Shutting down and abandoning module ProceduralMeshComponent (392)
[2018.12.03-20.21.38:274][736]LogModuleManager: Shutting down and abandoning module OculusInput (390)
[2018.12.03-20.21.38:275][736]LogModuleManager: Shutting down and abandoning module MobilePatchingUtils (388)
[2018.12.03-20.21.38:275][736]LogModuleManager: Shutting down and abandoning module EditableMesh (386)
[2018.12.03-20.21.38:275][736]LogModuleManager: Shutting down and abandoning module CustomMeshComponent (384)
[2018.12.03-20.21.38:275][736]LogModuleManager: Shutting down and abandoning module CableComponent (382)
[2018.12.03-20.21.38:275][736]LogModuleManager: Shutting down and abandoning module AudioCapture (380)
[2018.12.03-20.21.38:275][736]LogModuleManager: Shutting down and abandoning module ArchVisCharacter (378)
[2018.12.03-20.21.38:275][736]LogModuleManager: Shutting down and abandoning module AndroidPermission (376)
[2018.12.03-20.21.38:275][736]LogModuleManager: Shutting down and abandoning module NUTUnrealEngine4 (374)
[2018.12.03-20.21.38:275][736]LogModuleManager: Shutting down and abandoning module NetcodeUnitTest (372)
[2018.12.03-20.21.38:275][736]LogModuleManager: Shutting down and abandoning module MediaCompositingEditor (370)
[2018.12.03-20.21.38:275][736]LogModuleManager: Shutting down and abandoning module MediaCompositing (368)
[2018.12.03-20.21.38:275][736]LogModuleManager: Shutting down and abandoning module LinearTimecode (366)
[2018.12.03-20.21.38:275][736]LogModuleManager: Shutting down and abandoning module ImgMedia (364)
[2018.12.03-20.21.38:282][736]LogModuleManager: Shutting down and abandoning module HTML5Networking (362)
[2018.12.03-20.21.38:283][736]LogModuleManager: Shutting down and abandoning module GeometryCacheTracks (360)
[2018.12.03-20.21.38:283][736]LogModuleManager: Shutting down and abandoning module GeometryCacheSequencer (358)
[2018.12.03-20.21.38:283][736]LogModuleManager: Shutting down and abandoning module BackChannel (356)
[2018.12.03-20.21.38:283][736]LogModuleManager: Shutting down and abandoning module AppleVision (354)
[2018.12.03-20.21.38:283][736]LogModuleManager: Shutting down and abandoning module AppleImageUtils (352)
[2018.12.03-20.21.38:283][736]LogModuleManager: Shutting down and abandoning module AlembicImporter (350)
[2018.12.03-20.21.38:283][736]LogModuleManager: Shutting down and abandoning module AlembicLibrary (349)
[2018.12.03-20.21.38:283][736]LogModuleManager: Shutting down and abandoning module GeometryCache (348)
[2018.12.03-20.21.38:283][736]LogModuleManager: Shutting down and abandoning module GeometryCacheEd (347)
[2018.12.03-20.21.38:283][736]LogModuleManager: Shutting down and abandoning module DatasmithContentEditor (342)
[2018.12.03-20.21.38:283][736]LogModuleManager: Shutting down and abandoning module DatasmithContent (340)
[2018.12.03-20.21.38:285][736]LogModuleManager: Shutting down and abandoning module SpeedTreeImporter (338)
[2018.12.03-20.21.38:285][736]LogModuleManager: Shutting down and abandoning module PluginBrowser (336)
[2018.12.03-20.21.38:285][736]LogModuleManager: Shutting down and abandoning module MobileLauncherProfileWizard (334)
[2018.12.03-20.21.38:285][736]LogModuleManager: Shutting down and abandoning module PolygonModeling (332)
[2018.12.03-20.21.38:285][736]LogModuleManager: Shutting down and abandoning module MeshEditor (330)
[2018.12.03-20.21.38:285][736]LogModuleManager: Shutting down and abandoning module CryptoKeysOpenSSL (328)
[2018.12.03-20.21.38:285][736]LogModuleManager: Shutting down and abandoning module CryptoKeys (326)
[2018.12.03-20.21.38:286][736]LogModuleManager: Shutting down and abandoning module VisualStudioSourceCodeAccess (324)
[2018.12.03-20.21.38:286][736]LogModuleManager: Shutting down and abandoning module VisualStudioCodeSourceCodeAccess (322)
[2018.12.03-20.21.38:286][736]LogModuleManager: Shutting down and abandoning module UObjectPlugin (320)
[2018.12.03-20.21.38:286][736]LogModuleManager: Shutting down and abandoning module SubversionSourceControl (318)
[2018.12.03-20.21.38:286][736]LogModuleManager: Shutting down and abandoning module PerforceSourceControl (316)
[2018.12.03-20.21.38:286][736]LogModuleManager: Shutting down and abandoning module GitSourceControl (314)
[2018.12.03-20.21.38:286][736]LogModuleManager: Shutting down and abandoning module SourceControl (313)
[2018.12.03-20.21.38:286][736]LogModuleManager: Shutting down and abandoning module CLionSourceCodeAccess (310)
[2018.12.03-20.21.38:286][736]LogModuleManager: Shutting down and abandoning module LightPropagationVolumeEditor (308)
[2018.12.03-20.21.38:286][736]LogModuleManager: Shutting down and abandoning module PaperTiledImporter (306)
[2018.12.03-20.21.38:286][736]LogModuleManager: Shutting down and abandoning module PaperSpriteSheetImporter (304)
[2018.12.03-20.21.38:286][736]LogModuleManager: Shutting down and abandoning module Paper2DEditor (302)
[2018.12.03-20.21.38:287][736]LogModuleManager: Shutting down and abandoning module MeshPaint (301)
[2018.12.03-20.21.38:287][736]LogModuleManager: Shutting down and abandoning module RuntimePhysXCooking (298)
[2018.12.03-20.21.38:287][736]LogModuleManager: Shutting down and abandoning module PhysXVehiclesEditor (296)
[2018.12.03-20.21.38:287][736]LogModuleManager: Shutting down and abandoning module PhysXVehicles (294)
[2018.12.03-20.21.38:287][736]LogModuleManager: Shutting down and abandoning module OculusEditor (292)
[2018.12.03-20.21.38:288][736]LogModuleManager: Shutting down and abandoning module LocationServicesBPLibrary (290)
[2018.12.03-20.21.38:288][736]LogModuleManager: Shutting down and abandoning module ImmediatePhysicsEditor (288)
[2018.12.03-20.21.38:288][736]LogModuleManager: Shutting down and abandoning module ImmediatePhysics (286)
[2018.12.03-20.21.38:288][736]LogModuleManager: Shutting down and abandoning module ActorSequence (284)
[2018.12.03-20.21.38:288][736]LogModuleManager: Shutting down and abandoning module UdpMessaging (282)
[2018.12.03-20.21.38:389][736]LogModuleManager: Shutting down and abandoning module TcpMessaging (280)
[2018.12.03-20.21.38:490][736]LogModuleManager: Shutting down and abandoning module MagicLeapAudio (278)
[2018.12.03-20.21.38:490][736]LogModuleManager: Shutting down and abandoning module GameplayTagsEditor (276)
[2018.12.03-20.21.38:490][736]LogModuleManager: Shutting down and abandoning module FacialAnimationEditor (274)
[2018.12.03-20.21.38:491][736]LogModuleManager: Shutting down and abandoning module FacialAnimation (272)
[2018.12.03-20.21.38:491][736]LogModuleManager: Shutting down and abandoning module DataValidation (270)
[2018.12.03-20.21.38:491][736]LogModuleManager: Shutting down and abandoning module AssetManagerEditor (268)
[2018.12.03-20.21.38:491][736]LogModuleManager: Shutting down and abandoning module LevelEditor (267)
[2018.12.03-20.21.38:495][736]LogModuleManager: Shutting down and abandoning module PixelInspectorModule (266)
[2018.12.03-20.21.38:495][736]LogModuleManager: Shutting down and abandoning module CommonMenuExtensions (264)
[2018.12.03-20.21.38:496][736]LogModuleManager: Shutting down and abandoning module MainFrame (262)
[2018.12.03-20.21.38:497][736]LogModuleManager: Shutting down and abandoning module HotReload (261)
[2018.12.03-20.21.38:499][736]LogModuleManager: Shutting down and abandoning module ContentBrowser (257)
[2018.12.03-20.21.38:505][736]LogModuleManager: Shutting down and abandoning module TreeMap (255)
[2018.12.03-20.21.38:505][736]LogModuleManager: Shutting down and abandoning module LightPropagationVolumeRuntime (252)
[2018.12.03-20.21.38:505][736]LogModuleManager: Shutting down and abandoning module AISupportModule (250)
[2018.12.03-20.21.38:506][736]LogModuleManager: Shutting down and abandoning module Paper2D (248)
[2018.12.03-20.21.38:506][736]LogModuleManager: Shutting down and abandoning module WindowsMoviePlayer (246)
[2018.12.03-20.21.38:506][736]LogModuleManager: Shutting down and abandoning module WmfMedia (244)
[2018.12.03-20.21.38:509][736]LogModuleManager: Shutting down and abandoning module Media (243)
[2018.12.03-20.21.38:516][736]LogModuleManager: Shutting down and abandoning module PacketHandler (240)
[2018.12.03-20.21.38:516][736]LogModuleManager: Shutting down and abandoning module ClothingSystemEditor (238)
[2018.12.03-20.21.38:516][736]LogModuleManager: Shutting down and abandoning module ClothingSystemRuntime (236)
[2018.12.03-20.21.38:516][736]LogModuleManager: Shutting down and abandoning module MediaAssets (234)
[2018.12.03-20.21.38:517][736]LogModuleManager: Shutting down and abandoning module Overlay (232)
[2018.12.03-20.21.38:517][736]LogModuleManager: Shutting down and abandoning module OverlayEditor (231)
[2018.12.03-20.21.38:517][736]LogModuleManager: Shutting down and abandoning module VREditor (228)
[2018.12.03-20.21.38:517][736]LogModuleManager: Shutting down and abandoning module StringTableEditor (226)
[2018.12.03-20.21.38:517][736]LogModuleManager: Shutting down and abandoning module GameplayTasksEditor (224)
[2018.12.03-20.21.38:518][736]LogModuleManager: Shutting down and abandoning module BehaviorTreeEditor (222)
[2018.12.03-20.21.38:518][736]LogModuleManager: Shutting down and abandoning module FunctionalTesting (220)
[2018.12.03-20.21.38:518][736]LogModuleManager: Shutting down and abandoning module CollisionAnalyzer (218)
[2018.12.03-20.21.38:518][736]LogModuleManager: Shutting down and abandoning module WorkspaceMenuStructure (217)
[2018.12.03-20.21.38:519][736]LogModuleManager: Shutting down and abandoning module UMG (214)
[2018.12.03-20.21.38:519][736]LogModuleManager: Shutting down and abandoning module UMGEditor (213)
[2018.12.03-20.21.38:519][736]LogModuleManager: Shutting down and abandoning module Sequencer (212)
[2018.12.03-20.21.38:520][736]LogModuleManager: Shutting down and abandoning module MessageLog (209)
[2018.12.03-20.21.38:521][736]LogModuleManager: Shutting down and abandoning module SlateReflector (204)
[2018.12.03-20.21.38:521][736]LogModuleManager: Shutting down and abandoning module Slate (202)
[2018.12.03-20.21.38:521][736]LogModuleManager: Shutting down and abandoning module EditorStyle (200)
[2018.12.03-20.21.38:527][736]LogModuleManager: Shutting down and abandoning module MRMesh (198)
[2018.12.03-20.21.38:527][736]LogModuleManager: Shutting down and abandoning module SourceCodeAccess (196)
[2018.12.03-20.21.38:527][736]LogModuleManager: Shutting down and abandoning module HeadMountedDisplay (194)
[2018.12.03-20.21.38:527][736]LogModuleManager: Shutting down and abandoning module XAudio2 (192)
[2018.12.03-20.21.38:527][736]LogModuleManager: Shutting down and abandoning module Networking (190)
[2018.12.03-20.21.38:528][736]LogModuleManager: Shutting down and abandoning module Core (188)
[2018.12.03-20.21.38:528][736]LogModuleManager: Shutting down and abandoning module LevelSequence (186)
[2018.12.03-20.21.38:528][736]LogModuleManager: Shutting down and abandoning module KismetCompiler (184)
[2018.12.03-20.21.38:528][736]LogModuleManager: Shutting down and abandoning module MeshUtilities (182)
[2018.12.03-20.21.38:528][736]LogModuleManager: Shutting down and abandoning module MeshMergeUtilities (181)
[2018.12.03-20.21.38:528][736]LogModuleManager: Shutting down and abandoning module MeshReductionInterface (180)
[2018.12.03-20.21.38:529][736]LogModuleManager: Shutting down and abandoning module SimplygonSwarm (179)
[2018.12.03-20.21.38:529][736]LogModuleManager: Shutting down and abandoning module ProxyLODMeshReduction (177)
[2018.12.03-20.21.38:529][736]LogModuleManager: Shutting down and abandoning module SimplygonMeshReduction (175)
[2018.12.03-20.21.38:530][736]LogModuleManager: Shutting down and abandoning module QuadricMeshReduction (173)
[2018.12.03-20.21.38:531][736]LogModuleManager: Shutting down and abandoning module MaterialBaking (169)
[2018.12.03-20.21.38:531][736]LogModuleManager: Shutting down and abandoning module DirectoryWatcher (165)
[2018.12.03-20.21.38:531][736]LogModuleManager: Shutting down and abandoning module DerivedDataCache (162)
[2018.12.03-20.21.38:571][736]LogDerivedDataCache: Shutdown
[2018.12.03-20.21.38:571][736]LogModuleManager: Shutting down and abandoning module XGEController (160)
[2018.12.03-20.21.38:571][736]LogModuleManager: Shutting down and abandoning module TargetPlatform (158)
[2018.12.03-20.21.38:571][736]LogModuleManager: Shutting down and abandoning module VulkanShaderFormat (157)
[2018.12.03-20.21.38:571][736]LogModuleManager: Shutting down and abandoning module ShaderFormatVectorVM (155)
[2018.12.03-20.21.38:571][736]LogModuleManager: Shutting down and abandoning module ShaderFormatOpenGL (153)
[2018.12.03-20.21.38:572][736]LogModuleManager: Shutting down and abandoning module ShaderFormatD3D (151)
[2018.12.03-20.21.38:572][736]LogModuleManager: Shutting down and abandoning module MetalShaderFormat (149)
[2018.12.03-20.21.38:572][736]LogModuleManager: Shutting down and abandoning module TextureFormatUncompressed (147)
[2018.12.03-20.21.38:572][736]LogModuleManager: Shutting down and abandoning module TextureFormatPVR (145)
[2018.12.03-20.21.38:572][736]LogModuleManager: Shutting down and abandoning module TextureFormatDXT (143)
[2018.12.03-20.21.38:572][736]LogModuleManager: Shutting down and abandoning module TextureFormatIntelISPCTexComp (141)
[2018.12.03-20.21.38:572][736]LogModuleManager: Shutting down and abandoning module TextureFormatASTC (139)
[2018.12.03-20.21.38:572][736]LogModuleManager: Shutting down and abandoning module ImageWrapper (138)
[2018.12.03-20.21.38:572][736]LogModuleManager: Shutting down and abandoning module TextureFormatAndroid (135)
[2018.12.03-20.21.38:573][736]LogModuleManager: Shutting down and abandoning module AudioFormatOpus (133)
[2018.12.03-20.21.38:573][736]LogModuleManager: Shutting down and abandoning module AudioFormatOgg (131)
[2018.12.03-20.21.38:573][736]LogModuleManager: Shutting down and abandoning module AudioFormatADPCM (129)
[2018.12.03-20.21.38:573][736]LogModuleManager: Shutting down and abandoning module LuminTargetPlatform (127)
[2018.12.03-20.21.38:573][736]LogModuleManager: Shutting down and abandoning module LinuxTargetPlatform (125)
[2018.12.03-20.21.38:573][736]LogModuleManager: Shutting down and abandoning module LinuxServerTargetPlatform (123)
[2018.12.03-20.21.38:573][736]LogModuleManager: Shutting down and abandoning module LinuxNoEditorTargetPlatform (121)
[2018.12.03-20.21.38:573][736]LogModuleManager: Shutting down and abandoning module LinuxClientTargetPlatform (119)
[2018.12.03-20.21.38:573][736]LogModuleManager: Shutting down and abandoning module TVOSTargetPlatform (117)
[2018.12.03-20.21.38:574][736]LogModuleManager: Shutting down and abandoning module Messaging (115)
[2018.12.03-20.21.38:574][736]LogModuleManager: Shutting down and abandoning module IOSTargetPlatform (113)
[2018.12.03-20.21.38:576][736]LogModuleManager: Shutting down and abandoning module HTML5TargetPlatform (111)
[2018.12.03-20.21.38:576][736]LogModuleManager: Shutting down and abandoning module AndroidTargetPlatform (109)
[2018.12.03-20.21.38:591][736]LogModuleManager: Shutting down and abandoning module WindowsTargetPlatform (107)
[2018.12.03-20.21.38:591][736]LogModuleManager: Shutting down and abandoning module WindowsServerTargetPlatform (105)
[2018.12.03-20.21.38:591][736]LogModuleManager: Shutting down and abandoning module WindowsNoEditorTargetPlatform (103)
[2018.12.03-20.21.38:591][736]LogModuleManager: Shutting down and abandoning module WindowsClientTargetPlatform (101)
[2018.12.03-20.21.38:591][736]LogModuleManager: Shutting down and abandoning module MacTargetPlatform (99)
[2018.12.03-20.21.38:592][736]LogModuleManager: Shutting down and abandoning module MacServerTargetPlatform (97)
[2018.12.03-20.21.38:592][736]LogModuleManager: Shutting down and abandoning module MacNoEditorTargetPlatform (95)
[2018.12.03-20.21.38:592][736]LogModuleManager: Shutting down and abandoning module MacClientTargetPlatform (93)
[2018.12.03-20.21.38:592][736]LogModuleManager: Shutting down and abandoning module AllDesktopTargetPlatform (91)
[2018.12.03-20.21.38:592][736]LogModuleManager: Shutting down and abandoning module InputCore (88)
[2018.12.03-20.21.38:592][736]LogModuleManager: Shutting down and abandoning module Settings (86)
[2018.12.03-20.21.38:592][736]LogModuleManager: Shutting down and abandoning module PhysXCooking (84)
[2018.12.03-20.21.38:592][736]LogModuleManager: Shutting down and abandoning module SteamVR (82)
[2018.12.03-20.21.38:592][736]LogModuleManager: Shutting down and abandoning module OculusHMD (80)
[2018.12.03-20.21.38:592][736]LogModuleManager: Shutting down and abandoning module ExampleDeviceProfileSelector (78)
[2018.12.03-20.21.38:592][736]LogModuleManager: Shutting down and abandoning module LauncherChunkInstaller (76)
[2018.12.03-20.21.38:592][736]LogModuleManager: Shutting down and abandoning module OnlineBlueprintSupport (74)
[2018.12.03-20.21.38:593][736]LogModuleManager: Shutting down and abandoning module OnlineSubsystem (70)
[2018.12.03-20.21.38:594][736]LogModuleManager: Shutting down and abandoning module XMPP (65)
[2018.12.03-20.21.38:594][736]LogModuleManager: Shutting down and abandoning module WebSockets (64)
[2018.12.03-20.21.38:609][736]LogModuleManager: Shutting down and abandoning module HTTP (61)
[2018.12.03-20.21.38:609][736]LogHttp: Display: Http module shutting down, but needs to wait on 1 outstanding Http requests:
[2018.12.03-20.21.38:609][736]LogHttp: Display: 	verb=[POST] url=[https://datarouter.ol.epicgames.com/datarouter/api/v1/public/data?SessionID=%7B6A9BB99D-41C9-A66E-0699-ECA40DA7C04E%7D&AppID=UEEditor.Rocket.Release&AppVersion=4.20.3-4369336%2B%2B%2BUE4%2BRelease-4.20&UserID=a6256bd0408472d2b653c782d73510f2%7C5bb51a77674340abbe5c8d267c700432%7C40b7f538-e62e-4616-9190-600d7c7a6793&AppEnvironment=datacollector-binary&UploadType=eteventstream] status=Processing
[2018.12.03-20.21.38:638][736]LogModuleManager: Shutting down and abandoning module SSL (60)
[2018.12.03-20.21.38:642][736]LogModuleManager: Shutting down and abandoning module MagicLeapEmulator (56)
[2018.12.03-20.21.38:642][736]LogModuleManager: Shutting down and abandoning module MagicLeapPrivileges (54)
[2018.12.03-20.21.38:642][736]LogModuleManager: Shutting down and abandoning module MagicLeapIdentity (52)
[2018.12.03-20.21.38:642][736]LogModuleManager: Shutting down and abandoning module MagicLeapHelperVulkan (50)
[2018.12.03-20.21.38:642][736]LogModuleManager: Shutting down and abandoning module MagicLeapHelperOpenGL (48)
[2018.12.03-20.21.38:642][736]LogModuleManager: Shutting down and abandoning module MagicLeapSecureStorage (46)
[2018.12.03-20.21.38:642][736]LogModuleManager: Shutting down and abandoning module MagicLeapGestures (44)
[2018.12.03-20.21.38:643][736]LogModuleManager: Shutting down and abandoning module MagicLeapEyeTracker (42)
[2018.12.03-20.21.38:643][736]LogModuleManager: Shutting down and abandoning module MagicLeapController (40)
[2018.12.03-20.21.38:643][736]LogSlate: Slate User Destroyed.  User Index 0, Is Virtual User: 0
[2018.12.03-20.21.38:643][736]LogModuleManager: Shutting down and abandoning module MagicLeap (38)
[2018.12.03-20.21.38:643][736]LogModuleManager: Shutting down and abandoning module AnimationModifiers (36)
[2018.12.03-20.21.38:643][736]LogModuleManager: Shutting down and abandoning module PropertyEditor (35)
[2018.12.03-20.21.38:644][736]LogModuleManager: Shutting down and abandoning module AudioEditor (32)
[2018.12.03-20.21.38:644][736]LogModuleManager: Shutting down and abandoning module TextureCompressor (30)
[2018.12.03-20.21.38:644][736]LogModuleManager: Shutting down and abandoning module ShaderCore (28)
[2018.12.03-20.21.38:644][736]LogModuleManager: Shutting down and abandoning module Landscape (26)
[2018.12.03-20.21.38:644][736]LogModuleManager: Shutting down and abandoning module SlateRHIRenderer (24)
[2018.12.03-20.21.38:645][736]LogModuleManager: Shutting down and abandoning module OpenGLDrv (22)
[2018.12.03-20.21.38:645][736]LogModuleManager: Shutting down and abandoning module D3D11RHI (20)
[2018.12.03-20.21.38:646][736]LogModuleManager: Shutting down and abandoning module AnimGraphRuntime (18)
[2018.12.03-20.21.38:646][736]LogModuleManager: Shutting down and abandoning module Renderer (16)
[2018.12.03-20.21.38:646][736]LogModuleManager: Shutting down and abandoning module Engine (14)
[2018.12.03-20.21.38:646][736]LogModuleManager: Shutting down and abandoning module CoreUObject (12)
[2018.12.03-20.21.38:646][736]LogModuleManager: Shutting down and abandoning module NetworkFile (10)
[2018.12.03-20.21.38:646][736]LogModuleManager: Shutting down and abandoning module CookedIterativeFile (8)
[2018.12.03-20.21.38:646][736]LogModuleManager: Shutting down and abandoning module StreamingFile (6)
[2018.12.03-20.21.38:646][736]LogModuleManager: Shutting down and abandoning module SandboxFile (4)
[2018.12.03-20.21.38:646][736]LogModuleManager: Shutting down and abandoning module PakFile (2)
[2018.12.03-20.21.38:662][736]LogExit: Exiting.
[2018.12.03-20.21.38:669][736]Log file closed, 12/03/18 12:21:38
