Log file open, 12/03/18 00:24:48
LogWindows: Failed to load 'aqProf.dll' (GetLastError=126)
LogWindows: File 'aqProf.dll' does not exist
LogWindows: Failed to load 'VSPerf140.dll' (GetLastError=126)
LogWindows: File 'VSPerf140.dll' does not exist
LogWindows: Failed to load 'VtuneApi.dll' (GetLastError=126)
LogWindows: File 'VtuneApi.dll' does not exist
LogWindows: Failed to load 'VtuneApi32e.dll' (GetLastError=126)
LogWindows: File 'VtuneApi32e.dll' does not exist
LogInit: Display: Running engine for game: smolworld
LogPlatformFile: Not using cached read wrapper
LogTaskGraph: Started task graph with 5 named threads and 23 total threads with 3 sets of task threads.
LogStats: Stats thread started at 0.346374
LogD3D11RHI: Loaded GFSDK_Aftermath_Lib.x64.dll
LogICUInternationalization: Display: ICU TimeZone Detection - Raw Offset: -8:00, Platform Override: ''
LogPluginManager: Mounting plugin Paper2D
LogPluginManager: Mounting plugin AISupport
LogPluginManager: Mounting plugin LightPropagationVolume
LogPluginManager: Mounting plugin CLionSourceCodeAccess
LogPluginManager: Mounting plugin CodeLiteSourceCodeAccess
LogPluginManager: Mounting plugin GitSourceControl
LogPluginManager: Mounting plugin KDevelopSourceCodeAccess
LogPluginManager: Mounting plugin NullSourceCodeAccess
LogPluginManager: Mounting plugin PerforceSourceControl
LogPluginManager: Mounting plugin SubversionSourceControl
LogPluginManager: Mounting plugin UObjectPlugin
LogPluginManager: Mounting plugin VisualStudioCodeSourceCodeAccess
LogPluginManager: Mounting plugin VisualStudioSourceCodeAccess
LogPluginManager: Mounting plugin XCodeSourceCodeAccess
LogPluginManager: Mounting plugin AssetManagerEditor
LogPluginManager: Mounting plugin CryptoKeys
LogPluginManager: Mounting plugin DataValidation
LogPluginManager: Mounting plugin FacialAnimation
LogPluginManager: Mounting plugin GameplayTagsEditor
LogPluginManager: Mounting plugin MacGraphicsSwitching
LogPluginManager: Mounting plugin MeshEditor
LogPluginManager: Mounting plugin MobileLauncherProfileWizard
LogPluginManager: Mounting plugin PluginBrowser
LogPluginManager: Mounting plugin SpeedTreeImporter
LogPluginManager: Mounting plugin DatasmithContent
LogPluginManager: Mounting plugin AlembicImporter
LogPluginManager: Mounting plugin AppleImageUtils
LogPluginManager: Mounting plugin AppleVision
LogPluginManager: Mounting plugin BackChannel
LogPluginManager: Mounting plugin CharacterAI
LogPluginManager: Mounting plugin GeometryCache
LogPluginManager: Mounting plugin HTML5Networking
LogPluginManager: Mounting plugin ProxyLODPlugin
LogPluginManager: Mounting plugin MagicLeap
LogPluginManager: Mounting plugin MagicLeapEmulator
LogPluginManager: Mounting plugin MagicLeapMedia
LogPluginManager: Mounting plugin AndroidMedia
LogPluginManager: Mounting plugin AvfMedia
LogPluginManager: Mounting plugin ImgMedia
LogPluginManager: Mounting plugin LinearTimecode
LogPluginManager: Mounting plugin MediaCompositing
LogPluginManager: Mounting plugin MediaPlayerEditor
LogPluginManager: Mounting plugin WmfMedia
LogPluginManager: Mounting plugin TcpMessaging
LogPluginManager: Mounting plugin UdpMessaging
LogPluginManager: Mounting plugin ActorSequence
LogPluginManager: Mounting plugin LevelSequenceEditor
LogPluginManager: Mounting plugin MatineeToLevelSequence
LogPluginManager: Mounting plugin NetcodeUnitTest
LogPluginManager: Mounting plugin NUTUnrealEngine4
LogPluginManager: Mounting plugin OnlineSubsystemGooglePlay
LogPluginManager: Mounting plugin OnlineSubsystemIOS
LogPluginManager: Mounting plugin OnlineSubsystem
LogPluginManager: Mounting plugin OnlineSubsystemNull
LogPluginManager: Mounting plugin OnlineSubsystemUtils
LogPluginManager: Mounting plugin LauncherChunkInstaller
LogPluginManager: Mounting plugin AndroidDeviceProfileSelector
LogPluginManager: Mounting plugin AndroidMoviePlayer
LogPluginManager: Mounting plugin AndroidPermission
LogPluginManager: Mounting plugin AppleMoviePlayer
LogPluginManager: Mounting plugin ArchVisCharacter
LogPluginManager: Mounting plugin AudioCapture
LogPluginManager: Mounting plugin CableComponent
LogPluginManager: Mounting plugin CustomMeshComponent
LogPluginManager: Mounting plugin EditableMesh
LogPluginManager: Mounting plugin ExampleDeviceProfileSelector
LogPluginManager: Mounting plugin GoogleCloudMessaging
LogPluginManager: Mounting plugin ImmediatePhysics
LogPluginManager: Mounting plugin IOSDeviceProfileSelector
LogPluginManager: Mounting plugin LinuxDeviceProfileSelector
LogPluginManager: Mounting plugin LocationServicesBPLibrary
LogPluginManager: Mounting plugin MobilePatchingUtils
LogPluginManager: Mounting plugin OculusVR
LogPluginManager: Plugin shader directory ../../../Engine/Plugins/Runtime/Oculus/OculusVR/Shaders found
LogPluginManager: Mapping shader source directory ../../../Engine/Plugins/Runtime/Oculus/OculusVR/Shaders to virtual directory /Plugin/OculusVR
LogPluginManager: Mounting plugin PhysXVehicles
LogPluginManager: Mounting plugin ProceduralMeshComponent
LogPluginManager: Mounting plugin RuntimePhysXCooking
LogPluginManager: Mounting plugin SteamVR
LogPluginManager: Mounting plugin WindowsMoviePlayer
LogStreaming: Display: Took  0.266s to configure plugins.
LogInit: Using libcurl 7.55.1-DEV
LogInit:  - built for x86_64-pc-win32
LogInit:  - supports SSL with OpenSSL/1.0.2h
LogInit:  - supports HTTP deflate (compression) using libz 1.2.8
LogInit:  - other features:
LogInit:      CURL_VERSION_SSL
LogInit:      CURL_VERSION_LIBZ
LogInit:      CURL_VERSION_IPV6
LogInit:      CURL_VERSION_ASYNCHDNS
LogInit:      CURL_VERSION_LARGEFILE
LogInit:      CURL_VERSION_IDN
LogInit:  CurlRequestOptions (configurable via config and command line):
LogInit:  - bVerifyPeer = false  - Libcurl will NOT verify peer certificate
LogInit:  - bUseHttpProxy = false  - Libcurl will NOT use HTTP proxy
LogInit:  - bDontReuseConnections = false  - Libcurl will reuse connections
LogInit:  - CertBundlePath = nullptr  - Libcurl will use whatever was configured at build time.
LogInit:  - MaxHostConnections = 16  - Libcurl will limit the number of connections to a host
LogInit:  - LocalHostAddr = Default
LogInit:  - BufferSize = 65536
LogInit: WinSock: version 1.1 (2.2), MaxSocks=32767, MaxUdp=65467
LogInit: Build: ++UE4+Release-4.20-CL-4369336
LogInit: Engine Version: 4.20.3-4369336+++UE4+Release-4.20
LogInit: Compatible Engine Version: 4.20.0-4212847+++UE4+Release-4.20
LogInit: Net CL: 4212847
LogInit: OS: Windows 10 (), CPU: Intel(R) Core(TM) i7-7700HQ CPU @ 2.80GHz, GPU: Intel(R) HD Graphics 630
LogInit: Compiled (64-bit): Sep 17 2018 12:26:19
LogInit: Compiled with Visual C++: 19.13.26129.00
LogInit: Build Configuration: Development
LogInit: Branch Name: ++UE4+Release-4.20
LogInit: Command Line: 
LogInit: Base Directory: C:/Program Files/Epic Games/UE_4.20/Engine/Binaries/Win64/
LogInit: Installed Engine Build: 1
LogDevObjectVersion: Number of dev versions registered: 20
LogDevObjectVersion:   Dev-Blueprints (B0D832E4-1F89-4F0D-ACCF-7EB736FD4AA2): 10
LogDevObjectVersion:   Dev-Build (E1C64328-A22C-4D53-A36C-8E866417BD8C): 0
LogDevObjectVersion:   Dev-Core (375EC13C-06E4-48FB-B500-84F0262A717E): 2
LogDevObjectVersion:   Dev-Editor (E4B068ED-F494-42E9-A231-DA0B2E46BB41): 24
LogDevObjectVersion:   Dev-Framework (CFFC743F-43B0-4480-9391-14DF171D2073): 34
LogDevObjectVersion:   Dev-Mobile (B02B49B5-BB20-44E9-A304-32B752E40360): 2
LogDevObjectVersion:   Dev-Networking (A4E4105C-59A1-49B5-A7C5-40C4547EDFEE): 0
LogDevObjectVersion:   Dev-Online (39C831C9-5AE6-47DC-9A44-9C173E1C8E7C): 0
LogDevObjectVersion:   Dev-Physics (78F01B33-EBEA-4F98-B9B4-84EACCB95AA2): 0
LogDevObjectVersion:   Dev-Platform (6631380F-2D4D-43E0-8009-CF276956A95A): 0
LogDevObjectVersion:   Dev-Rendering (12F88B9F-8875-4AFC-A67C-D90C383ABD29): 26
LogDevObjectVersion:   Dev-Sequencer (7B5AE74C-D270-4C10-A958-57980B212A5A): 9
LogDevObjectVersion:   Dev-VR (D7296918-1DD6-4BDD-9DE2-64A83CC13884): 2
LogDevObjectVersion:   Dev-LoadTimes (C2A15278-BFE7-4AFE-6C17-90FF531DF755): 1
LogDevObjectVersion:   Private-Geometry (6EACA3D4-40EC-4CC1-B786-8BED09428FC5): 3
LogDevObjectVersion:   Dev-AnimPhys (29E575DD-E0A3-4627-9D10-D276232CDCEA): 17
LogDevObjectVersion:   Dev-ReflectionCapture (6B266CEC-1EC7-4B8F-A30B-E4D90942FC07): 1
LogDevObjectVersion:   Dev-Automation (0DF73D61-A23F-47EA-B727-89E90C41499A): 1
LogDevObjectVersion:   FortniteMain (601D1886-AC64-4F84-AA16-D3DE0DEAC7D6): 12
LogDevObjectVersion:   Dev-Enterprise (9DFFBCD6-494F-0158-E221-12823C92A888): 1
LogStreaming: Display: Took  0.001s to delete old logs.
LogInit: Presizing for max 8388607 objects, including 0 objects not considered by GC, pre-allocating 0 bytes for permanent pool.
LogInit: Object subsystem initialized
[2018.12.03-08.24.49:187][  0]LogInit: Selected Device Profile: [Windows]
[2018.12.03-08.24.49:187][  0]LogInit: Applying CVar settings loaded from the selected device profile: [Windows]
[2018.12.03-08.24.49:198][  0]LogHAL: Display: Platform has ~ 16 GB [17031376896 / 17179869184 / 16], which maps to Larger [LargestMinGB=32, LargerMinGB=12, DefaultMinGB=8, SmallerMinGB=6, SmallestMinGB=0)
[2018.12.03-08.24.49:198][  0]LogInit: Setting Device Profile CVar: [[r.Vulkan.UseRealUBs:1]]
[2018.12.03-08.24.49:198][  0]LogInit: Going up to parent DeviceProfile []
[2018.12.03-08.24.49:199][  0]LogInit: Computer: TRASH
[2018.12.03-08.24.49:199][  0]LogInit: User: Maria
[2018.12.03-08.24.49:199][  0]LogInit: CPU Page size=4096, Cores=4
[2018.12.03-08.24.49:199][  0]LogInit: High frequency timer resolution =2.742188 MHz
[2018.12.03-08.24.49:200][  0]LogMemory: Memory total: Physical=15.9GB (16GB approx)
[2018.12.03-08.24.49:200][  0]LogMemory: Platform Memory Stats for Windows
[2018.12.03-08.24.49:200][  0]LogMemory: Process Physical Memory: 100.00 MB used, 100.00 MB peak
[2018.12.03-08.24.49:200][  0]LogMemory: Process Virtual Memory: 90.75 MB used, 90.75 MB peak
[2018.12.03-08.24.49:200][  0]LogMemory: Physical Memory: 4917.82 MB used,  11324.57 MB free, 16242.39 MB total
[2018.12.03-08.24.49:200][  0]LogMemory: Virtual Memory: 4630.68 MB used,  11324.57 MB free, 134217728.00 MB total
[2018.12.03-08.24.49:229][  0]LogInit: Using OS detected language (en-US).
[2018.12.03-08.24.49:229][  0]LogInit: Using OS detected locale (en-US).
[2018.12.03-08.24.49:231][  0]LogTextLocalizationManager: No specific localization for 'en-US' exists, so the 'en' localization will be used.
[2018.12.03-08.24.49:713][  0]LogStreaming: Display: Took  0.484s to InitEngineTextLocalization.
[2018.12.03-08.24.49:768][  0]LogSlate: New Slate User Created.  User Index 0, Is Virtual User: 0
[2018.12.03-08.24.49:768][  0]LogSlate: Slate User Registered.  User Index 0, Is Virtual User: 0
[2018.12.03-08.24.50:172][  0]LogHMD: Failed to initialize OpenVR with code 110
[2018.12.03-08.24.50:172][  0]LogD3D11RHI: D3D11 adapters:
[2018.12.03-08.24.50:265][  0]LogD3D11RHI:    0. 'NVIDIA GeForce GTX 1050' (Feature Level 11_0)
[2018.12.03-08.24.50:265][  0]LogD3D11RHI:       1979/0/8121 MB DedicatedVideo/DedicatedSystem/SharedSystem, Outputs:1, VendorId:0x10de
[2018.12.03-08.24.50:276][  0]LogD3D11RHI:    1. 'Intel(R) HD Graphics 630' (Feature Level 11_0)
[2018.12.03-08.24.50:276][  0]LogD3D11RHI:       128/0/8121 MB DedicatedVideo/DedicatedSystem/SharedSystem, Outputs:0, VendorId:0x8086
[2018.12.03-08.24.50:280][  0]LogD3D11RHI:    2. 'Microsoft Basic Render Driver' (Feature Level 11_0)
[2018.12.03-08.24.50:280][  0]LogD3D11RHI:       0/0/8121 MB DedicatedVideo/DedicatedSystem/SharedSystem, Outputs:0, VendorId:0x1414
[2018.12.03-08.24.50:280][  0]LogD3D11RHI: Chosen D3D11 Adapter: 0
[2018.12.03-08.24.50:318][  0]LogD3D11RHI: Creating new Direct3DDevice
[2018.12.03-08.24.50:318][  0]LogD3D11RHI:     GPU DeviceId: 0x1c8d (for the marketing name, search the web for "GPU Device Id")
[2018.12.03-08.24.50:318][  0]LogWindows: EnumDisplayDevices:
[2018.12.03-08.24.50:319][  0]LogWindows:    0. 'Intel(R) HD Graphics 630' (P:1 D:1)
[2018.12.03-08.24.50:320][  0]LogWindows:    1. 'Intel(R) HD Graphics 630' (P:0 D:0)
[2018.12.03-08.24.50:320][  0]LogWindows:    2. 'Intel(R) HD Graphics 630' (P:0 D:0)
[2018.12.03-08.24.50:321][  0]LogWindows: DebugString: PrimaryIsNotTheChoosenAdapter PrimaryIsNotTheChoosenAdapter PrimaryIsNotTheChoosenAdapter FoundDriverCount:0 
[2018.12.03-08.24.50:321][  0]LogD3D11RHI:     Adapter Name: NVIDIA GeForce GTX 1050
[2018.12.03-08.24.50:321][  0]LogD3D11RHI:   Driver Version: Unknown (internal:Unknown, unified:Unknown)
[2018.12.03-08.24.50:321][  0]LogD3D11RHI:      Driver Date: Unknown
[2018.12.03-08.24.50:321][  0]LogRHI: Texture pool is 1385 MB (70% of 1979 MB)
[2018.12.03-08.24.50:386][  0]LogD3D11RHI: Async texture creation enabled
[2018.12.03-08.24.50:410][  0]LogD3D11RHI: GPU Timing Frequency: 1000.000000 (Debug: 2 2)
[2018.12.03-08.24.50:412][  0]LogShaderCompilers: Guid format shader working directory is -31 characters bigger than the processId version (../../../../../../Users/Maria/Documents/Unreal Projects/Small-World/smolworld/Intermediate/Shaders/WorkingDirectory/8752/).
[2018.12.03-08.24.50:412][  0]LogShaderCompilers: Cleaned the shader compiler working directory 'C:/Users/Maria/AppData/Local/Temp/UnrealShaderWorkingDir/428FAE554C9891C71F3482A9E9CF388D/'.
[2018.12.03-08.24.50:852][  0]LogTemp: Display: Loaded TP AllDesktopTargetPlatform
[2018.12.03-08.24.50:878][  0]LogTemp: Display: Loaded TP MacClientTargetPlatform
[2018.12.03-08.24.50:902][  0]LogTemp: Display: Loaded TP MacNoEditorTargetPlatform
[2018.12.03-08.24.50:928][  0]LogTemp: Display: Loaded TP MacServerTargetPlatform
[2018.12.03-08.24.50:956][  0]LogTemp: Display: Loaded TP MacTargetPlatform
[2018.12.03-08.24.50:977][  0]LogTemp: Display: Loaded TP WindowsClientTargetPlatform
[2018.12.03-08.24.51:003][  0]LogTemp: Display: Loaded TP WindowsNoEditorTargetPlatform
[2018.12.03-08.24.51:024][  0]LogTemp: Display: Loaded TP WindowsServerTargetPlatform
[2018.12.03-08.24.51:034][  0]LogTemp: Display: Loaded TP WindowsTargetPlatform
[2018.12.03-08.24.51:161][  0]LogTemp: Display: Loaded TP AndroidTargetPlatform
[2018.12.03-08.24.51:161][  0]LogTemp: Display: Loaded TP AndroidTargetPlatform
[2018.12.03-08.24.51:161][  0]LogTemp: Display: Loaded TP AndroidTargetPlatform
[2018.12.03-08.24.51:161][  0]LogTemp: Display: Loaded TP AndroidTargetPlatform
[2018.12.03-08.24.51:161][  0]LogTemp: Display: Loaded TP AndroidTargetPlatform
[2018.12.03-08.24.51:161][  0]LogTemp: Display: Loaded TP AndroidTargetPlatform
[2018.12.03-08.24.51:161][  0]LogTemp: Display: Loaded TP AndroidTargetPlatform
[2018.12.03-08.24.51:161][  0]LogTemp: Display: Loaded TP AndroidTargetPlatform
[2018.12.03-08.24.51:161][  0]LogTemp: Display: Loaded TP AndroidTargetPlatform
[2018.12.03-08.24.51:161][  0]LogTemp: Display: Loaded TP AndroidTargetPlatform
[2018.12.03-08.24.51:161][  0]LogTemp: Display: Loaded TP AndroidTargetPlatform
[2018.12.03-08.24.51:161][  0]LogTemp: Display: Loaded TP AndroidTargetPlatform
[2018.12.03-08.24.51:161][  0]LogTemp: Display: Loaded TP AndroidTargetPlatform
[2018.12.03-08.24.51:161][  0]LogTemp: Display: Loaded TP AndroidTargetPlatform
[2018.12.03-08.24.51:161][  0]LogTemp: Display: Loaded TP AndroidTargetPlatform
[2018.12.03-08.24.51:161][  0]LogTemp: Display: Loaded TP AndroidTargetPlatform
[2018.12.03-08.24.51:161][  0]LogTemp: Display: Loaded TP AndroidTargetPlatform
[2018.12.03-08.24.51:161][  0]LogTemp: Display: Loaded TP AndroidTargetPlatform
[2018.12.03-08.24.51:163][  0]LogTemp: Display: Loaded TP HTML5TargetPlatform
[2018.12.03-08.24.51:241][  0]LogTemp: Display: Loaded TP IOSTargetPlatform
[2018.12.03-08.24.51:241][  0]LogTemp: Display: Loaded TP IOSTargetPlatform
[2018.12.03-08.24.51:285][  0]LogTemp: Display: Loaded TP TVOSTargetPlatform
[2018.12.03-08.24.51:285][  0]LogTemp: Display: Loaded TP TVOSTargetPlatform
[2018.12.03-08.24.51:306][  0]LogTemp: Display: Loaded TP LinuxClientTargetPlatform
[2018.12.03-08.24.51:326][  0]LogTemp: Display: Loaded TP LinuxNoEditorTargetPlatform
[2018.12.03-08.24.51:343][  0]LogTemp: Display: Loaded TP LinuxServerTargetPlatform
[2018.12.03-08.24.51:361][  0]LogTemp: Display: Loaded TP LinuxTargetPlatform
[2018.12.03-08.24.51:379][  0]LogTemp: Display: Loaded TP LuminTargetPlatform
[2018.12.03-08.24.51:379][  0]LogTargetPlatformManager: Display: Building Assets For Windows
[2018.12.03-08.24.51:494][  0]LogXGEController: Cannot use XGE Controller as Incredibuild is not installed on this machine.
[2018.12.03-08.24.51:494][  0]LogShaderCompilers: Cannot use XGE Shader Compiler as Incredibuild is not installed on this machine.
[2018.12.03-08.24.51:494][  0]LogShaderCompilers: Display: Using Local Shader Compiler.
[2018.12.03-08.24.52:685][  0]LogDerivedDataCache: Display: Max Cache Size: 512 MB
[2018.12.03-08.24.52:945][  0]LogDerivedDataCache: Loaded boot cache 0.07s 71MB C:/Users/Maria/AppData/Local/UnrealEngine/4.20/DerivedDataCache/Boot.ddc.
[2018.12.03-08.24.52:946][  0]LogDerivedDataCache: Display: Loaded Boot cache: C:/Users/Maria/AppData/Local/UnrealEngine/4.20/DerivedDataCache/Boot.ddc
[2018.12.03-08.24.52:946][  0]LogDerivedDataCache: FDerivedDataBackendGraph:  Pak pak cache file ../../../../../../Users/Maria/Documents/Unreal Projects/Small-World/smolworld/DerivedDataCache/DDC.ddp not found, will not use a pak cache.
[2018.12.03-08.24.52:946][  0]LogDerivedDataCache: Unable to find inner node Pak for hierarchical cache Hierarchy.
[2018.12.03-08.24.52:946][  0]LogDerivedDataCache: FDerivedDataBackendGraph:  CompressedPak pak cache file ../../../../../../Users/Maria/Documents/Unreal Projects/Small-World/smolworld/DerivedDataCache/Compressed.ddp not found, will not use a pak cache.
[2018.12.03-08.24.52:946][  0]LogDerivedDataCache: Unable to find inner node CompressedPak for hierarchical cache Hierarchy.
[2018.12.03-08.24.52:964][  0]LogDerivedDataCache: Display: Pak cache opened for reading ../../../Engine/DerivedDataCache/Compressed.ddp.
[2018.12.03-08.24.52:976][  0]LogDerivedDataCache: Using Local data cache path C:/Users/Maria/AppData/Local/UnrealEngine/Common/DerivedDataCache: Writable
[2018.12.03-08.24.52:976][  0]LogDerivedDataCache: Shared data cache path not found in *engine.ini, will not use an Shared cache.
[2018.12.03-08.24.52:976][  0]LogDerivedDataCache: Unable to find inner node Shared for hierarchical cache Hierarchy.
[2018.12.03-08.24.53:002][  0]LogMaterial: Verifying Global Shaders for PCD3D_SM5
[2018.12.03-08.24.53:004][  0]LogSlate: Using FreeType 2.6.0
[2018.12.03-08.24.53:005][  0]LogSlate: SlateFontServices - WITH_FREETYPE: 1, WITH_HARFBUZZ: 1
[2018.12.03-08.24.53:128][  0]LogAssetRegistry: FAssetRegistry took 0.0279 seconds to start up
[2018.12.03-08.24.53:647][  0]LogInit: Selected Device Profile: [Windows]
[2018.12.03-08.24.53:839][  0]LogSimplygon: Simplygon DLL not present - disabling.
[2018.12.03-08.24.53:846][  0]LogMeshReduction: Using SimplygonSwarm for distributed automatic mesh merging
[2018.12.03-08.24.53:846][  0]LogMeshReduction: Using ProxyLODMeshReduction for automatic mesh merging
[2018.12.03-08.24.53:846][  0]LogMeshReduction: Using QuadricMeshReduction for automatic static mesh reduction
[2018.12.03-08.24.53:846][  0]LogMeshReduction: No automatic skeletal mesh reduction module available
[2018.12.03-08.24.53:865][  0]LogNetVersion: smolworld 1.0.0, NetCL: 4212847, EngineNetVer: 5, GameNetVer: 0 (Checksum: 2808104013)
[2018.12.03-08.24.54:585][  0]LogPackageLocalizationCache: Processed 11 localized package path(s) for 2 prioritized culture(s) in 0.155724 seconds
[2018.12.03-08.24.54:592][  0]LogUObjectArray: 38425 objects as part of root set at end of initial load.
[2018.12.03-08.24.54:592][  0]LogUObjectAllocator: 6690872 out of 0 bytes used by permanent object pool.
[2018.12.03-08.24.54:592][  0]LogUObjectArray: CloseDisregardForGC: 0/0 objects in disregard for GC pool
[2018.12.03-08.24.56:123][  0]LogTcpMessaging: Initializing TcpMessaging bridge
[2018.12.03-08.24.56:138][  0]LogUdpMessaging: Initializing bridge on interface 0.0.0.0:0 to multicast group 230.0.0.1:6666.
[2018.12.03-08.24.56:353][  0]SourceControl: Source control is disabled
[2018.12.03-08.24.56:353][  0]SourceControl: Source control is disabled
[2018.12.03-08.24.56:355][  0]SourceControl: Source control is disabled
[2018.12.03-08.24.56:357][  0]SourceControl: Source control is disabled
[2018.12.03-08.24.56:581][  0]LogAndroidPermission: UAndroidPermissionCallbackProxy::GetInstance
[2018.12.03-08.24.56:722][  0]LogOcInput: OculusInput pre-init called
[2018.12.03-08.24.56:832][  0]LogEngine: Initializing Engine...
[2018.12.03-08.24.56:834][  0]LogHMD: Failed to initialize OpenVR with code 110
[2018.12.03-08.24.56:836][  0]LogStats: UGameplayTagsManager::ConstructGameplayTagTree: ImportINI prefixes -  0.000 s
[2018.12.03-08.24.56:836][  0]LogStats: UGameplayTagsManager::ConstructGameplayTagTree: Construct from data asset -  0.000 s
[2018.12.03-08.24.56:836][  0]LogStats: UGameplayTagsManager::ConstructGameplayTagTree: ImportINI -  0.000 s
[2018.12.03-08.24.56:836][  0]LogStats: UGameplayTagsManager::ConstructGameplayTagTree: GameplayTagTreeChangedEvent.Broadcast -  0.000 s
[2018.12.03-08.24.57:225][  0]LogInit: Initializing FReadOnlyCVARCache
[2018.12.03-08.24.57:257][  0]LogAIModule: Creating AISystem for world Untitled
[2018.12.03-08.24.57:291][  0]LogInit: XAudio2 using 'Speakers (Realtek High Definition Audio)' : 2 channels at 48 kHz using 32 bits per sample (channel mask 0x3)
[2018.12.03-08.24.57:404][  0]LogInit: FAudioDevice initialized.
[2018.12.03-08.24.57:404][  0]LogNetVersion: Set ProjectVersion to 1.0.0.0. Version Checksum will be recalculated on next use.
[2018.12.03-08.24.57:464][  0]LogDerivedDataCache: Saved boot cache 0.06s 71MB C:/Users/Maria/AppData/Local/UnrealEngine/4.20/DerivedDataCache/Boot.ddc.
[2018.12.03-08.24.57:487][  0]LogInit: Texture streaming: Enabled
[2018.12.03-08.24.57:530][  0]LogEngineSessionManager: EngineSessionManager initialized
[2018.12.03-08.24.57:556][  0]LogInit: Transaction tracking system initialized
[2018.12.03-08.24.57:612][  0]BlueprintLog: New page: Editor Load
[2018.12.03-08.24.57:792][  0]LocalizationService: Localization service is disabled
[2018.12.03-08.24.58:229][  0]LogCook: Display: Max memory allowance for cook 16384mb min free memory 0mb
[2018.12.03-08.24.58:229][  0]LogCook: Display: Mobile HDR setting 1
[2018.12.03-08.24.58:229][  0]LogGameplayTags: Display: UGameplayTagsManager::DoneAddingNativeTags. DelegateIsBound: 0
[2018.12.03-08.24.58:229][  0]LogStats: UGameplayTagsManager::ConstructGameplayTagTree: ImportINI prefixes -  0.000 s
[2018.12.03-08.24.58:229][  0]LogStats: UGameplayTagsManager::ConstructGameplayTagTree: Construct from data asset -  0.000 s
[2018.12.03-08.24.58:230][  0]LogStats: UGameplayTagsManager::ConstructGameplayTagTree: ImportINI -  0.000 s
[2018.12.03-08.24.58:230][  0]LogStats: UGameplayTagsManager::ConstructGameplayTagTree: GameplayTagTreeChangedEvent.Broadcast -  0.000 s
[2018.12.03-08.24.58:473][  0]LogFileCache: Scanning file cache for directory 'C:/Users/Maria/Documents/Unreal Projects/Small-World/smolworld/Content/' took 0.02s
[2018.12.03-08.24.58:473][  0]SourceControl: Source control is disabled
[2018.12.03-08.24.58:473][  0]Cmd: MAP LOAD FILE="../../../../../../Users/Maria/Documents/Unreal Projects/Small-World/smolworld/Content/FirstPersonBP/Maps/FirstPersonExampleMap.umap" TEMPLATE=0 SHOWPROGRESS=1 FEATURELEVEL=3
[2018.12.03-08.24.58:475][  0]LightingResults: New page: Lighting Build
[2018.12.03-08.24.58:483][  0]MapCheck: New page: Map Check
[2018.12.03-08.24.58:483][  0]LightingResults: New page: Lighting Build
[2018.12.03-08.24.59:541][  0]LogAIModule: Creating AISystem for world FirstPersonExampleMap
[2018.12.03-08.24.59:558][  0]LogEditorServer: Finished looking for orphan Actors (0.000 secs)
[2018.12.03-08.24.59:593][  0]Cmd: MAP CHECKDEP NOCLEARLOG
[2018.12.03-08.24.59:798][  0]MapCheck: Map check complete: 0 Error(s), 0 Warning(s), took 205.432ms to complete.
[2018.12.03-08.24.59:799][  0]LogFileHelpers: Loading map 'FirstPersonExampleMap' took 1.327
[2018.12.03-08.24.59:981][  0]LogSlate: Updating window title bar state: overlay mode, drag disabled, window buttons hidden, title bar hidden
[2018.12.03-08.24.59:996][  0]LogSlate: Updating window title bar state: overlay mode, drag disabled, window buttons hidden, title bar hidden
[2018.12.03-08.25.00:011][  0]LogSlate: Updating window title bar state: overlay mode, drag disabled, window buttons hidden, title bar hidden
[2018.12.03-08.25.00:027][  0]LogSlate: Updating window title bar state: overlay mode, drag disabled, window buttons hidden, title bar hidden
[2018.12.03-08.25.00:051][  0]LogCollectionManager: Loaded 0 collections in 0.006672 seconds
[2018.12.03-08.25.00:114][  0]LogFileCache: Scanning file cache for directory 'C:/Users/Maria/Documents/Unreal Projects/Small-World/smolworld/Saved/Collections/' took 0.01s
[2018.12.03-08.25.00:115][  0]LogFileCache: Scanning file cache for directory 'C:/Users/Maria/Documents/Unreal Projects/Small-World/smolworld/Content/Developers/Maria/Collections/' took 0.01s
[2018.12.03-08.25.00:115][  0]LogFileCache: Scanning file cache for directory 'C:/Users/Maria/Documents/Unreal Projects/Small-World/smolworld/Content/Collections/' took 0.01s
[2018.12.03-08.25.00:115][  0]LogCollectionManager: Rebuilt the GUID cache for 0 collections in 0.000001 seconds
[2018.12.03-08.25.00:139][  0]LogContentBrowser: Native class hierarchy populated in 0.0225 seconds. Added 2572 classes and 603 folders.
[2018.12.03-08.25.00:163][  0]LogContentBrowser: Native class hierarchy updated for 'WidgetCarousel' in 0.0004 seconds. Added 0 classes and 0 folders.
[2018.12.03-08.25.00:797][  0]LogContentBrowser: Native class hierarchy updated for 'AddContentDialog' in 0.0005 seconds. Added 0 classes and 0 folders.
[2018.12.03-08.25.00:817][  0]LogContentBrowser: Native class hierarchy updated for 'SceneOutliner' in 0.0005 seconds. Added 1 classes and 2 folders.
[2018.12.03-08.25.00:872][  0]LogSlate: Took 0.000874 seconds to synchronously load lazily loaded font '../../../Engine/Content/Slate/Fonts/Roboto-Regular.ttf' (155K)
[2018.12.03-08.25.00:878][  0]LogSlate: Took 0.000409 seconds to synchronously load lazily loaded font '../../../Engine/Content/Slate/Fonts/Roboto-Bold.ttf' (160K)
[2018.12.03-08.25.00:895][  0]LogSlate: Took 0.001246 seconds to synchronously load lazily loaded font '../../../Engine/Content/Editor/Slate/Fonts/FontAwesome.ttf' (139K)
[2018.12.03-08.25.01:070][  0]LogRenderer: Reallocating scene render targets to support 812x456 Format 9 NumSamples 1 (Frame:1).
[2018.12.03-08.25.01:607][  0]LogContentBrowser: Native class hierarchy updated for 'HierarchicalLODOutliner' in 0.0004 seconds. Added 0 classes and 0 folders.
[2018.12.03-08.25.01:607][  0]LogLoad: (Engine Initialization) Total time: 15.70 seconds
[2018.12.03-08.25.01:607][  0]LogLoad: (Engine Initialization) Total Blueprint compile time: 0.00 seconds
[2018.12.03-08.25.01:619][  0]LogWindowsTextInputMethodSystem: Display: IME system now deactivated.
[2018.12.03-08.25.01:669][  0]LogContentStreaming: Texture pool size now 800 MB
[2018.12.03-08.25.02:136][  0]LogSlate: Took 0.002702 seconds to synchronously load lazily loaded font '../../../Engine/Content/Slate/Fonts/Roboto-Light.ttf' (167K)
[2018.12.03-08.25.02:985][  3]LogSlate: Took 0.000474 seconds to synchronously load lazily loaded font '../../../Engine/Content/Slate/Fonts/Roboto-Light.ttf' (167K)
[2018.12.03-08.25.03:262][  6]LogAssetRegistry: Asset discovery search completed in 10.1549 seconds
[2018.12.03-08.25.03:273][  6]LogCollectionManager: Rebuilt the object cache for 0 collections in 0.000001 seconds (found 0 objects)
[2018.12.03-08.25.03:274][  6]LogCollectionManager: Fixed up redirectors for 0 collections in 0.000776 seconds (updated 0 objects)
[2018.12.03-08.29.55:398][995]LogSlate: FSceneViewport::OnFocusLost() reason 0
[2018.12.03-08.29.55:764][  8]LogAIModule: Creating AISystem for world small
[2018.12.03-08.29.55:780][  8]LogAssetEditorManager: Opening Asset editor for World /Game/smallworld/small.small
[2018.12.03-08.29.55:810][  8]Cmd: MAP LOAD FILE="../../../../../../Users/Maria/Documents/Unreal Projects/Small-World/smolworld/Content/smallworld/small.umap" TEMPLATE=0 SHOWPROGRESS=1 FEATURELEVEL=3
[2018.12.03-08.29.55:810][  8]LightingResults: New page: Lighting Build
[2018.12.03-08.29.55:811][  8]LoadErrors: New page: Loading map: small.umap
[2018.12.03-08.29.55:812][  8]MapCheck: New page: Map Check
[2018.12.03-08.29.55:812][  8]LightingResults: New page: Lighting Build
[2018.12.03-08.29.55:859][  8]LogEditorServer: Finished looking for orphan Actors (0.000 secs)
[2018.12.03-08.29.55:910][  8]Cmd: MAP CHECKDEP NOCLEARLOG
[2018.12.03-08.29.56:072][  8]MapCheck: Map check complete: 0 Error(s), 0 Warning(s), took 161.532ms to complete.
[2018.12.03-08.29.56:073][  8]LogFileHelpers: Loading map 'small' took 0.263
[2018.12.03-08.29.57:028][ 94]LogEditorViewport: Clicking on Actor (LMB): Landscape (Landscape1)
[2018.12.03-08.31.17:178][543]LogSlate: FSceneViewport::OnFocusLost() reason 2
[2018.12.03-08.31.19:332][783]LogSlate: FSceneViewport::OnFocusLost() reason 2
[2018.12.03-08.31.54:346][810]LogSlate: FSceneViewport::OnFocusLost() reason 2
[2018.12.03-08.31.56:763][ 81]LogSlate: FSceneViewport::OnFocusLost() reason 2
[2018.12.03-08.38.37:438][  2]LogSlate: FSceneViewport::OnFocusLost() reason 0
[2018.12.03-08.40.21:064][321]LogSlate: FSceneViewport::OnFocusLost() reason 2
[2018.12.03-08.40.23:476][516]LogSlate: FSceneViewport::OnFocusLost() reason 2
[2018.12.03-08.44.09:324][520]LogSlate: FSceneViewport::OnFocusLost() reason 2
[2018.12.03-08.44.12:000][716]LogSlate: FSceneViewport::OnFocusLost() reason 0
[2018.12.03-08.44.17:272][102]LogSlate: FSceneViewport::OnFocusLost() reason 0
[2018.12.03-08.44.20:693][350]LogSlate: FSceneViewport::OnFocusLost() reason 2
[2018.12.03-08.44.34:267][811]LogSlate: FSceneViewport::OnFocusLost() reason 0
[2018.12.03-08.44.35:060][859]LogAssetEditorManager: Opening Asset editor for Material /Game/smallworld/Materials/PP_celshader.PP_celshader
[2018.12.03-08.44.35:068][859]LogMaterial: Display: Missing cached shader map for material PP_celshader, compiling. 
[2018.12.03-08.44.35:722][859]LogMaterial: Display: Missing cached shader map for material PP_celshader, compiling. 
[2018.12.03-08.44.35:736][859]LogMaterial: Display: Missing cached shader map for material PP_celshader, compiling. 
[2018.12.03-08.44.35:764][859]LogShaderCompilers: Display: Shaders left to compile 7
[2018.12.03-08.44.35:765][859]LogShaderCompilers: Display: Shaders left to compile 6
[2018.12.03-08.44.35:765][859]LogShaderCompilers: Display: Shaders left to compile 5
[2018.12.03-08.44.35:765][859]LogShaderCompilers: Display: Shaders left to compile 4
[2018.12.03-08.44.35:835][859]LogSlate: Took 0.002139 seconds to synchronously load lazily loaded font '../../../Engine/Content/Slate/Fonts/Roboto-BoldCondensed.ttf' (158K)
[2018.12.03-08.44.37:903][941]LogSlate: Window 'PP_celshader' being destroyed
[2018.12.03-08.44.38:317][971]LogSlate: Took 0.010674 seconds to synchronously load lazily loaded font '../../../Engine/Content/Slate/Fonts/Roboto-Italic.ttf' (157K)
[2018.12.03-08.44.38:812][ 10]LogSlate: FSceneViewport::OnFocusLost() reason 0
[2018.12.03-08.44.59:305][504]LogShaderCompilers: Display: Shaders left to compile 3
[2018.12.03-08.45.02:040][532]LogShaderCompilers: Display: Shaders left to compile 2
[2018.12.03-08.45.04:561][557]LogShaderCompilers: Display: Shaders left to compile 1
[2018.12.03-08.45.10:122][598]MaterialEditorStats: Base pass shader without light map: 29 instructions
[2018.12.03-08.45.10:122][598]MaterialEditorStats: Base pass vertex shader: 32 instructions
[2018.12.03-08.45.10:122][598]MaterialEditorStats: Texture samplers: 5/16
[2018.12.03-08.45.10:122][598]MaterialEditorStats: Texture Lookups (Est.): VS(0), PS(6)
[2018.12.03-08.45.30:286][636]LogSavePackage: Moving '../../../../../../Users/Maria/Documents/Unreal Projects/Small-World/smolworld/Saved/small_Auto1946068B44E3583D64ECBEB92871DCFB3.tmp' to '../../../../../../Users/Maria/Documents/Unreal Projects/Small-World/smolworld/Saved/Autosaves/Game/smallworld/small_Auto1.umap'
[2018.12.03-08.45.30:311][636]LogFileHelpers: Editor autosave (incl. sublevels) for '/Game/smallworld/small' took 2.790
[2018.12.03-08.45.30:313][636]LogFileHelpers: Editor autosave (incl. sublevels) for all levels took 2.790
[2018.12.03-08.45.42:516][431]LogSlate: FSceneViewport::OnFocusLost() reason 0
[2018.12.03-08.45.42:963][434]LogTexture: Display: Building textures: Texture2D_2 (G8, 128X128)
[2018.12.03-08.45.56:737][291]LogSlate: FSceneViewport::OnFocusLost() reason 2
[2018.12.03-08.47.01:408][449]LogSlate: FSceneViewport::OnFocusLost() reason 2
[2018.12.03-08.47.05:012][678]LogSlate: FSceneViewport::OnFocusLost() reason 0
[2018.12.03-08.47.16:913][456]Cmd: TRANSACTION UNDO
[2018.12.03-08.47.16:913][456]LogEditorTransaction: Undo Landscape Editing: Flatten
[2018.12.03-08.47.16:932][456]LogTexture: Display: Building textures: Texture2D_1 (BGRA8, 128X128)
[2018.12.03-08.47.17:002][456]LogMaterial: Display: Missing cached shader map for material PP_celshader, compiling. 
[2018.12.03-08.47.17:026][456]LogShaderCompilers: Display: Shaders left to compile 7
[2018.12.03-08.47.17:026][456]LogShaderCompilers: Display: Shaders left to compile 6
[2018.12.03-08.47.17:027][456]LogShaderCompilers: Display: Shaders left to compile 5
[2018.12.03-08.47.17:027][456]LogShaderCompilers: Display: Shaders left to compile 4
[2018.12.03-08.47.25:841][ 67]LogSlate: FSceneViewport::OnFocusLost() reason 2
[2018.12.03-08.47.33:062][592]LogSlate: FSceneViewport::OnFocusLost() reason 2
[2018.12.03-08.47.35:169][744]LogShaderCompilers: Display: Shaders left to compile 3
[2018.12.03-08.47.35:759][788]LogShaderCompilers: Display: Shaders left to compile 2
[2018.12.03-08.47.36:596][848]LogSlate: FSceneViewport::OnFocusLost() reason 2
[2018.12.03-08.47.37:955][954]LogShaderCompilers: Display: Shaders left to compile 1
[2018.12.03-08.47.42:264][266]Cmd: TRANSACTION UNDO
[2018.12.03-08.47.42:264][266]LogEditorTransaction: Undo Landscape Editing: Noise
[2018.12.03-08.47.42:299][266]LogTexture: Display: Building textures: Texture2D_1 (BGRA8, 128X128)
[2018.12.03-08.47.42:332][266]LogMaterial: Display: Missing cached shader map for material PP_celshader, compiling. 
[2018.12.03-08.47.42:342][266]LogShaderCompilers: Display: Shaders left to compile 7
[2018.12.03-08.47.42:342][266]LogShaderCompilers: Display: Shaders left to compile 6
[2018.12.03-08.47.44:124][372]LogShaderCompilers: Display: Shaders left to compile 5
[2018.12.03-08.47.44:648][404]LogShaderCompilers: Display: Shaders left to compile 4
[2018.12.03-08.47.47:624][606]LogShaderCompilers: Display: Shaders left to compile 3
[2018.12.03-08.47.47:880][625]LogShaderCompilers: Display: Shaders left to compile 2
[2018.12.03-08.47.48:805][690]LogSlate: FSceneViewport::OnFocusLost() reason 2
[2018.12.03-08.47.50:065][786]LogShaderCompilers: Display: Shaders left to compile 1
[2018.12.03-08.47.51:455][891]MaterialEditorStats: Base pass shader without light map: 29 instructions
[2018.12.03-08.47.51:455][891]MaterialEditorStats: Base pass vertex shader: 32 instructions
[2018.12.03-08.47.51:455][891]MaterialEditorStats: Texture samplers: 5/16
[2018.12.03-08.47.51:455][891]MaterialEditorStats: Texture Lookups (Est.): VS(0), PS(6)
[2018.12.03-08.48.06:379][424]LogSlate: FSceneViewport::OnFocusLost() reason 0
[2018.12.03-08.48.17:732][174]LogSlate: FSceneViewport::OnFocusLost() reason 0
[2018.12.03-08.48.17:807][180]LogTemp: Repeating last play command: Selected Viewport
[2018.12.03-08.48.17:836][180]LogPlayLevel: PlayLevel: No blueprints needed recompiling
[2018.12.03-08.48.17:854][180]PIE: New page: PIE session: small (Dec 2, 2018, 4:48:17 PM)
[2018.12.03-08.48.17:854][180]LogPlayLevel: Creating play world package: /Game/smallworld/UEDPIE_0_small
[2018.12.03-08.48.17:867][180]LogPlayLevel: PIE: StaticDuplicateObject took: (0.011910s)
[2018.12.03-08.48.17:868][180]LogAIModule: Creating AISystem for world small
[2018.12.03-08.48.17:868][180]LogPlayLevel: PIE: World Init took: (0.001848s)
[2018.12.03-08.48.17:869][180]LogPlayLevel: PIE: Created PIE world by copying editor world from /Game/smallworld/small.small to /Game/smallworld/UEDPIE_0_small.small (0.014044s)
[2018.12.03-08.48.17:935][180]LogInit: XAudio2 using 'Speakers (Realtek High Definition Audio)' : 2 channels at 48 kHz using 32 bits per sample (channel mask 0x3)
[2018.12.03-08.48.17:977][180]LogInit: FAudioDevice initialized.
[2018.12.03-08.48.18:031][180]LogLoad: Game class is 'FirstPersonGameMode_C'
[2018.12.03-08.48.18:039][180]LogWorld: Bringing World /Game/smallworld/UEDPIE_0_small.small up for play (max tick rate 0) at 2018.12.03-00.48.18
[2018.12.03-08.48.18:040][180]LogWorld: Bringing up level for play took: 0.004977
[2018.12.03-08.48.18:086][180]LogContentBrowser: Native class hierarchy updated for 'MovieSceneCapture' in 0.0023 seconds. Added 10 classes and 0 folders.
[2018.12.03-08.48.18:094][180]PIE: Play in editor start time for /Game/smallworld/UEDPIE_0_small 0.03
[2018.12.03-08.48.21:992][451]LogScript: Warning: Accessed None trying to read property CallFunc_GetAnimInstance_ReturnValue
	FirstPersonCharacter_C /Game/smallworld/UEDPIE_0_small.small:PersistentLevel.FirstPersonCharacter_C_0
	Function /Game/FirstPersonBP/Blueprints/FirstPersonCharacter.FirstPersonCharacter_C:ExecuteUbergraph_FirstPersonCharacter:0053
[2018.12.03-08.48.21:995][451]PIE: Error: Blueprint Runtime Error: "Accessed None trying to read property CallFunc_GetAnimInstance_ReturnValue". Blueprint:  FirstPersonCharacter Function:  Execute Ubergraph First Person Character Graph:  EventGraph Node:  Montage Play
[2018.12.03-08.48.37:321][130]LogSlate: Updating window title bar state: overlay mode, drag disabled, window buttons hidden, title bar hidden
[2018.12.03-08.48.37:369][130]LogPlayLevel: Display: Shutting down PIE online subsystems
[2018.12.03-08.48.37:406][130]LogSlate: Updating window title bar state: overlay mode, drag disabled, window buttons hidden, title bar hidden
[2018.12.03-08.48.37:473][131]LogPlayLevel: Display: Destroying online subsystem :Context_3
[2018.12.03-08.48.39:904][297]LogSlate: FSceneViewport::OnFocusLost() reason 0
[2018.12.03-08.48.45:906][679]LogEditorViewport: Clicking on Actor (context menu): SkeletalMeshActor (flowergirl-U)
[2018.12.03-08.48.46:082][679]LogSlate: FSceneViewport::OnFocusLost() reason 2
[2018.12.03-08.48.47:201][717]LogEditorViewport: Clicking on Actor (LMB): Landscape (Landscape1)
[2018.12.03-08.48.47:966][766]LogEditorViewport: Clicking on Actor (LMB): SkeletalMeshActor (flowergirl-U)
[2018.12.03-08.49.00:635][350]LogSlate: FSceneViewport::OnFocusLost() reason 0
[2018.12.03-08.49.00:671][351]LogTemp: Repeating last play command: Selected Viewport
[2018.12.03-08.49.00:780][351]LogPlayLevel: PlayLevel: No blueprints needed recompiling
[2018.12.03-08.49.00:780][351]PIE: New page: PIE session: small (Dec 2, 2018, 4:49:00 PM)
[2018.12.03-08.49.00:781][351]LogPlayLevel: Creating play world package: /Game/smallworld/UEDPIE_0_small
[2018.12.03-08.49.00:821][351]LogPlayLevel: PIE: StaticDuplicateObject took: (0.040072s)
[2018.12.03-08.49.00:824][351]LogAIModule: Creating AISystem for world small
[2018.12.03-08.49.00:825][351]LogPlayLevel: PIE: World Init took: (0.003664s)
[2018.12.03-08.49.00:825][351]LogPlayLevel: PIE: Created PIE world by copying editor world from /Game/smallworld/small.small to /Game/smallworld/UEDPIE_0_small.small (0.044514s)
[2018.12.03-08.49.00:989][351]LogInit: XAudio2 using 'Speakers (Realtek High Definition Audio)' : 2 channels at 48 kHz using 32 bits per sample (channel mask 0x3)
[2018.12.03-08.49.01:190][351]LogInit: FAudioDevice initialized.
[2018.12.03-08.49.01:261][351]LogLoad: Game class is 'FirstPersonGameMode_C'
[2018.12.03-08.49.01:274][351]LogWorld: Bringing World /Game/smallworld/UEDPIE_0_small.small up for play (max tick rate 0) at 2018.12.03-00.49.01
[2018.12.03-08.49.01:276][351]LogWorld: Bringing up level for play took: 0.011185
[2018.12.03-08.49.01:305][351]PIE: Play in editor start time for /Game/smallworld/UEDPIE_0_small 1.24
[2018.12.03-08.49.01:778][362]LogScript: Warning: Accessed None trying to read property CallFunc_GetAnimInstance_ReturnValue
	FirstPersonCharacter_C /Game/smallworld/UEDPIE_0_small.small:PersistentLevel.FirstPersonCharacter_C_0
	Function /Game/FirstPersonBP/Blueprints/FirstPersonCharacter.FirstPersonCharacter_C:ExecuteUbergraph_FirstPersonCharacter:0053
[2018.12.03-08.49.01:779][362]PIE: Error: Blueprint Runtime Error: "Accessed None trying to read property CallFunc_GetAnimInstance_ReturnValue". Blueprint:  FirstPersonCharacter Function:  Execute Ubergraph First Person Character Graph:  EventGraph Node:  Montage Play
[2018.12.03-08.49.11:743][848]LogSlate: Updating window title bar state: overlay mode, drag disabled, window buttons hidden, title bar hidden
[2018.12.03-08.49.11:784][848]LogPlayLevel: Display: Shutting down PIE online subsystems
[2018.12.03-08.49.11:823][848]LogSlate: Updating window title bar state: overlay mode, drag disabled, window buttons hidden, title bar hidden
[2018.12.03-08.49.11:889][849]LogPlayLevel: Display: Destroying online subsystem :Context_5
[2018.12.03-08.49.21:435][660]Cmd: SELECT NONE
[2018.12.03-08.49.23:162][802]LogSlate: FSceneViewport::OnFocusLost() reason 0
[2018.12.03-08.49.40:518][616]LogSlate: FSceneViewport::OnFocusLost() reason 0
[2018.12.03-08.49.40:616][619]LogTemp: Repeating last play command: Selected Viewport
[2018.12.03-08.49.40:706][619]LogPlayLevel: PlayLevel: No blueprints needed recompiling
[2018.12.03-08.49.40:707][619]PIE: New page: PIE session: small (Dec 2, 2018, 4:49:40 PM)
[2018.12.03-08.49.40:707][619]LogPlayLevel: Creating play world package: /Game/smallworld/UEDPIE_0_small
[2018.12.03-08.49.40:767][619]LogPlayLevel: PIE: StaticDuplicateObject took: (0.060538s)
[2018.12.03-08.49.40:774][619]LogAIModule: Creating AISystem for world small
[2018.12.03-08.49.40:775][619]LogPlayLevel: PIE: World Init took: (0.007464s)
[2018.12.03-08.49.40:776][619]LogPlayLevel: PIE: Created PIE world by copying editor world from /Game/smallworld/small.small to /Game/smallworld/UEDPIE_0_small.small (0.069348s)
[2018.12.03-08.49.41:045][619]LogInit: XAudio2 using 'Speakers (Realtek High Definition Audio)' : 2 channels at 48 kHz using 32 bits per sample (channel mask 0x3)
[2018.12.03-08.49.41:316][619]LogInit: FAudioDevice initialized.
[2018.12.03-08.49.41:396][619]LogLoad: Game class is 'FirstPersonGameMode_C'
[2018.12.03-08.49.41:409][619]LogWorld: Bringing World /Game/smallworld/UEDPIE_0_small.small up for play (max tick rate 0) at 2018.12.03-00.49.41
[2018.12.03-08.49.41:410][619]LogWorld: Bringing up level for play took: 0.010668
[2018.12.03-08.49.41:440][619]PIE: Play in editor start time for /Game/smallworld/UEDPIE_0_small 1.376
[2018.12.03-08.49.43:414][751]LogScript: Warning: Accessed None trying to read property CallFunc_GetAnimInstance_ReturnValue
	FirstPersonCharacter_C /Game/smallworld/UEDPIE_0_small.small:PersistentLevel.FirstPersonCharacter_C_0
	Function /Game/FirstPersonBP/Blueprints/FirstPersonCharacter.FirstPersonCharacter_C:ExecuteUbergraph_FirstPersonCharacter:0053
[2018.12.03-08.49.43:414][751]PIE: Error: Blueprint Runtime Error: "Accessed None trying to read property CallFunc_GetAnimInstance_ReturnValue". Blueprint:  FirstPersonCharacter Function:  Execute Ubergraph First Person Character Graph:  EventGraph Node:  Montage Play
[2018.12.03-08.50.15:762][622]LogSlate: Updating window title bar state: overlay mode, drag disabled, window buttons hidden, title bar hidden
[2018.12.03-08.50.15:804][622]LogPlayLevel: Display: Shutting down PIE online subsystems
[2018.12.03-08.50.15:841][622]LogSlate: Updating window title bar state: overlay mode, drag disabled, window buttons hidden, title bar hidden
[2018.12.03-08.50.15:908][623]LogPlayLevel: Display: Destroying online subsystem :Context_6
[2018.12.03-08.50.34:145][862]LogSlate: FSceneViewport::OnFocusLost() reason 0
[2018.12.03-08.56.46:442][525]LogSlate: FSceneViewport::OnFocusLost() reason 0
[2018.12.03-08.56.58:439][124]LogSlate: FSceneViewport::OnFocusLost() reason 0
[2018.12.03-08.57.46:936][420]LogEditorViewport: Clicking on Actor (LMB): Landscape (Landscape1)
[2018.12.03-08.57.47:755][458]LogSlate: FSceneViewport::OnFocusLost() reason 0
[2018.12.03-08.57.47:830][462]LogTemp: Repeating last play command: Selected Viewport
[2018.12.03-08.57.47:854][462]LogPlayLevel: PlayLevel: No blueprints needed recompiling
[2018.12.03-08.57.47:854][462]PIE: New page: PIE session: small (Dec 2, 2018, 4:57:47 PM)
[2018.12.03-08.57.47:854][462]LogPlayLevel: Creating play world package: /Game/smallworld/UEDPIE_0_small
[2018.12.03-08.57.47:867][462]LogPlayLevel: PIE: StaticDuplicateObject took: (0.012352s)
[2018.12.03-08.57.47:868][462]LogAIModule: Creating AISystem for world small
[2018.12.03-08.57.47:868][462]LogPlayLevel: PIE: World Init took: (0.001471s)
[2018.12.03-08.57.47:869][462]LogPlayLevel: PIE: Created PIE world by copying editor world from /Game/smallworld/small.small to /Game/smallworld/UEDPIE_0_small.small (0.014069s)
[2018.12.03-08.57.47:913][462]LogInit: XAudio2 using 'Speakers (Realtek High Definition Audio)' : 2 channels at 48 kHz using 32 bits per sample (channel mask 0x3)
[2018.12.03-08.57.47:957][462]LogInit: FAudioDevice initialized.
[2018.12.03-08.57.47:996][462]LogLoad: Game class is 'FirstPersonGameMode_C'
[2018.12.03-08.57.48:000][462]LogWorld: Bringing World /Game/smallworld/UEDPIE_0_small.small up for play (max tick rate 60) at 2018.12.03-00.57.48
[2018.12.03-08.57.48:001][462]LogWorld: Bringing up level for play took: 0.003267
[2018.12.03-08.57.48:017][462]PIE: Play in editor start time for /Game/smallworld/UEDPIE_0_small -0.047
[2018.12.03-08.57.48:937][508]LogScript: Warning: Accessed None trying to read property CallFunc_GetAnimInstance_ReturnValue
	FirstPersonCharacter_C /Game/smallworld/UEDPIE_0_small.small:PersistentLevel.FirstPersonCharacter_C_0
	Function /Game/FirstPersonBP/Blueprints/FirstPersonCharacter.FirstPersonCharacter_C:ExecuteUbergraph_FirstPersonCharacter:0053
[2018.12.03-08.57.48:937][508]PIE: Error: Blueprint Runtime Error: "Accessed None trying to read property CallFunc_GetAnimInstance_ReturnValue". Blueprint:  FirstPersonCharacter Function:  Execute Ubergraph First Person Character Graph:  EventGraph Node:  Montage Play
[2018.12.03-08.58.21:739][910]LogSlate: Updating window title bar state: overlay mode, drag disabled, window buttons hidden, title bar hidden
[2018.12.03-08.58.21:809][910]LogPlayLevel: Display: Shutting down PIE online subsystems
[2018.12.03-08.58.21:930][910]LogSlate: Updating window title bar state: overlay mode, drag disabled, window buttons hidden, title bar hidden
[2018.12.03-08.58.22:095][911]LogPlayLevel: Display: Destroying online subsystem :Context_7
[2018.12.03-08.58.48:454][ 20]LogTexture: Display: Building textures: Texture2D_1 (BGRA8, 128X128)
[2018.12.03-08.58.48:898][ 20]LogSavePackage: Moving '../../../../../../Users/Maria/Documents/Unreal Projects/Small-World/smolworld/Saved/small_Auto29BD5EFFE4BE0C9D0FD463D9FAE8953CB.tmp' to '../../../../../../Users/Maria/Documents/Unreal Projects/Small-World/smolworld/Saved/Autosaves/Game/smallworld/small_Auto2.umap'
[2018.12.03-08.58.48:913][ 20]LogFileHelpers: Editor autosave (incl. sublevels) for '/Game/smallworld/small' took 0.679
[2018.12.03-08.58.48:914][ 20]LogFileHelpers: Editor autosave (incl. sublevels) for all levels took 0.679
[2018.12.03-09.06.41:252][493]LogSlate: FSceneViewport::OnFocusLost() reason 0
[2018.12.03-09.06.43:863][496]LogSlate: Window 'Message' being destroyed
[2018.12.03-09.06.46:343][496]LogMaterial: Display: Missing cached shader map for material PP_celshader, compiling. 
[2018.12.03-09.06.46:443][496]LogShaderCompilers: Display: Shaders left to compile 7
[2018.12.03-09.06.46:443][496]LogShaderCompilers: Display: Shaders left to compile 6
[2018.12.03-09.06.46:443][496]LogShaderCompilers: Display: Shaders left to compile 5
[2018.12.03-09.06.46:443][496]LogShaderCompilers: Display: Shaders left to compile 4
[2018.12.03-09.06.46:516][496]LogMaterial: Display: Missing cached shader map for material PP_celshader, compiling. 
[2018.12.03-09.06.46:590][496]LogMaterial: Display: Missing cached shader map for material PP_celshader, compiling. 
[2018.12.03-09.06.46:686][496]TextureStreamingBuild: Display: Compiling optional shaders took 0.000 seconds.
[2018.12.03-09.06.50:856][496]LogShaderCompilers: Display: Shaders left to compile 11
[2018.12.03-09.06.52:250][496]LogShaderCompilers: Display: Shaders left to compile 10
[2018.12.03-09.06.52:735][496]LogSlate: Window 'Save Content' being destroyed
[2018.12.03-09.07.06:117][496]LogShaderCompilers: Display: Shaders left to compile 9
[2018.12.03-09.07.06:117][496]LogShaderCompilers: Display: Shaders left to compile 8
[2018.12.03-09.07.06:220][496]LogSavePackage: Moving '../../../../../../Users/Maria/Documents/Unreal Projects/Small-World/smolworld/Saved/PP_celshaderE1B2840C4FDF89888C8094ACA2A6C0E9.tmp' to '../../../../../../Users/Maria/Documents/Unreal Projects/Small-World/smolworld/Content/smallworld/Materials/PP_celshader.uasset'
[2018.12.03-09.07.06:785][496]LogSavePackage: Moving '../../../../../../Users/Maria/Documents/Unreal Projects/Small-World/smolworld/Saved/smallE2ABC301426C218763801A82FADBD715.tmp' to '../../../../../../Users/Maria/Documents/Unreal Projects/Small-World/smolworld/Content/smallworld/small.umap'
[2018.12.03-09.07.06:841][496]LogFileHelpers: Saving map 'small' took 0.603
[2018.12.03-09.07.07:086][496]LogSlate: Window 'smolworld - Unreal Editor' being destroyed
[2018.12.03-09.07.07:411][497]Cmd: QUIT_EDITOR
[2018.12.03-09.07.07:648][497]LogWindowsTextInputMethodSystem: Display: IME system now deactivated.
[2018.12.03-09.07.07:685][497]LogExit: Preparing to exit.
[2018.12.03-09.07.08:749][497]LogExit: Editor shut down
[2018.12.03-09.07.08:751][497]LogExit: Transaction tracking system shut down
[2018.12.03-09.07.09:830][497]LogExit: Object subsystem successfully closed.
[2018.12.03-09.07.09:875][497]LogShaderCompilers: Display: Shaders left to compile 0
[2018.12.03-09.07.09:877][497]LogD3D11RHI: Shutdown
[2018.12.03-09.07.09:877][497]LogD3D11RHI: CleanupD3DDevice
[2018.12.03-09.07.09:887][497]LogD3D11RHI: ~FD3D11DynamicRHI
[2018.12.03-09.07.09:988][497]LogModuleManager: Shutting down and abandoning module MovieSceneCapture (614)
[2018.12.03-09.07.09:989][497]LogModuleManager: Shutting down and abandoning module Voice (612)
[2018.12.03-09.07.09:989][497]LogModuleManager: Shutting down and abandoning module HierarchicalLODOutliner (610)
[2018.12.03-09.07.09:989][497]LogModuleManager: Shutting down and abandoning module SceneOutliner (608)
[2018.12.03-09.07.09:989][497]LogModuleManager: Shutting down and abandoning module AddContentDialog (606)
[2018.12.03-09.07.09:998][497]LogModuleManager: Shutting down and abandoning module WidgetCarousel (605)
[2018.12.03-09.07.09:998][497]LogModuleManager: Shutting down and abandoning module EditorWidgets (602)
[2018.12.03-09.07.09:998][497]LogModuleManager: Shutting down and abandoning module CollectionManager (600)
[2018.12.03-09.07.10:000][497]LogModuleManager: Shutting down and abandoning module StatsViewer (598)
[2018.12.03-09.07.10:000][497]LogModuleManager: Shutting down and abandoning module FoliageEdit (596)
[2018.12.03-09.07.10:000][497]LogModuleManager: Shutting down and abandoning module LandscapeEditor (594)
[2018.12.03-09.07.10:001][497]LogModuleManager: Shutting down and abandoning module MeshPaintMode (592)
[2018.12.03-09.07.10:001][497]LogModuleManager: Shutting down and abandoning module SceneDepthPickerMode (590)
[2018.12.03-09.07.10:001][497]LogModuleManager: Shutting down and abandoning module ActorPickerMode (588)
[2018.12.03-09.07.10:001][497]LogModuleManager: Shutting down and abandoning module GeometryMode (586)
[2018.12.03-09.07.10:002][497]LogModuleManager: Shutting down and abandoning module TextureAlignMode (584)
[2018.12.03-09.07.10:002][497]LogModuleManager: Shutting down and abandoning module BspMode (582)
[2018.12.03-09.07.10:002][497]LogModuleManager: Shutting down and abandoning module PIEPreviewDeviceProfileSelector (580)
[2018.12.03-09.07.10:002][497]LogModuleManager: Shutting down and abandoning module SequenceRecorderSections (578)
[2018.12.03-09.07.10:003][497]LogModuleManager: Shutting down and abandoning module AutomationWorker (576)
[2018.12.03-09.07.10:003][497]LogModuleManager: Shutting down and abandoning module AudioCaptureEditor (574)
[2018.12.03-09.07.10:003][497]LogModuleManager: Shutting down and abandoning module SequenceRecorder (573)
[2018.12.03-09.07.10:004][497]LogModuleManager: Shutting down and abandoning module MatineeToLevelSequence (570)
[2018.12.03-09.07.10:004][497]LogModuleManager: Shutting down and abandoning module LevelSequenceEditor (568)
[2018.12.03-09.07.10:004][497]LogModuleManager: Shutting down and abandoning module PlacementMode (567)
[2018.12.03-09.07.10:005][497]LogModuleManager: Shutting down and abandoning module MaterialEditor (566)
[2018.12.03-09.07.10:005][497]LogModuleManager: Shutting down and abandoning module WmfMediaFactory (562)
[2018.12.03-09.07.10:005][497]LogModuleManager: Shutting down and abandoning module WmfMediaEditor (560)
[2018.12.03-09.07.10:005][497]LogModuleManager: Shutting down and abandoning module MediaPlayerEditor (558)
[2018.12.03-09.07.10:005][497]LogModuleManager: Shutting down and abandoning module OpenExrWrapper (556)
[2018.12.03-09.07.10:005][497]LogModuleManager: Shutting down and abandoning module ImgMediaFactory (554)
[2018.12.03-09.07.10:005][497]LogModuleManager: Shutting down and abandoning module ImgMediaEditor (552)
[2018.12.03-09.07.10:005][497]LogModuleManager: Shutting down and abandoning module AvfMediaFactory (550)
[2018.12.03-09.07.10:006][497]LogModuleManager: Shutting down and abandoning module AvfMediaEditor (548)
[2018.12.03-09.07.10:006][497]LogModuleManager: Shutting down and abandoning module AndroidMediaFactory (546)
[2018.12.03-09.07.10:006][497]LogModuleManager: Shutting down and abandoning module AndroidMediaEditor (544)
[2018.12.03-09.07.10:006][497]LogModuleManager: Shutting down and abandoning module MagicLeapCameraPreviewFactory (542)
[2018.12.03-09.07.10:006][497]LogModuleManager: Shutting down and abandoning module MagicLeapMediaFactory (540)
[2018.12.03-09.07.10:006][497]LogModuleManager: Shutting down and abandoning module MagicLeapMediaEditor (538)
[2018.12.03-09.07.10:007][497]LogModuleManager: Shutting down and abandoning module CharacterAI (536)
[2018.12.03-09.07.10:007][497]LogModuleManager: Shutting down and abandoning module SmartSnapping (534)
[2018.12.03-09.07.10:007][497]LogModuleManager: Shutting down and abandoning module SessionServices (532)
[2018.12.03-09.07.10:007][497]LogModuleManager: Shutting down and abandoning module ViewportSnapping (530)
[2018.12.03-09.07.10:007][497]LogModuleManager: Shutting down and abandoning module ViewportInteraction (528)
[2018.12.03-09.07.10:007][497]LogModuleManager: Shutting down and abandoning module ClothPainter (526)
[2018.12.03-09.07.10:008][497]LogModuleManager: Shutting down and abandoning module SkeletalMeshEditor (525)
[2018.12.03-09.07.10:008][497]LogModuleManager: Shutting down and abandoning module LogVisualizer (522)
[2018.12.03-09.07.10:008][497]LogModuleManager: Shutting down and abandoning module IntroTutorials (520)
[2018.12.03-09.07.10:009][497]LogModuleManager: Shutting down and abandoning module GameProjectGeneration (519)
[2018.12.03-09.07.10:009][497]LogModuleManager: Shutting down and abandoning module LuminPlatformEditor (516)
[2018.12.03-09.07.10:009][497]LogModuleManager: Shutting down and abandoning module IOSPlatformEditor (514)
[2018.12.03-09.07.10:009][497]LogModuleManager: Shutting down and abandoning module HTML5PlatformEditor (512)
[2018.12.03-09.07.10:009][497]LogModuleManager: Shutting down and abandoning module AndroidPlatformEditor (510)
[2018.12.03-09.07.10:010][497]LogModuleManager: Shutting down and abandoning module AndroidDeviceDetection (509)
[2018.12.03-09.07.10:284][497]LogModuleManager: Shutting down and abandoning module WindowsPlatformEditor (506)
[2018.12.03-09.07.10:284][497]LogModuleManager: Shutting down and abandoning module LuminRuntimeSettings (504)
[2018.12.03-09.07.10:284][497]LogModuleManager: Shutting down and abandoning module IOSRuntimeSettings (502)
[2018.12.03-09.07.10:284][497]LogModuleManager: Shutting down and abandoning module AndroidRuntimeSettings (500)
[2018.12.03-09.07.10:284][497]LogModuleManager: Shutting down and abandoning module InputBindingEditor (498)
[2018.12.03-09.07.10:285][497]LogModuleManager: Shutting down and abandoning module MergeActors (496)
[2018.12.03-09.07.10:285][497]LogModuleManager: Shutting down and abandoning module LocalizationDashboard (494)
[2018.12.03-09.07.10:285][497]LogModuleManager: Shutting down and abandoning module LocalizationService (493)
[2018.12.03-09.07.10:285][497]LogModuleManager: Shutting down and abandoning module HardwareTargeting (490)
[2018.12.03-09.07.10:285][497]LogModuleManager: Shutting down and abandoning module DeviceProfileEditor (488)
[2018.12.03-09.07.10:286][497]LogModuleManager: Shutting down and abandoning module UndoHistory (486)
[2018.12.03-09.07.10:286][497]LogModuleManager: Shutting down and abandoning module XmlParser (484)
[2018.12.03-09.07.10:286][497]LogModuleManager: Shutting down and abandoning module Blutility (482)
[2018.12.03-09.07.10:286][497]LogModuleManager: Shutting down and abandoning module ProjectSettingsViewer (480)
[2018.12.03-09.07.10:287][497]LogModuleManager: Shutting down and abandoning module ProjectTargetPlatformEditor (479)
[2018.12.03-09.07.10:288][497]LogModuleManager: Shutting down and abandoning module EditorSettingsViewer (476)
[2018.12.03-09.07.10:288][497]LogModuleManager: Shutting down and abandoning module SettingsEditor (474)
[2018.12.03-09.07.10:288][497]LogModuleManager: Shutting down and abandoning module ProjectLauncher (472)
[2018.12.03-09.07.10:288][497]LogModuleManager: Shutting down and abandoning module SessionFrontend (470)
[2018.12.03-09.07.10:289][497]LogModuleManager: Shutting down and abandoning module ProfilerClient (468)
[2018.12.03-09.07.10:289][497]LogModuleManager: Shutting down and abandoning module DeviceManager (466)
[2018.12.03-09.07.10:289][497]LogModuleManager: Shutting down and abandoning module TargetDeviceServices (465)
[2018.12.03-09.07.10:345][497]LogModuleManager: Shutting down and abandoning module AutomationController (462)
[2018.12.03-09.07.10:345][497]LogModuleManager: Shutting down and abandoning module AutomationWindow (460)
[2018.12.03-09.07.10:345][497]LogModuleManager: Shutting down and abandoning module Layers (458)
[2018.12.03-09.07.10:345][497]LogModuleManager: Shutting down and abandoning module ComponentVisualizers (456)
[2018.12.03-09.07.10:345][497]LogModuleManager: Shutting down and abandoning module DetailCustomizations (454)
[2018.12.03-09.07.10:345][497]LogModuleManager: Shutting down and abandoning module PackagesDialog (452)
[2018.12.03-09.07.10:346][497]LogModuleManager: Shutting down and abandoning module Persona (450)
[2018.12.03-09.07.10:346][497]LogModuleManager: Shutting down and abandoning module AdvancedPreviewScene (449)
[2018.12.03-09.07.10:346][497]LogModuleManager: Shutting down and abandoning module AnimGraph (447)
[2018.12.03-09.07.10:347][497]LogModuleManager: Shutting down and abandoning module Kismet (444)
[2018.12.03-09.07.10:347][497]LogModuleManager: Shutting down and abandoning module GraphEditor (442)
[2018.12.03-09.07.10:348][497]LogModuleManager: Shutting down and abandoning module ClassViewer (440)
[2018.12.03-09.07.10:348][497]LogModuleManager: Shutting down and abandoning module Toolbox (438)
[2018.12.03-09.07.10:348][497]LogModuleManager: Shutting down and abandoning module ModuleUI (436)
[2018.12.03-09.07.10:348][497]LogModuleManager: Shutting down and abandoning module MovieSceneTools (434)
[2018.12.03-09.07.10:348][497]LogModuleManager: Shutting down and abandoning module OutputLog (432)
[2018.12.03-09.07.10:348][497]LogModuleManager: Shutting down and abandoning module GammaUI (430)
[2018.12.03-09.07.10:348][497]LogModuleManager: Shutting down and abandoning module Documentation (428)
[2018.12.03-09.07.10:349][497]LogModuleManager: Shutting down and abandoning module MovieSceneTracks (426)
[2018.12.03-09.07.10:349][497]LogModuleManager: Shutting down and abandoning module MovieScene (424)
[2018.12.03-09.07.10:349][497]LogModuleManager: Shutting down and abandoning module StreamingPauseRendering (422)
[2018.12.03-09.07.10:349][497]LogModuleManager: Shutting down and abandoning module LauncherPlatform (420)
[2018.12.03-09.07.10:349][497]LogModuleManager: Shutting down and abandoning module AnalyticsET (418)
[2018.12.03-09.07.10:349][497]LogModuleManager: Shutting down and abandoning module PortalServices (416)
[2018.12.03-09.07.10:349][497]LogModuleManager: Shutting down and abandoning module PortalRpc (414)
[2018.12.03-09.07.10:349][497]LogModuleManager: Shutting down and abandoning module MessagingRpc (412)
[2018.12.03-09.07.10:349][497]LogModuleManager: Shutting down and abandoning module AIModule (410)
[2018.12.03-09.07.10:349][497]LogModuleManager: Shutting down and abandoning module GameplayDebugger (409)
[2018.12.03-09.07.10:350][497]LogModuleManager: Shutting down and abandoning module AITestSuite (407)
[2018.12.03-09.07.10:350][497]LogModuleManager: Shutting down and abandoning module NavigationSystem (405)
[2018.12.03-09.07.10:350][497]LogModuleManager: Shutting down and abandoning module DesktopPlatform (402)
[2018.12.03-09.07.10:350][497]LogModuleManager: Shutting down and abandoning module ProfilerService (400)
[2018.12.03-09.07.10:448][497]LogModuleManager: Shutting down and abandoning module TaskGraph (398)
[2018.12.03-09.07.10:448][497]LogModuleManager: Shutting down and abandoning module SteamVRController (396)
[2018.12.03-09.07.10:448][497]LogModuleManager: Shutting down and abandoning module ProceduralMeshComponentEditor (394)
[2018.12.03-09.07.10:448][497]LogModuleManager: Shutting down and abandoning module ProceduralMeshComponent (392)
[2018.12.03-09.07.10:448][497]LogModuleManager: Shutting down and abandoning module OculusInput (390)
[2018.12.03-09.07.10:448][497]LogModuleManager: Shutting down and abandoning module MobilePatchingUtils (388)
[2018.12.03-09.07.10:448][497]LogModuleManager: Shutting down and abandoning module EditableMesh (386)
[2018.12.03-09.07.10:448][497]LogModuleManager: Shutting down and abandoning module CustomMeshComponent (384)
[2018.12.03-09.07.10:448][497]LogModuleManager: Shutting down and abandoning module CableComponent (382)
[2018.12.03-09.07.10:448][497]LogModuleManager: Shutting down and abandoning module AudioCapture (380)
[2018.12.03-09.07.10:448][497]LogModuleManager: Shutting down and abandoning module ArchVisCharacter (378)
[2018.12.03-09.07.10:448][497]LogModuleManager: Shutting down and abandoning module AndroidPermission (376)
[2018.12.03-09.07.10:448][497]LogModuleManager: Shutting down and abandoning module NUTUnrealEngine4 (374)
[2018.12.03-09.07.10:448][497]LogModuleManager: Shutting down and abandoning module NetcodeUnitTest (372)
[2018.12.03-09.07.10:448][497]LogModuleManager: Shutting down and abandoning module MediaCompositingEditor (370)
[2018.12.03-09.07.10:448][497]LogModuleManager: Shutting down and abandoning module MediaCompositing (368)
[2018.12.03-09.07.10:449][497]LogModuleManager: Shutting down and abandoning module LinearTimecode (366)
[2018.12.03-09.07.10:449][497]LogModuleManager: Shutting down and abandoning module ImgMedia (364)
[2018.12.03-09.07.10:455][497]LogModuleManager: Shutting down and abandoning module HTML5Networking (362)
[2018.12.03-09.07.10:455][497]LogModuleManager: Shutting down and abandoning module GeometryCacheTracks (360)
[2018.12.03-09.07.10:455][497]LogModuleManager: Shutting down and abandoning module GeometryCacheSequencer (358)
[2018.12.03-09.07.10:455][497]LogModuleManager: Shutting down and abandoning module BackChannel (356)
[2018.12.03-09.07.10:455][497]LogModuleManager: Shutting down and abandoning module AppleVision (354)
[2018.12.03-09.07.10:455][497]LogModuleManager: Shutting down and abandoning module AppleImageUtils (352)
[2018.12.03-09.07.10:455][497]LogModuleManager: Shutting down and abandoning module AlembicImporter (350)
[2018.12.03-09.07.10:455][497]LogModuleManager: Shutting down and abandoning module AlembicLibrary (349)
[2018.12.03-09.07.10:456][497]LogModuleManager: Shutting down and abandoning module GeometryCache (348)
[2018.12.03-09.07.10:456][497]LogModuleManager: Shutting down and abandoning module GeometryCacheEd (347)
[2018.12.03-09.07.10:456][497]LogModuleManager: Shutting down and abandoning module DatasmithContentEditor (342)
[2018.12.03-09.07.10:456][497]LogModuleManager: Shutting down and abandoning module DatasmithContent (340)
[2018.12.03-09.07.10:457][497]LogModuleManager: Shutting down and abandoning module SpeedTreeImporter (338)
[2018.12.03-09.07.10:457][497]LogModuleManager: Shutting down and abandoning module PluginBrowser (336)
[2018.12.03-09.07.10:457][497]LogModuleManager: Shutting down and abandoning module MobileLauncherProfileWizard (334)
[2018.12.03-09.07.10:458][497]LogModuleManager: Shutting down and abandoning module PolygonModeling (332)
[2018.12.03-09.07.10:458][497]LogModuleManager: Shutting down and abandoning module MeshEditor (330)
[2018.12.03-09.07.10:458][497]LogModuleManager: Shutting down and abandoning module CryptoKeysOpenSSL (328)
[2018.12.03-09.07.10:458][497]LogModuleManager: Shutting down and abandoning module CryptoKeys (326)
[2018.12.03-09.07.10:458][497]LogModuleManager: Shutting down and abandoning module VisualStudioSourceCodeAccess (324)
[2018.12.03-09.07.10:458][497]LogModuleManager: Shutting down and abandoning module VisualStudioCodeSourceCodeAccess (322)
[2018.12.03-09.07.10:458][497]LogModuleManager: Shutting down and abandoning module UObjectPlugin (320)
[2018.12.03-09.07.10:458][497]LogModuleManager: Shutting down and abandoning module SubversionSourceControl (318)
[2018.12.03-09.07.10:459][497]LogModuleManager: Shutting down and abandoning module PerforceSourceControl (316)
[2018.12.03-09.07.10:459][497]LogModuleManager: Shutting down and abandoning module GitSourceControl (314)
[2018.12.03-09.07.10:459][497]LogModuleManager: Shutting down and abandoning module SourceControl (313)
[2018.12.03-09.07.10:459][497]LogModuleManager: Shutting down and abandoning module CLionSourceCodeAccess (310)
[2018.12.03-09.07.10:460][497]LogModuleManager: Shutting down and abandoning module LightPropagationVolumeEditor (308)
[2018.12.03-09.07.10:460][497]LogModuleManager: Shutting down and abandoning module PaperTiledImporter (306)
[2018.12.03-09.07.10:460][497]LogModuleManager: Shutting down and abandoning module PaperSpriteSheetImporter (304)
[2018.12.03-09.07.10:460][497]LogModuleManager: Shutting down and abandoning module Paper2DEditor (302)
[2018.12.03-09.07.10:460][497]LogModuleManager: Shutting down and abandoning module MeshPaint (301)
[2018.12.03-09.07.10:461][497]LogModuleManager: Shutting down and abandoning module RuntimePhysXCooking (298)
[2018.12.03-09.07.10:461][497]LogModuleManager: Shutting down and abandoning module PhysXVehiclesEditor (296)
[2018.12.03-09.07.10:461][497]LogModuleManager: Shutting down and abandoning module PhysXVehicles (294)
[2018.12.03-09.07.10:461][497]LogModuleManager: Shutting down and abandoning module OculusEditor (292)
[2018.12.03-09.07.10:461][497]LogModuleManager: Shutting down and abandoning module LocationServicesBPLibrary (290)
[2018.12.03-09.07.10:462][497]LogModuleManager: Shutting down and abandoning module ImmediatePhysicsEditor (288)
[2018.12.03-09.07.10:462][497]LogModuleManager: Shutting down and abandoning module ImmediatePhysics (286)
[2018.12.03-09.07.10:462][497]LogModuleManager: Shutting down and abandoning module ActorSequence (284)
[2018.12.03-09.07.10:462][497]LogModuleManager: Shutting down and abandoning module UdpMessaging (282)
[2018.12.03-09.07.10:563][497]LogModuleManager: Shutting down and abandoning module TcpMessaging (280)
[2018.12.03-09.07.10:664][497]LogModuleManager: Shutting down and abandoning module MagicLeapAudio (278)
[2018.12.03-09.07.10:664][497]LogModuleManager: Shutting down and abandoning module GameplayTagsEditor (276)
[2018.12.03-09.07.10:664][497]LogModuleManager: Shutting down and abandoning module FacialAnimationEditor (274)
[2018.12.03-09.07.10:664][497]LogModuleManager: Shutting down and abandoning module FacialAnimation (272)
[2018.12.03-09.07.10:664][497]LogModuleManager: Shutting down and abandoning module DataValidation (270)
[2018.12.03-09.07.10:664][497]LogModuleManager: Shutting down and abandoning module AssetManagerEditor (268)
[2018.12.03-09.07.10:664][497]LogModuleManager: Shutting down and abandoning module LevelEditor (267)
[2018.12.03-09.07.10:668][497]LogModuleManager: Shutting down and abandoning module PixelInspectorModule (266)
[2018.12.03-09.07.10:668][497]LogModuleManager: Shutting down and abandoning module CommonMenuExtensions (264)
[2018.12.03-09.07.10:669][497]LogModuleManager: Shutting down and abandoning module MainFrame (262)
[2018.12.03-09.07.10:669][497]LogModuleManager: Shutting down and abandoning module HotReload (261)
[2018.12.03-09.07.10:670][497]LogModuleManager: Shutting down and abandoning module ContentBrowser (257)
[2018.12.03-09.07.10:675][497]LogModuleManager: Shutting down and abandoning module TreeMap (255)
[2018.12.03-09.07.10:676][497]LogModuleManager: Shutting down and abandoning module LightPropagationVolumeRuntime (252)
[2018.12.03-09.07.10:676][497]LogModuleManager: Shutting down and abandoning module AISupportModule (250)
[2018.12.03-09.07.10:676][497]LogModuleManager: Shutting down and abandoning module Paper2D (248)
[2018.12.03-09.07.10:676][497]LogModuleManager: Shutting down and abandoning module WindowsMoviePlayer (246)
[2018.12.03-09.07.10:676][497]LogModuleManager: Shutting down and abandoning module WmfMedia (244)
[2018.12.03-09.07.10:679][497]LogModuleManager: Shutting down and abandoning module Media (243)
[2018.12.03-09.07.10:685][497]LogModuleManager: Shutting down and abandoning module PacketHandler (240)
[2018.12.03-09.07.10:686][497]LogModuleManager: Shutting down and abandoning module ClothingSystemEditor (238)
[2018.12.03-09.07.10:686][497]LogModuleManager: Shutting down and abandoning module ClothingSystemRuntime (236)
[2018.12.03-09.07.10:686][497]LogModuleManager: Shutting down and abandoning module MediaAssets (234)
[2018.12.03-09.07.10:686][497]LogModuleManager: Shutting down and abandoning module Overlay (232)
[2018.12.03-09.07.10:686][497]LogModuleManager: Shutting down and abandoning module OverlayEditor (231)
[2018.12.03-09.07.10:686][497]LogModuleManager: Shutting down and abandoning module VREditor (228)
[2018.12.03-09.07.10:686][497]LogModuleManager: Shutting down and abandoning module StringTableEditor (226)
[2018.12.03-09.07.10:686][497]LogModuleManager: Shutting down and abandoning module GameplayTasksEditor (224)
[2018.12.03-09.07.10:687][497]LogModuleManager: Shutting down and abandoning module BehaviorTreeEditor (222)
[2018.12.03-09.07.10:687][497]LogModuleManager: Shutting down and abandoning module FunctionalTesting (220)
[2018.12.03-09.07.10:687][497]LogModuleManager: Shutting down and abandoning module CollisionAnalyzer (218)
[2018.12.03-09.07.10:687][497]LogModuleManager: Shutting down and abandoning module WorkspaceMenuStructure (217)
[2018.12.03-09.07.10:687][497]LogModuleManager: Shutting down and abandoning module UMG (214)
[2018.12.03-09.07.10:687][497]LogModuleManager: Shutting down and abandoning module UMGEditor (213)
[2018.12.03-09.07.10:687][497]LogModuleManager: Shutting down and abandoning module Sequencer (212)
[2018.12.03-09.07.10:688][497]LogModuleManager: Shutting down and abandoning module MessageLog (209)
[2018.12.03-09.07.10:688][497]LogModuleManager: Shutting down and abandoning module SlateReflector (204)
[2018.12.03-09.07.10:688][497]LogModuleManager: Shutting down and abandoning module Slate (202)
[2018.12.03-09.07.10:688][497]LogModuleManager: Shutting down and abandoning module EditorStyle (200)
[2018.12.03-09.07.10:695][497]LogModuleManager: Shutting down and abandoning module MRMesh (198)
[2018.12.03-09.07.10:695][497]LogModuleManager: Shutting down and abandoning module SourceCodeAccess (196)
[2018.12.03-09.07.10:695][497]LogModuleManager: Shutting down and abandoning module HeadMountedDisplay (194)
[2018.12.03-09.07.10:695][497]LogModuleManager: Shutting down and abandoning module XAudio2 (192)
[2018.12.03-09.07.10:695][497]LogModuleManager: Shutting down and abandoning module Networking (190)
[2018.12.03-09.07.10:695][497]LogModuleManager: Shutting down and abandoning module Core (188)
[2018.12.03-09.07.10:695][497]LogModuleManager: Shutting down and abandoning module LevelSequence (186)
[2018.12.03-09.07.10:696][497]LogModuleManager: Shutting down and abandoning module KismetCompiler (184)
[2018.12.03-09.07.10:696][497]LogModuleManager: Shutting down and abandoning module MeshUtilities (182)
[2018.12.03-09.07.10:696][497]LogModuleManager: Shutting down and abandoning module MeshMergeUtilities (181)
[2018.12.03-09.07.10:696][497]LogModuleManager: Shutting down and abandoning module MeshReductionInterface (180)
[2018.12.03-09.07.10:696][497]LogModuleManager: Shutting down and abandoning module SimplygonSwarm (179)
[2018.12.03-09.07.10:696][497]LogModuleManager: Shutting down and abandoning module ProxyLODMeshReduction (177)
[2018.12.03-09.07.10:697][497]LogModuleManager: Shutting down and abandoning module SimplygonMeshReduction (175)
[2018.12.03-09.07.10:697][497]LogModuleManager: Shutting down and abandoning module QuadricMeshReduction (173)
[2018.12.03-09.07.10:697][497]LogModuleManager: Shutting down and abandoning module MaterialBaking (169)
[2018.12.03-09.07.10:697][497]LogModuleManager: Shutting down and abandoning module DirectoryWatcher (165)
[2018.12.03-09.07.10:700][497]LogModuleManager: Shutting down and abandoning module DerivedDataCache (162)
[2018.12.03-09.07.10:739][497]LogDerivedDataCache: Shutdown
[2018.12.03-09.07.10:739][497]LogModuleManager: Shutting down and abandoning module XGEController (160)
[2018.12.03-09.07.10:739][497]LogModuleManager: Shutting down and abandoning module TargetPlatform (158)
[2018.12.03-09.07.10:740][497]LogModuleManager: Shutting down and abandoning module VulkanShaderFormat (157)
[2018.12.03-09.07.10:740][497]LogModuleManager: Shutting down and abandoning module ShaderFormatVectorVM (155)
[2018.12.03-09.07.10:740][497]LogModuleManager: Shutting down and abandoning module ShaderFormatOpenGL (153)
[2018.12.03-09.07.10:740][497]LogModuleManager: Shutting down and abandoning module ShaderFormatD3D (151)
[2018.12.03-09.07.10:740][497]LogModuleManager: Shutting down and abandoning module MetalShaderFormat (149)
[2018.12.03-09.07.10:740][497]LogModuleManager: Shutting down and abandoning module TextureFormatUncompressed (147)
[2018.12.03-09.07.10:740][497]LogModuleManager: Shutting down and abandoning module TextureFormatPVR (145)
[2018.12.03-09.07.10:740][497]LogModuleManager: Shutting down and abandoning module TextureFormatDXT (143)
[2018.12.03-09.07.10:740][497]LogModuleManager: Shutting down and abandoning module TextureFormatIntelISPCTexComp (141)
[2018.12.03-09.07.10:741][497]LogModuleManager: Shutting down and abandoning module TextureFormatASTC (139)
[2018.12.03-09.07.10:741][497]LogModuleManager: Shutting down and abandoning module ImageWrapper (138)
[2018.12.03-09.07.10:741][497]LogModuleManager: Shutting down and abandoning module TextureFormatAndroid (135)
[2018.12.03-09.07.10:741][497]LogModuleManager: Shutting down and abandoning module AudioFormatOpus (133)
[2018.12.03-09.07.10:741][497]LogModuleManager: Shutting down and abandoning module AudioFormatOgg (131)
[2018.12.03-09.07.10:741][497]LogModuleManager: Shutting down and abandoning module AudioFormatADPCM (129)
[2018.12.03-09.07.10:741][497]LogModuleManager: Shutting down and abandoning module LuminTargetPlatform (127)
[2018.12.03-09.07.10:741][497]LogModuleManager: Shutting down and abandoning module LinuxTargetPlatform (125)
[2018.12.03-09.07.10:742][497]LogModuleManager: Shutting down and abandoning module LinuxServerTargetPlatform (123)
[2018.12.03-09.07.10:742][497]LogModuleManager: Shutting down and abandoning module LinuxNoEditorTargetPlatform (121)
[2018.12.03-09.07.10:742][497]LogModuleManager: Shutting down and abandoning module LinuxClientTargetPlatform (119)
[2018.12.03-09.07.10:742][497]LogModuleManager: Shutting down and abandoning module TVOSTargetPlatform (117)
[2018.12.03-09.07.10:766][497]LogModuleManager: Shutting down and abandoning module Messaging (115)
[2018.12.03-09.07.10:766][497]LogModuleManager: Shutting down and abandoning module IOSTargetPlatform (113)
[2018.12.03-09.07.10:777][497]LogModuleManager: Shutting down and abandoning module HTML5TargetPlatform (111)
[2018.12.03-09.07.10:777][497]LogModuleManager: Shutting down and abandoning module AndroidTargetPlatform (109)
[2018.12.03-09.07.10:860][497]LogModuleManager: Shutting down and abandoning module WindowsTargetPlatform (107)
[2018.12.03-09.07.10:860][497]LogModuleManager: Shutting down and abandoning module WindowsServerTargetPlatform (105)
[2018.12.03-09.07.10:860][497]LogModuleManager: Shutting down and abandoning module WindowsNoEditorTargetPlatform (103)
[2018.12.03-09.07.10:860][497]LogModuleManager: Shutting down and abandoning module WindowsClientTargetPlatform (101)
[2018.12.03-09.07.10:860][497]LogModuleManager: Shutting down and abandoning module MacTargetPlatform (99)
[2018.12.03-09.07.10:861][497]LogModuleManager: Shutting down and abandoning module MacServerTargetPlatform (97)
[2018.12.03-09.07.10:861][497]LogModuleManager: Shutting down and abandoning module MacNoEditorTargetPlatform (95)
[2018.12.03-09.07.10:861][497]LogModuleManager: Shutting down and abandoning module MacClientTargetPlatform (93)
[2018.12.03-09.07.10:861][497]LogModuleManager: Shutting down and abandoning module AllDesktopTargetPlatform (91)
[2018.12.03-09.07.10:861][497]LogModuleManager: Shutting down and abandoning module InputCore (88)
[2018.12.03-09.07.10:861][497]LogModuleManager: Shutting down and abandoning module Settings (86)
[2018.12.03-09.07.10:861][497]LogModuleManager: Shutting down and abandoning module PhysXCooking (84)
[2018.12.03-09.07.10:861][497]LogModuleManager: Shutting down and abandoning module SteamVR (82)
[2018.12.03-09.07.10:861][497]LogModuleManager: Shutting down and abandoning module OculusHMD (80)
[2018.12.03-09.07.10:862][497]LogModuleManager: Shutting down and abandoning module ExampleDeviceProfileSelector (78)
[2018.12.03-09.07.10:862][497]LogModuleManager: Shutting down and abandoning module LauncherChunkInstaller (76)
[2018.12.03-09.07.10:862][497]LogModuleManager: Shutting down and abandoning module OnlineBlueprintSupport (74)
[2018.12.03-09.07.10:862][497]LogModuleManager: Shutting down and abandoning module OnlineSubsystem (70)
[2018.12.03-09.07.10:863][497]LogModuleManager: Shutting down and abandoning module XMPP (65)
[2018.12.03-09.07.10:863][497]LogModuleManager: Shutting down and abandoning module WebSockets (64)
[2018.12.03-09.07.10:884][497]LogModuleManager: Shutting down and abandoning module HTTP (61)
[2018.12.03-09.07.10:884][497]LogHttp: Display: Http module shutting down, but needs to wait on 1 outstanding Http requests:
[2018.12.03-09.07.10:884][497]LogHttp: Display: 	verb=[POST] url=[https://datarouter.ol.epicgames.com/datarouter/api/v1/public/data?SessionID=%7BCD595D5D-4AC6-5A7F-9944-5D898568E968%7D&AppID=UEEditor.Rocket.Release&AppVersion=4.20.3-4369336%2B%2B%2BUE4%2BRelease-4.20&UserID=a6256bd0408472d2b653c782d73510f2%7C5bb51a77674340abbe5c8d267c700432%7C40b7f538-e62e-4616-9190-600d7c7a6793&AppEnvironment=datacollector-binary&UploadType=eteventstream] status=Processing
[2018.12.03-09.07.10:911][497]LogModuleManager: Shutting down and abandoning module SSL (60)
[2018.12.03-09.07.10:916][497]LogModuleManager: Shutting down and abandoning module MagicLeapEmulator (56)
[2018.12.03-09.07.10:916][497]LogModuleManager: Shutting down and abandoning module MagicLeapPrivileges (54)
[2018.12.03-09.07.10:916][497]LogModuleManager: Shutting down and abandoning module MagicLeapIdentity (52)
[2018.12.03-09.07.10:916][497]LogModuleManager: Shutting down and abandoning module MagicLeapHelperVulkan (50)
[2018.12.03-09.07.10:916][497]LogModuleManager: Shutting down and abandoning module MagicLeapHelperOpenGL (48)
[2018.12.03-09.07.10:916][497]LogModuleManager: Shutting down and abandoning module MagicLeapSecureStorage (46)
[2018.12.03-09.07.10:916][497]LogModuleManager: Shutting down and abandoning module MagicLeapGestures (44)
[2018.12.03-09.07.10:917][497]LogModuleManager: Shutting down and abandoning module MagicLeapEyeTracker (42)
[2018.12.03-09.07.10:917][497]LogModuleManager: Shutting down and abandoning module MagicLeapController (40)
[2018.12.03-09.07.10:918][497]LogSlate: Slate User Destroyed.  User Index 0, Is Virtual User: 0
[2018.12.03-09.07.10:918][497]LogModuleManager: Shutting down and abandoning module MagicLeap (38)
[2018.12.03-09.07.10:919][497]LogModuleManager: Shutting down and abandoning module AnimationModifiers (36)
[2018.12.03-09.07.10:919][497]LogModuleManager: Shutting down and abandoning module PropertyEditor (35)
[2018.12.03-09.07.10:919][497]LogModuleManager: Shutting down and abandoning module AudioEditor (32)
[2018.12.03-09.07.10:919][497]LogModuleManager: Shutting down and abandoning module TextureCompressor (30)
[2018.12.03-09.07.10:920][497]LogModuleManager: Shutting down and abandoning module ShaderCore (28)
[2018.12.03-09.07.10:920][497]LogModuleManager: Shutting down and abandoning module Landscape (26)
[2018.12.03-09.07.10:920][497]LogModuleManager: Shutting down and abandoning module SlateRHIRenderer (24)
[2018.12.03-09.07.10:922][497]LogModuleManager: Shutting down and abandoning module OpenGLDrv (22)
[2018.12.03-09.07.10:922][497]LogModuleManager: Shutting down and abandoning module D3D11RHI (20)
[2018.12.03-09.07.10:922][497]LogModuleManager: Shutting down and abandoning module AnimGraphRuntime (18)
[2018.12.03-09.07.10:922][497]LogModuleManager: Shutting down and abandoning module Renderer (16)
[2018.12.03-09.07.10:922][497]LogModuleManager: Shutting down and abandoning module Engine (14)
[2018.12.03-09.07.10:922][497]LogModuleManager: Shutting down and abandoning module CoreUObject (12)
[2018.12.03-09.07.10:922][497]LogModuleManager: Shutting down and abandoning module NetworkFile (10)
[2018.12.03-09.07.10:922][497]LogModuleManager: Shutting down and abandoning module CookedIterativeFile (8)
[2018.12.03-09.07.10:922][497]LogModuleManager: Shutting down and abandoning module StreamingFile (6)
[2018.12.03-09.07.10:922][497]LogModuleManager: Shutting down and abandoning module SandboxFile (4)
[2018.12.03-09.07.10:923][497]LogModuleManager: Shutting down and abandoning module PakFile (2)
[2018.12.03-09.07.10:943][497]LogExit: Exiting.
[2018.12.03-09.07.10:966][497]Log file closed, 12/03/18 01:07:10
