Log file open, 12/04/18 23:17:06
LogWindows: Failed to load 'aqProf.dll' (GetLastError=126)
LogWindows: File 'aqProf.dll' does not exist
LogWindows: Failed to load 'VSPerf140.dll' (GetLastError=126)
LogWindows: File 'VSPerf140.dll' does not exist
LogWindows: Failed to load 'VtuneApi.dll' (GetLastError=126)
LogWindows: File 'VtuneApi.dll' does not exist
LogWindows: Failed to load 'VtuneApi32e.dll' (GetLastError=126)
LogWindows: File 'VtuneApi32e.dll' does not exist
LogInit: Display: Running engine for game: smolworld
LogPlatformFile: Not using cached read wrapper
LogTaskGraph: Started task graph with 5 named threads and 23 total threads with 3 sets of task threads.
LogStats: Stats thread started at 0.311690
LogD3D11RHI: Loaded GFSDK_Aftermath_Lib.x64.dll
LogICUInternationalization: Display: ICU TimeZone Detection - Raw Offset: -8:00, Platform Override: ''
LogPluginManager: Mounting plugin Paper2D
LogPluginManager: Mounting plugin AISupport
LogPluginManager: Mounting plugin LightPropagationVolume
LogPluginManager: Mounting plugin CLionSourceCodeAccess
LogPluginManager: Mounting plugin CodeLiteSourceCodeAccess
LogPluginManager: Mounting plugin GitSourceControl
LogPluginManager: Mounting plugin KDevelopSourceCodeAccess
LogPluginManager: Mounting plugin NullSourceCodeAccess
LogPluginManager: Mounting plugin PerforceSourceControl
LogPluginManager: Mounting plugin SubversionSourceControl
LogPluginManager: Mounting plugin UObjectPlugin
LogPluginManager: Mounting plugin VisualStudioCodeSourceCodeAccess
LogPluginManager: Mounting plugin VisualStudioSourceCodeAccess
LogPluginManager: Mounting plugin XCodeSourceCodeAccess
LogPluginManager: Mounting plugin AssetManagerEditor
LogPluginManager: Mounting plugin CryptoKeys
LogPluginManager: Mounting plugin DataValidation
LogPluginManager: Mounting plugin FacialAnimation
LogPluginManager: Mounting plugin GameplayTagsEditor
LogPluginManager: Mounting plugin MacGraphicsSwitching
LogPluginManager: Mounting plugin MeshEditor
LogPluginManager: Mounting plugin MobileLauncherProfileWizard
LogPluginManager: Mounting plugin PluginBrowser
LogPluginManager: Mounting plugin SpeedTreeImporter
LogPluginManager: Mounting plugin DatasmithContent
LogPluginManager: Mounting plugin AlembicImporter
LogPluginManager: Mounting plugin AppleImageUtils
LogPluginManager: Mounting plugin AppleVision
LogPluginManager: Mounting plugin BackChannel
LogPluginManager: Mounting plugin CharacterAI
LogPluginManager: Mounting plugin GeometryCache
LogPluginManager: Mounting plugin HTML5Networking
LogPluginManager: Mounting plugin ProxyLODPlugin
LogPluginManager: Mounting plugin MagicLeap
LogPluginManager: Mounting plugin MagicLeapEmulator
LogPluginManager: Mounting plugin MagicLeapMedia
LogPluginManager: Mounting plugin AndroidMedia
LogPluginManager: Mounting plugin AvfMedia
LogPluginManager: Mounting plugin ImgMedia
LogPluginManager: Mounting plugin LinearTimecode
LogPluginManager: Mounting plugin MediaCompositing
LogPluginManager: Mounting plugin MediaPlayerEditor
LogPluginManager: Mounting plugin WmfMedia
LogPluginManager: Mounting plugin TcpMessaging
LogPluginManager: Mounting plugin UdpMessaging
LogPluginManager: Mounting plugin ActorSequence
LogPluginManager: Mounting plugin LevelSequenceEditor
LogPluginManager: Mounting plugin MatineeToLevelSequence
LogPluginManager: Mounting plugin NetcodeUnitTest
LogPluginManager: Mounting plugin NUTUnrealEngine4
LogPluginManager: Mounting plugin OnlineSubsystemGooglePlay
LogPluginManager: Mounting plugin OnlineSubsystemIOS
LogPluginManager: Mounting plugin OnlineSubsystem
LogPluginManager: Mounting plugin OnlineSubsystemNull
LogPluginManager: Mounting plugin OnlineSubsystemUtils
LogPluginManager: Mounting plugin LauncherChunkInstaller
LogPluginManager: Mounting plugin AndroidDeviceProfileSelector
LogPluginManager: Mounting plugin AndroidMoviePlayer
LogPluginManager: Mounting plugin AndroidPermission
LogPluginManager: Mounting plugin AppleMoviePlayer
LogPluginManager: Mounting plugin ArchVisCharacter
LogPluginManager: Mounting plugin AudioCapture
LogPluginManager: Mounting plugin CableComponent
LogPluginManager: Mounting plugin CustomMeshComponent
LogPluginManager: Mounting plugin EditableMesh
LogPluginManager: Mounting plugin ExampleDeviceProfileSelector
LogPluginManager: Mounting plugin GoogleCloudMessaging
LogPluginManager: Mounting plugin ImmediatePhysics
LogPluginManager: Mounting plugin IOSDeviceProfileSelector
LogPluginManager: Mounting plugin LinuxDeviceProfileSelector
LogPluginManager: Mounting plugin LocationServicesBPLibrary
LogPluginManager: Mounting plugin MobilePatchingUtils
LogPluginManager: Mounting plugin OculusVR
LogPluginManager: Plugin shader directory ../../../Engine/Plugins/Runtime/Oculus/OculusVR/Shaders found
LogPluginManager: Mapping shader source directory ../../../Engine/Plugins/Runtime/Oculus/OculusVR/Shaders to virtual directory /Plugin/OculusVR
LogPluginManager: Mounting plugin PhysXVehicles
LogPluginManager: Mounting plugin ProceduralMeshComponent
LogPluginManager: Mounting plugin RuntimePhysXCooking
LogPluginManager: Mounting plugin SteamVR
LogPluginManager: Mounting plugin WindowsMoviePlayer
LogStreaming: Display: Took  0.200s to configure plugins.
LogInit: Using libcurl 7.55.1-DEV
LogInit:  - built for x86_64-pc-win32
LogInit:  - supports SSL with OpenSSL/1.0.2h
LogInit:  - supports HTTP deflate (compression) using libz 1.2.8
LogInit:  - other features:
LogInit:      CURL_VERSION_SSL
LogInit:      CURL_VERSION_LIBZ
LogInit:      CURL_VERSION_IPV6
LogInit:      CURL_VERSION_ASYNCHDNS
LogInit:      CURL_VERSION_LARGEFILE
LogInit:      CURL_VERSION_IDN
LogInit:  CurlRequestOptions (configurable via config and command line):
LogInit:  - bVerifyPeer = false  - Libcurl will NOT verify peer certificate
LogInit:  - bUseHttpProxy = false  - Libcurl will NOT use HTTP proxy
LogInit:  - bDontReuseConnections = false  - Libcurl will reuse connections
LogInit:  - CertBundlePath = nullptr  - Libcurl will use whatever was configured at build time.
LogInit:  - MaxHostConnections = 16  - Libcurl will limit the number of connections to a host
LogInit:  - LocalHostAddr = Default
LogInit:  - BufferSize = 65536
LogInit: WinSock: version 1.1 (2.2), MaxSocks=32767, MaxUdp=65467
LogInit: Build: ++UE4+Release-4.20-CL-4369336
LogInit: Engine Version: 4.20.3-4369336+++UE4+Release-4.20
LogInit: Compatible Engine Version: 4.20.0-4212847+++UE4+Release-4.20
LogInit: Net CL: 4212847
LogInit: OS: Windows 10 (), CPU: Intel(R) Core(TM) i7-7700HQ CPU @ 2.80GHz, GPU: Intel(R) HD Graphics 630
LogInit: Compiled (64-bit): Sep 17 2018 12:26:19
LogInit: Compiled with Visual C++: 19.13.26129.00
LogInit: Build Configuration: Development
LogInit: Branch Name: ++UE4+Release-4.20
LogInit: Command Line: 
LogInit: Base Directory: C:/Program Files/Epic Games/UE_4.20/Engine/Binaries/Win64/
LogInit: Installed Engine Build: 1
LogDevObjectVersion: Number of dev versions registered: 20
LogDevObjectVersion:   Dev-Blueprints (B0D832E4-1F89-4F0D-ACCF-7EB736FD4AA2): 10
LogDevObjectVersion:   Dev-Build (E1C64328-A22C-4D53-A36C-8E866417BD8C): 0
LogDevObjectVersion:   Dev-Core (375EC13C-06E4-48FB-B500-84F0262A717E): 2
LogDevObjectVersion:   Dev-Editor (E4B068ED-F494-42E9-A231-DA0B2E46BB41): 24
LogDevObjectVersion:   Dev-Framework (CFFC743F-43B0-4480-9391-14DF171D2073): 34
LogDevObjectVersion:   Dev-Mobile (B02B49B5-BB20-44E9-A304-32B752E40360): 2
LogDevObjectVersion:   Dev-Networking (A4E4105C-59A1-49B5-A7C5-40C4547EDFEE): 0
LogDevObjectVersion:   Dev-Online (39C831C9-5AE6-47DC-9A44-9C173E1C8E7C): 0
LogDevObjectVersion:   Dev-Physics (78F01B33-EBEA-4F98-B9B4-84EACCB95AA2): 0
LogDevObjectVersion:   Dev-Platform (6631380F-2D4D-43E0-8009-CF276956A95A): 0
LogDevObjectVersion:   Dev-Rendering (12F88B9F-8875-4AFC-A67C-D90C383ABD29): 26
LogDevObjectVersion:   Dev-Sequencer (7B5AE74C-D270-4C10-A958-57980B212A5A): 9
LogDevObjectVersion:   Dev-VR (D7296918-1DD6-4BDD-9DE2-64A83CC13884): 2
LogDevObjectVersion:   Dev-LoadTimes (C2A15278-BFE7-4AFE-6C17-90FF531DF755): 1
LogDevObjectVersion:   Private-Geometry (6EACA3D4-40EC-4CC1-B786-8BED09428FC5): 3
LogDevObjectVersion:   Dev-AnimPhys (29E575DD-E0A3-4627-9D10-D276232CDCEA): 17
LogDevObjectVersion:   Dev-ReflectionCapture (6B266CEC-1EC7-4B8F-A30B-E4D90942FC07): 1
LogDevObjectVersion:   Dev-Automation (0DF73D61-A23F-47EA-B727-89E90C41499A): 1
LogDevObjectVersion:   FortniteMain (601D1886-AC64-4F84-AA16-D3DE0DEAC7D6): 12
LogDevObjectVersion:   Dev-Enterprise (9DFFBCD6-494F-0158-E221-12823C92A888): 1
LogStreaming: Display: Took  0.003s to delete old logs.
LogInit: Presizing for max 8388607 objects, including 0 objects not considered by GC, pre-allocating 0 bytes for permanent pool.
LogInit: Object subsystem initialized
[2018.12.05-07.17.07:015][  0]LogInit: Selected Device Profile: [Windows]
[2018.12.05-07.17.07:015][  0]LogInit: Applying CVar settings loaded from the selected device profile: [Windows]
[2018.12.05-07.17.07:027][  0]LogHAL: Display: Platform has ~ 16 GB [17031376896 / 17179869184 / 16], which maps to Larger [LargestMinGB=32, LargerMinGB=12, DefaultMinGB=8, SmallerMinGB=6, SmallestMinGB=0)
[2018.12.05-07.17.07:027][  0]LogInit: Setting Device Profile CVar: [[r.Vulkan.UseRealUBs:1]]
[2018.12.05-07.17.07:027][  0]LogInit: Going up to parent DeviceProfile []
[2018.12.05-07.17.07:027][  0]LogInit: Computer: TRASH
[2018.12.05-07.17.07:027][  0]LogInit: User: Maria
[2018.12.05-07.17.07:027][  0]LogInit: CPU Page size=4096, Cores=4
[2018.12.05-07.17.07:027][  0]LogInit: High frequency timer resolution =2.742185 MHz
[2018.12.05-07.17.07:027][  0]LogMemory: Memory total: Physical=15.9GB (16GB approx)
[2018.12.05-07.17.07:027][  0]LogMemory: Platform Memory Stats for Windows
[2018.12.05-07.17.07:027][  0]LogMemory: Process Physical Memory: 100.10 MB used, 100.10 MB peak
[2018.12.05-07.17.07:027][  0]LogMemory: Process Virtual Memory: 91.06 MB used, 91.06 MB peak
[2018.12.05-07.17.07:027][  0]LogMemory: Physical Memory: 6150.55 MB used,  10091.84 MB free, 16242.39 MB total
[2018.12.05-07.17.07:027][  0]LogMemory: Virtual Memory: 4630.68 MB used,  10091.84 MB free, 134217728.00 MB total
[2018.12.05-07.17.07:064][  0]LogInit: Using OS detected language (en-US).
[2018.12.05-07.17.07:064][  0]LogInit: Using OS detected locale (en-US).
[2018.12.05-07.17.07:066][  0]LogTextLocalizationManager: No specific localization for 'en-US' exists, so the 'en' localization will be used.
[2018.12.05-07.17.07:509][  0]LogStreaming: Display: Took  0.445s to InitEngineTextLocalization.
[2018.12.05-07.17.07:566][  0]LogSlate: New Slate User Created.  User Index 0, Is Virtual User: 0
[2018.12.05-07.17.07:566][  0]LogSlate: Slate User Registered.  User Index 0, Is Virtual User: 0
[2018.12.05-07.17.07:927][  0]LogHMD: Failed to initialize OpenVR with code 110
[2018.12.05-07.17.07:927][  0]LogD3D11RHI: D3D11 adapters:
[2018.12.05-07.17.08:013][  0]LogD3D11RHI:    0. 'NVIDIA GeForce GTX 1050' (Feature Level 11_0)
[2018.12.05-07.17.08:013][  0]LogD3D11RHI:       1979/0/8121 MB DedicatedVideo/DedicatedSystem/SharedSystem, Outputs:2, VendorId:0x10de
[2018.12.05-07.17.08:028][  0]LogD3D11RHI:    1. 'Intel(R) HD Graphics 630' (Feature Level 11_0)
[2018.12.05-07.17.08:028][  0]LogD3D11RHI:       128/0/8121 MB DedicatedVideo/DedicatedSystem/SharedSystem, Outputs:0, VendorId:0x8086
[2018.12.05-07.17.08:031][  0]LogD3D11RHI:    2. 'Microsoft Basic Render Driver' (Feature Level 11_0)
[2018.12.05-07.17.08:031][  0]LogD3D11RHI:       0/0/8121 MB DedicatedVideo/DedicatedSystem/SharedSystem, Outputs:0, VendorId:0x1414
[2018.12.05-07.17.08:031][  0]LogD3D11RHI: Chosen D3D11 Adapter: 0
[2018.12.05-07.17.08:063][  0]LogD3D11RHI: Creating new Direct3DDevice
[2018.12.05-07.17.08:063][  0]LogD3D11RHI:     GPU DeviceId: 0x1c8d (for the marketing name, search the web for "GPU Device Id")
[2018.12.05-07.17.08:063][  0]LogWindows: EnumDisplayDevices:
[2018.12.05-07.17.08:063][  0]LogWindows:    0. 'Intel(R) HD Graphics 630' (P:1 D:1)
[2018.12.05-07.17.08:064][  0]LogWindows:    1. 'Intel(R) HD Graphics 630' (P:0 D:1)
[2018.12.05-07.17.08:064][  0]LogWindows:    2. 'Intel(R) HD Graphics 630' (P:0 D:0)
[2018.12.05-07.17.08:064][  0]LogWindows: DebugString: PrimaryIsNotTheChoosenAdapter PrimaryIsNotTheChoosenAdapter PrimaryIsNotTheChoosenAdapter FoundDriverCount:0 
[2018.12.05-07.17.08:064][  0]LogD3D11RHI:     Adapter Name: NVIDIA GeForce GTX 1050
[2018.12.05-07.17.08:064][  0]LogD3D11RHI:   Driver Version: Unknown (internal:Unknown, unified:Unknown)
[2018.12.05-07.17.08:064][  0]LogD3D11RHI:      Driver Date: Unknown
[2018.12.05-07.17.08:064][  0]LogRHI: Texture pool is 1385 MB (70% of 1979 MB)
[2018.12.05-07.17.08:123][  0]LogD3D11RHI: Async texture creation enabled
[2018.12.05-07.17.08:147][  0]LogD3D11RHI: GPU Timing Frequency: 1000.000000 (Debug: 2 2)
[2018.12.05-07.17.08:148][  0]LogShaderCompilers: Guid format shader working directory is -30 characters bigger than the processId version (../../../../../../Users/Maria/Documents/Unreal Projects/Small-World/smolworld/Intermediate/Shaders/WorkingDirectory/904/).
[2018.12.05-07.17.08:148][  0]LogShaderCompilers: Cleaned the shader compiler working directory 'C:/Users/Maria/AppData/Local/Temp/UnrealShaderWorkingDir/AD8037234F6975A89BF10AA6B1DEACFD/'.
[2018.12.05-07.17.08:534][  0]LogTemp: Display: Loaded TP AllDesktopTargetPlatform
[2018.12.05-07.17.08:551][  0]LogTemp: Display: Loaded TP MacClientTargetPlatform
[2018.12.05-07.17.08:569][  0]LogTemp: Display: Loaded TP MacNoEditorTargetPlatform
[2018.12.05-07.17.08:586][  0]LogTemp: Display: Loaded TP MacServerTargetPlatform
[2018.12.05-07.17.08:604][  0]LogTemp: Display: Loaded TP MacTargetPlatform
[2018.12.05-07.17.08:621][  0]LogTemp: Display: Loaded TP WindowsClientTargetPlatform
[2018.12.05-07.17.08:638][  0]LogTemp: Display: Loaded TP WindowsNoEditorTargetPlatform
[2018.12.05-07.17.08:655][  0]LogTemp: Display: Loaded TP WindowsServerTargetPlatform
[2018.12.05-07.17.08:665][  0]LogTemp: Display: Loaded TP WindowsTargetPlatform
[2018.12.05-07.17.08:762][  0]LogTemp: Display: Loaded TP AndroidTargetPlatform
[2018.12.05-07.17.08:762][  0]LogTemp: Display: Loaded TP AndroidTargetPlatform
[2018.12.05-07.17.08:762][  0]LogTemp: Display: Loaded TP AndroidTargetPlatform
[2018.12.05-07.17.08:762][  0]LogTemp: Display: Loaded TP AndroidTargetPlatform
[2018.12.05-07.17.08:762][  0]LogTemp: Display: Loaded TP AndroidTargetPlatform
[2018.12.05-07.17.08:762][  0]LogTemp: Display: Loaded TP AndroidTargetPlatform
[2018.12.05-07.17.08:762][  0]LogTemp: Display: Loaded TP AndroidTargetPlatform
[2018.12.05-07.17.08:762][  0]LogTemp: Display: Loaded TP AndroidTargetPlatform
[2018.12.05-07.17.08:762][  0]LogTemp: Display: Loaded TP AndroidTargetPlatform
[2018.12.05-07.17.08:762][  0]LogTemp: Display: Loaded TP AndroidTargetPlatform
[2018.12.05-07.17.08:762][  0]LogTemp: Display: Loaded TP AndroidTargetPlatform
[2018.12.05-07.17.08:762][  0]LogTemp: Display: Loaded TP AndroidTargetPlatform
[2018.12.05-07.17.08:762][  0]LogTemp: Display: Loaded TP AndroidTargetPlatform
[2018.12.05-07.17.08:762][  0]LogTemp: Display: Loaded TP AndroidTargetPlatform
[2018.12.05-07.17.08:762][  0]LogTemp: Display: Loaded TP AndroidTargetPlatform
[2018.12.05-07.17.08:762][  0]LogTemp: Display: Loaded TP AndroidTargetPlatform
[2018.12.05-07.17.08:762][  0]LogTemp: Display: Loaded TP AndroidTargetPlatform
[2018.12.05-07.17.08:762][  0]LogTemp: Display: Loaded TP AndroidTargetPlatform
[2018.12.05-07.17.08:764][  0]LogTemp: Display: Loaded TP HTML5TargetPlatform
[2018.12.05-07.17.08:831][  0]LogTemp: Display: Loaded TP IOSTargetPlatform
[2018.12.05-07.17.08:831][  0]LogTemp: Display: Loaded TP IOSTargetPlatform
[2018.12.05-07.17.08:881][  0]LogTemp: Display: Loaded TP TVOSTargetPlatform
[2018.12.05-07.17.08:881][  0]LogTemp: Display: Loaded TP TVOSTargetPlatform
[2018.12.05-07.17.08:899][  0]LogTemp: Display: Loaded TP LinuxClientTargetPlatform
[2018.12.05-07.17.08:914][  0]LogTemp: Display: Loaded TP LinuxNoEditorTargetPlatform
[2018.12.05-07.17.08:928][  0]LogTemp: Display: Loaded TP LinuxServerTargetPlatform
[2018.12.05-07.17.08:944][  0]LogTemp: Display: Loaded TP LinuxTargetPlatform
[2018.12.05-07.17.08:954][  0]LogTemp: Display: Loaded TP LuminTargetPlatform
[2018.12.05-07.17.08:955][  0]LogTargetPlatformManager: Display: Building Assets For Windows
[2018.12.05-07.17.09:053][  0]LogXGEController: Cleaning working directory: C:/Users/Maria/AppData/Local/Temp/UnrealXGEWorkingDir/
[2018.12.05-07.17.09:053][  0]LogXGEController: Cannot use XGE Controller as Incredibuild is not installed on this machine.
[2018.12.05-07.17.09:053][  0]LogShaderCompilers: Cannot use XGE Shader Compiler as Incredibuild is not installed on this machine.
[2018.12.05-07.17.09:053][  0]LogShaderCompilers: Display: Using Local Shader Compiler.
[2018.12.05-07.17.09:997][  0]LogDerivedDataCache: Display: Max Cache Size: 512 MB
[2018.12.05-07.17.10:063][  0]LogDerivedDataCache: Loaded boot cache 0.07s 71MB C:/Users/Maria/AppData/Local/UnrealEngine/4.20/DerivedDataCache/Boot.ddc.
[2018.12.05-07.17.10:063][  0]LogDerivedDataCache: Display: Loaded Boot cache: C:/Users/Maria/AppData/Local/UnrealEngine/4.20/DerivedDataCache/Boot.ddc
[2018.12.05-07.17.10:063][  0]LogDerivedDataCache: FDerivedDataBackendGraph:  Pak pak cache file ../../../../../../Users/Maria/Documents/Unreal Projects/Small-World/smolworld/DerivedDataCache/DDC.ddp not found, will not use a pak cache.
[2018.12.05-07.17.10:063][  0]LogDerivedDataCache: Unable to find inner node Pak for hierarchical cache Hierarchy.
[2018.12.05-07.17.10:063][  0]LogDerivedDataCache: FDerivedDataBackendGraph:  CompressedPak pak cache file ../../../../../../Users/Maria/Documents/Unreal Projects/Small-World/smolworld/DerivedDataCache/Compressed.ddp not found, will not use a pak cache.
[2018.12.05-07.17.10:063][  0]LogDerivedDataCache: Unable to find inner node CompressedPak for hierarchical cache Hierarchy.
[2018.12.05-07.17.10:079][  0]LogDerivedDataCache: Display: Pak cache opened for reading ../../../Engine/DerivedDataCache/Compressed.ddp.
[2018.12.05-07.17.10:092][  0]LogDerivedDataCache: Using Local data cache path C:/Users/Maria/AppData/Local/UnrealEngine/Common/DerivedDataCache: Writable
[2018.12.05-07.17.10:092][  0]LogDerivedDataCache: Shared data cache path not found in *engine.ini, will not use an Shared cache.
[2018.12.05-07.17.10:092][  0]LogDerivedDataCache: Unable to find inner node Shared for hierarchical cache Hierarchy.
[2018.12.05-07.17.10:115][  0]LogMaterial: Verifying Global Shaders for PCD3D_SM5
[2018.12.05-07.17.10:116][  0]LogSlate: Using FreeType 2.6.0
[2018.12.05-07.17.10:117][  0]LogSlate: SlateFontServices - WITH_FREETYPE: 1, WITH_HARFBUZZ: 1
[2018.12.05-07.17.10:218][  0]LogAssetRegistry: FAssetRegistry took 0.0267 seconds to start up
[2018.12.05-07.17.10:780][  0]LogInit: Selected Device Profile: [Windows]
[2018.12.05-07.17.10:868][  0]LogSimplygon: Simplygon DLL not present - disabling.
[2018.12.05-07.17.10:874][  0]LogMeshReduction: Using SimplygonSwarm for distributed automatic mesh merging
[2018.12.05-07.17.10:874][  0]LogMeshReduction: Using ProxyLODMeshReduction for automatic mesh merging
[2018.12.05-07.17.10:874][  0]LogMeshReduction: Using QuadricMeshReduction for automatic static mesh reduction
[2018.12.05-07.17.10:874][  0]LogMeshReduction: No automatic skeletal mesh reduction module available
[2018.12.05-07.17.10:992][  0]LogNetVersion: smolworld 1.0.0, NetCL: 4212847, EngineNetVer: 5, GameNetVer: 0 (Checksum: 2808104013)
[2018.12.05-07.17.11:601][  0]LogPackageLocalizationCache: Processed 11 localized package path(s) for 2 prioritized culture(s) in 0.129152 seconds
[2018.12.05-07.17.11:608][  0]LogUObjectArray: 38425 objects as part of root set at end of initial load.
[2018.12.05-07.17.11:608][  0]LogUObjectAllocator: 6690864 out of 0 bytes used by permanent object pool.
[2018.12.05-07.17.11:608][  0]LogUObjectArray: CloseDisregardForGC: 0/0 objects in disregard for GC pool
[2018.12.05-07.17.12:895][  0]LogTcpMessaging: Initializing TcpMessaging bridge
[2018.12.05-07.17.12:909][  0]LogUdpMessaging: Initializing bridge on interface 0.0.0.0:0 to multicast group 230.0.0.1:6666.
[2018.12.05-07.17.13:072][  0]SourceControl: Source control is disabled
[2018.12.05-07.17.13:072][  0]SourceControl: Source control is disabled
[2018.12.05-07.17.13:074][  0]SourceControl: Source control is disabled
[2018.12.05-07.17.13:075][  0]SourceControl: Source control is disabled
[2018.12.05-07.17.13:281][  0]LogAndroidPermission: UAndroidPermissionCallbackProxy::GetInstance
[2018.12.05-07.17.13:434][  0]LogOcInput: OculusInput pre-init called
[2018.12.05-07.17.13:510][  0]LogEngine: Initializing Engine...
[2018.12.05-07.17.13:511][  0]LogHMD: Failed to initialize OpenVR with code 110
[2018.12.05-07.17.13:513][  0]LogStats: UGameplayTagsManager::ConstructGameplayTagTree: ImportINI prefixes -  0.000 s
[2018.12.05-07.17.13:513][  0]LogStats: UGameplayTagsManager::ConstructGameplayTagTree: Construct from data asset -  0.000 s
[2018.12.05-07.17.13:513][  0]LogStats: UGameplayTagsManager::ConstructGameplayTagTree: ImportINI -  0.000 s
[2018.12.05-07.17.13:513][  0]LogStats: UGameplayTagsManager::ConstructGameplayTagTree: GameplayTagTreeChangedEvent.Broadcast -  0.000 s
[2018.12.05-07.17.13:748][  0]LogInit: Initializing FReadOnlyCVARCache
[2018.12.05-07.17.13:773][  0]LogAIModule: Creating AISystem for world Untitled
[2018.12.05-07.17.13:802][  0]LogInit: XAudio2 using 'DX-24E150A11 (Intel(R) Display Audio)' : 2 channels at 48 kHz using 16 bits per sample (channel mask 0x3)
[2018.12.05-07.17.13:840][  0]LogInit: FAudioDevice initialized.
[2018.12.05-07.17.13:841][  0]LogNetVersion: Set ProjectVersion to 1.0.0.0. Version Checksum will be recalculated on next use.
[2018.12.05-07.17.13:895][  0]LogDerivedDataCache: Saved boot cache 0.05s 71MB C:/Users/Maria/AppData/Local/UnrealEngine/4.20/DerivedDataCache/Boot.ddc.
[2018.12.05-07.17.13:903][  0]LogInit: Texture streaming: Enabled
[2018.12.05-07.17.13:934][  0]LogEngineSessionManager: EngineSessionManager initialized
[2018.12.05-07.17.13:934][  0]LogEngineSessionManager: EngineSessionManager sent abnormal shutdown report. Type=Crashed, SessionId={43A3EBAD-457F-3E1A-6E17-44848DF7501F}
[2018.12.05-07.17.13:953][  0]LogInit: Transaction tracking system initialized
[2018.12.05-07.17.13:992][  0]BlueprintLog: New page: Editor Load
[2018.12.05-07.17.14:118][  0]LocalizationService: Localization service is disabled
[2018.12.05-07.17.14:448][  0]LogCook: Display: Max memory allowance for cook 16384mb min free memory 0mb
[2018.12.05-07.17.14:448][  0]LogCook: Display: Mobile HDR setting 1
[2018.12.05-07.17.14:448][  0]LogGameplayTags: Display: UGameplayTagsManager::DoneAddingNativeTags. DelegateIsBound: 0
[2018.12.05-07.17.14:448][  0]LogStats: UGameplayTagsManager::ConstructGameplayTagTree: ImportINI prefixes -  0.000 s
[2018.12.05-07.17.14:448][  0]LogStats: UGameplayTagsManager::ConstructGameplayTagTree: Construct from data asset -  0.000 s
[2018.12.05-07.17.14:448][  0]LogStats: UGameplayTagsManager::ConstructGameplayTagTree: ImportINI -  0.000 s
[2018.12.05-07.17.14:448][  0]LogStats: UGameplayTagsManager::ConstructGameplayTagTree: GameplayTagTreeChangedEvent.Broadcast -  0.000 s
[2018.12.05-07.17.14:644][  0]LogFileCache: Scanning file cache for directory 'C:/Users/Maria/Documents/Unreal Projects/Small-World/smolworld/Content/' took 0.02s
[2018.12.05-07.17.14:661][  0]SourceControl: Source control is disabled
[2018.12.05-07.17.14:661][  0]Cmd: MAP LOAD FILE="../../../../../../Users/Maria/Documents/Unreal Projects/Small-World/smolworld/Content/FirstPersonBP/Maps/FirstPersonExampleMap.umap" TEMPLATE=0 SHOWPROGRESS=1 FEATURELEVEL=3
[2018.12.05-07.17.14:662][  0]LightingResults: New page: Lighting Build
[2018.12.05-07.17.14:671][  0]MapCheck: New page: Map Check
[2018.12.05-07.17.14:671][  0]LightingResults: New page: Lighting Build
[2018.12.05-07.17.15:355][  0]LogAIModule: Creating AISystem for world FirstPersonExampleMap
[2018.12.05-07.17.15:367][  0]LogEditorServer: Finished looking for orphan Actors (0.000 secs)
[2018.12.05-07.17.15:396][  0]Cmd: MAP CHECKDEP NOCLEARLOG
[2018.12.05-07.17.15:518][  0]MapCheck: Map check complete: 0 Error(s), 0 Warning(s), took 121.674ms to complete.
[2018.12.05-07.17.15:518][  0]LogFileHelpers: Loading map 'FirstPersonExampleMap' took 0.857
[2018.12.05-07.17.15:631][  0]LogSlate: Updating window title bar state: overlay mode, drag disabled, window buttons hidden, title bar hidden
[2018.12.05-07.17.15:640][  0]LogSlate: Updating window title bar state: overlay mode, drag disabled, window buttons hidden, title bar hidden
[2018.12.05-07.17.15:648][  0]LogSlate: Updating window title bar state: overlay mode, drag disabled, window buttons hidden, title bar hidden
[2018.12.05-07.17.15:657][  0]LogSlate: Updating window title bar state: overlay mode, drag disabled, window buttons hidden, title bar hidden
[2018.12.05-07.17.15:669][  0]LogCollectionManager: Loaded 0 collections in 0.003734 seconds
[2018.12.05-07.17.15:738][  0]LogFileCache: Scanning file cache for directory 'C:/Users/Maria/Documents/Unreal Projects/Small-World/smolworld/Saved/Collections/' took 0.01s
[2018.12.05-07.17.15:738][  0]LogFileCache: Scanning file cache for directory 'C:/Users/Maria/Documents/Unreal Projects/Small-World/smolworld/Content/Developers/Maria/Collections/' took 0.01s
[2018.12.05-07.17.15:738][  0]LogFileCache: Scanning file cache for directory 'C:/Users/Maria/Documents/Unreal Projects/Small-World/smolworld/Content/Collections/' took 0.01s
[2018.12.05-07.17.15:738][  0]LogCollectionManager: Rebuilt the GUID cache for 0 collections in 0.000000 seconds
[2018.12.05-07.17.15:750][  0]LogContentBrowser: Native class hierarchy populated in 0.0121 seconds. Added 2572 classes and 603 folders.
[2018.12.05-07.17.15:762][  0]LogContentBrowser: Native class hierarchy updated for 'WidgetCarousel' in 0.0003 seconds. Added 0 classes and 0 folders.
[2018.12.05-07.17.15:844][  0]LogContentBrowser: Native class hierarchy updated for 'AddContentDialog' in 0.0003 seconds. Added 0 classes and 0 folders.
[2018.12.05-07.17.15:851][  0]LogContentBrowser: Native class hierarchy updated for 'SceneOutliner' in 0.0003 seconds. Added 1 classes and 2 folders.
[2018.12.05-07.17.15:869][  0]LogSlate: Took 0.000381 seconds to synchronously load lazily loaded font '../../../Engine/Content/Slate/Fonts/Roboto-Regular.ttf' (155K)
[2018.12.05-07.17.15:871][  0]LogSlate: Took 0.000262 seconds to synchronously load lazily loaded font '../../../Engine/Content/Slate/Fonts/Roboto-Bold.ttf' (160K)
[2018.12.05-07.17.15:877][  0]LogSlate: Took 0.000396 seconds to synchronously load lazily loaded font '../../../Engine/Content/Editor/Slate/Fonts/FontAwesome.ttf' (139K)
[2018.12.05-07.17.15:969][  0]LogRenderer: Reallocating scene render targets to support 812x456 Format 9 NumSamples 1 (Frame:1).
[2018.12.05-07.17.16:115][  0]LogContentBrowser: Native class hierarchy updated for 'HierarchicalLODOutliner' in 0.0003 seconds. Added 0 classes and 0 folders.
[2018.12.05-07.17.16:115][  0]LogLoad: (Engine Initialization) Total time: 11.70 seconds
[2018.12.05-07.17.16:115][  0]LogLoad: (Engine Initialization) Total Blueprint compile time: 0.00 seconds
[2018.12.05-07.17.16:160][  0]LogContentStreaming: Texture pool size now 800 MB
[2018.12.05-07.17.16:236][  0]LogSlate: Took 0.000590 seconds to synchronously load lazily loaded font '../../../Engine/Content/Slate/Fonts/Roboto-Light.ttf' (167K)
[2018.12.05-07.17.16:427][  2]LogAssetRegistry: Asset discovery search completed in 6.2311 seconds
[2018.12.05-07.17.16:430][  2]LogCollectionManager: Rebuilt the object cache for 0 collections in 0.000000 seconds (found 0 objects)
[2018.12.05-07.17.16:430][  2]LogCollectionManager: Fixed up redirectors for 0 collections in 0.000069 seconds (updated 0 objects)
[2018.12.05-07.17.17:764][  6]LogSlate: Took 0.000881 seconds to synchronously load lazily loaded font '../../../Engine/Content/Slate/Fonts/Roboto-Light.ttf' (167K)
[2018.12.05-07.17.18:010][  7]LogSlate: FSceneViewport::OnFocusLost() reason 0
[2018.12.05-07.17.22:088][348]LogAIModule: Creating AISystem for world small
[2018.12.05-07.17.22:090][348]LogMaterial: Warning: Material /Game/smallworld/Meshes/shade_clothing.shade_clothing needed to have new flag set bUsedWithInstancedStaticMeshes !
[2018.12.05-07.17.22:095][348]LogMaterial: Display: Missing cached shader map for material shade_clothing, compiling. 
[2018.12.05-07.17.22:178][348]MapCheck: Warning: shade_clothing Material /Game/smallworld/Meshes/shade_clothing.shade_clothing was missing the usage flag bUsedWithInstancedStaticMeshes. If the material asset is not re-saved, it may not render correctly when run outside the editor. Fix
[2018.12.05-07.17.22:194][348]LogShaderCompilers: Display: Shaders left to compile 81
[2018.12.05-07.17.22:194][348]LogShaderCompilers: Display: Shaders left to compile 71
[2018.12.05-07.17.22:194][348]LogShaderCompilers: Display: Shaders left to compile 61
[2018.12.05-07.17.22:194][348]LogShaderCompilers: Display: Shaders left to compile 51
[2018.12.05-07.17.22:199][348]LogMaterial: Warning: Material /Game/smallworld/Meshes/bulb_shade.bulb_shade needed to have new flag set bUsedWithInstancedStaticMeshes !
[2018.12.05-07.17.22:202][348]LogMaterial: Display: Missing cached shader map for material bulb_shade, compiling. 
[2018.12.05-07.17.22:330][348]MapCheck: Warning: bulb_shade Material /Game/smallworld/Meshes/bulb_shade.bulb_shade was missing the usage flag bUsedWithInstancedStaticMeshes. If the material asset is not re-saved, it may not render correctly when run outside the editor. Fix
[2018.12.05-07.17.22:341][348]LogAssetEditorManager: Opening Asset editor for World /Game/smallworld/small.small
[2018.12.05-07.17.22:376][348]Cmd: MAP LOAD FILE="../../../../../../Users/Maria/Documents/Unreal Projects/Small-World/smolworld/Content/smallworld/small.umap" TEMPLATE=0 SHOWPROGRESS=1 FEATURELEVEL=3
[2018.12.05-07.17.22:376][348]LightingResults: New page: Lighting Build
[2018.12.05-07.17.22:376][348]LoadErrors: New page: Loading map: small.umap
[2018.12.05-07.17.22:377][348]MapCheck: New page: Map Check
[2018.12.05-07.17.22:377][348]LightingResults: New page: Lighting Build
[2018.12.05-07.17.22:413][348]LogEditorServer: Finished looking for orphan Actors (0.000 secs)
[2018.12.05-07.17.22:461][348]Cmd: MAP CHECKDEP NOCLEARLOG
[2018.12.05-07.17.22:641][348]MapCheck: Map check complete: 0 Error(s), 0 Warning(s), took 178.81ms to complete.
[2018.12.05-07.17.22:643][348]LogFileHelpers: Loading map 'small' took 0.268
[2018.12.05-07.17.24:489][432]LogSlate: Window 'Message Log' being destroyed
[2018.12.05-07.17.24:506][432]LogSlate: Window 'Message Log' being destroyed
[2018.12.05-07.17.27:957][641]LogShaderCompilers: Display: Shaders left to compile 140
[2018.12.05-07.17.28:263][657]LogSlate: FSceneViewport::OnFocusLost() reason 0
[2018.12.05-07.17.28:323][661]LogShaderCompilers: Display: Shaders left to compile 130
[2018.12.05-07.17.28:339][662]LogTemp: Repeating last play command: Selected Viewport
[2018.12.05-07.17.28:365][662]LogPlayLevel: PlayLevel: No blueprints needed recompiling
[2018.12.05-07.17.28:377][662]PIE: New page: PIE session: small (Dec 4, 2018, 3:17:28 PM)
[2018.12.05-07.17.28:377][662]LogPlayLevel: Creating play world package: /Game/smallworld/UEDPIE_0_small
[2018.12.05-07.17.28:389][662]LogPlayLevel: PIE: StaticDuplicateObject took: (0.011157s)
[2018.12.05-07.17.28:390][662]LogAIModule: Creating AISystem for world small
[2018.12.05-07.17.28:390][662]LogPlayLevel: PIE: World Init took: (0.001345s)
[2018.12.05-07.17.28:390][662]LogPlayLevel: PIE: Created PIE world by copying editor world from /Game/smallworld/small.small to /Game/smallworld/UEDPIE_0_small.small (0.012744s)
[2018.12.05-07.17.28:433][662]LogInit: XAudio2 using 'DX-24E150A11 (Intel(R) Display Audio)' : 2 channels at 48 kHz using 16 bits per sample (channel mask 0x3)
[2018.12.05-07.17.28:444][662]LogInit: FAudioDevice initialized.
[2018.12.05-07.17.28:492][662]LogLoad: Game class is 'FirstPersonGameMode_C'
[2018.12.05-07.17.28:497][662]LogWorld: Bringing World /Game/smallworld/UEDPIE_0_small.small up for play (max tick rate 0) at 2018.12.04-23.17.28
[2018.12.05-07.17.28:498][662]LogWorld: Bringing up level for play took: 0.003379
[2018.12.05-07.17.28:523][662]LogContentBrowser: Native class hierarchy updated for 'MovieSceneCapture' in 0.0005 seconds. Added 10 classes and 0 folders.
[2018.12.05-07.17.28:526][662]PIE: Play in editor start time for /Game/smallworld/UEDPIE_0_small 0.195
[2018.12.05-07.17.31:554][827]LogScript: Warning: Accessed None trying to read property CallFunc_GetAnimInstance_ReturnValue
	FirstPersonCharacter_C /Game/smallworld/UEDPIE_0_small.small:PersistentLevel.FirstPersonCharacter_C_0
	Function /Game/FirstPersonBP/Blueprints/FirstPersonCharacter.FirstPersonCharacter_C:ExecuteUbergraph_FirstPersonCharacter:0053
[2018.12.05-07.17.31:556][827]PIE: Error: Blueprint Runtime Error: "Accessed None trying to read property CallFunc_GetAnimInstance_ReturnValue". Blueprint:  FirstPersonCharacter Function:  Execute Ubergraph First Person Character Graph:  EventGraph Node:  Montage Play
[2018.12.05-07.17.31:936][847]LogShaderCompilers: Display: Shaders left to compile 120
[2018.12.05-07.17.33:211][923]LogShaderCompilers: Display: Shaders left to compile 110
[2018.12.05-07.17.34:132][978]LogShaderCompilers: Display: Shaders left to compile 100
[2018.12.05-07.17.37:247][165]LogShaderCompilers: Display: Shaders left to compile 90
[2018.12.05-07.17.37:704][194]LogShaderCompilers: Display: Shaders left to compile 80
[2018.12.05-07.17.38:210][225]LogShaderCompilers: Display: Shaders left to compile 70
[2018.12.05-07.17.39:692][313]LogScript: Warning: Accessed None trying to read property CallFunc_GetAnimInstance_ReturnValue
	FirstPersonCharacter_C /Game/smallworld/UEDPIE_0_small.small:PersistentLevel.FirstPersonCharacter_C_0
	Function /Game/FirstPersonBP/Blueprints/FirstPersonCharacter.FirstPersonCharacter_C:ExecuteUbergraph_FirstPersonCharacter:0053
[2018.12.05-07.17.39:693][313]PIE: Error: Blueprint Runtime Error: "Accessed None trying to read property CallFunc_GetAnimInstance_ReturnValue". Blueprint:  FirstPersonCharacter Function:  Execute Ubergraph First Person Character Graph:  EventGraph Node:  Montage Play
[2018.12.05-07.17.41:611][429]LogShaderCompilers: Display: Shaders left to compile 60
[2018.12.05-07.17.43:296][526]LogShaderCompilers: Display: Shaders left to compile 50
[2018.12.05-07.17.45:676][672]LogShaderCompilers: Display: Shaders left to compile 40
[2018.12.05-07.17.46:443][715]LogShaderCompilers: Display: Shaders left to compile 30
[2018.12.05-07.17.51:145][998]LogShaderCompilers: Display: Shaders left to compile 20
[2018.12.05-07.17.52:013][ 49]LogShaderCompilers: Display: Shaders left to compile 10
[2018.12.05-07.17.57:099][366]LogScript: Warning: Accessed None trying to read property CallFunc_GetAnimInstance_ReturnValue
	FirstPersonCharacter_C /Game/smallworld/UEDPIE_0_small.small:PersistentLevel.FirstPersonCharacter_C_0
	Function /Game/FirstPersonBP/Blueprints/FirstPersonCharacter.FirstPersonCharacter_C:ExecuteUbergraph_FirstPersonCharacter:0053
[2018.12.05-07.17.57:099][366]PIE: Error: Blueprint Runtime Error: "Accessed None trying to read property CallFunc_GetAnimInstance_ReturnValue". Blueprint:  FirstPersonCharacter Function:  Execute Ubergraph First Person Character Graph:  EventGraph Node:  Montage Play
[2018.12.05-07.18.05:453][ 89]LogSlate: Updating window title bar state: overlay mode, drag disabled, window buttons hidden, title bar hidden
[2018.12.05-07.18.05:495][ 89]LogPlayLevel: Display: Shutting down PIE online subsystems
[2018.12.05-07.18.05:522][ 89]LogSlate: Updating window title bar state: overlay mode, drag disabled, window buttons hidden, title bar hidden
[2018.12.05-07.18.05:589][ 90]LogPlayLevel: Display: Destroying online subsystem :Context_1
[2018.12.05-07.18.07:680][259]LogSlate: FSceneViewport::OnFocusLost() reason 0
[2018.12.05-07.18.15:131][831]Cmd: TRANSACTION UNDO
[2018.12.05-07.18.15:131][831]LogEditorTransaction: Undo Scale Actors
[2018.12.05-07.18.19:221][134]LogSlate: FSceneViewport::OnFocusLost() reason 0
[2018.12.05-07.18.24:111][537]LogSlate: FSceneViewport::OnFocusLost() reason 0
[2018.12.05-07.18.38:129][675]LogSlate: FSceneViewport::OnFocusLost() reason 0
[2018.12.05-07.18.43:260][ 86]LogSlate: FSceneViewport::OnFocusLost() reason 0
[2018.12.05-07.18.50:044][340]LogSlate: FSceneViewport::OnFocusLost() reason 0
[2018.12.05-07.18.50:141][344]LogTemp: Repeating last play command: Selected Viewport
[2018.12.05-07.18.50:196][344]LogPlayLevel: PlayLevel: No blueprints needed recompiling
[2018.12.05-07.18.50:196][344]PIE: New page: PIE session: small (Dec 4, 2018, 3:18:50 PM)
[2018.12.05-07.18.50:197][344]LogPlayLevel: Creating play world package: /Game/smallworld/UEDPIE_0_small
[2018.12.05-07.18.50:218][344]LogPlayLevel: PIE: StaticDuplicateObject took: (0.021970s)
[2018.12.05-07.18.50:220][344]LogAIModule: Creating AISystem for world small
[2018.12.05-07.18.50:221][344]LogPlayLevel: PIE: World Init took: (0.002346s)
[2018.12.05-07.18.50:221][344]LogPlayLevel: PIE: Created PIE world by copying editor world from /Game/smallworld/small.small to /Game/smallworld/UEDPIE_0_small.small (0.024800s)
[2018.12.05-07.18.50:352][344]LogInit: XAudio2 using 'DX-24E150A11 (Intel(R) Display Audio)' : 2 channels at 48 kHz using 16 bits per sample (channel mask 0x3)
[2018.12.05-07.18.50:382][344]LogInit: FAudioDevice initialized.
[2018.12.05-07.18.50:423][344]LogLoad: Game class is 'FirstPersonGameMode_C'
[2018.12.05-07.18.50:430][344]LogWorld: Bringing World /Game/smallworld/UEDPIE_0_small.small up for play (max tick rate 0) at 2018.12.04-23.18.50
[2018.12.05-07.18.50:430][344]LogWorld: Bringing up level for play took: 0.005161
[2018.12.05-07.18.50:453][344]PIE: Play in editor start time for /Game/smallworld/UEDPIE_0_small 0.122
[2018.12.05-07.18.50:542][345]LogCharacterMovement: Warning: GetSimulationTimeStep() - Max iterations 8 hit while remaining time 0.059854 > MaxSimulationTimeStep (0.050) for 'FirstPersonCharacter_C_0', movement 'Walking'
[2018.12.05-07.18.51:184][371]LogScript: Warning: Accessed None trying to read property CallFunc_GetAnimInstance_ReturnValue
	FirstPersonCharacter_C /Game/smallworld/UEDPIE_0_small.small:PersistentLevel.FirstPersonCharacter_C_0
	Function /Game/FirstPersonBP/Blueprints/FirstPersonCharacter.FirstPersonCharacter_C:ExecuteUbergraph_FirstPersonCharacter:0053
[2018.12.05-07.18.51:185][371]PIE: Error: Blueprint Runtime Error: "Accessed None trying to read property CallFunc_GetAnimInstance_ReturnValue". Blueprint:  FirstPersonCharacter Function:  Execute Ubergraph First Person Character Graph:  EventGraph Node:  Montage Play
[2018.12.05-07.18.54:727][528]LogSlate: Updating window title bar state: overlay mode, drag disabled, window buttons hidden, title bar hidden
[2018.12.05-07.18.54:779][528]LogPlayLevel: Display: Shutting down PIE online subsystems
[2018.12.05-07.18.54:873][528]LogSlate: Updating window title bar state: overlay mode, drag disabled, window buttons hidden, title bar hidden
[2018.12.05-07.18.55:029][529]LogPlayLevel: Display: Destroying online subsystem :Context_4
[2018.12.05-07.18.58:816][712]LogEditorViewport: Clicking on Actor (LMB): SkeletalMeshActor (flowergirl-U)
[2018.12.05-07.19.09:025][ 57]LogSlate: FSceneViewport::OnFocusLost() reason 0
[2018.12.05-07.19.12:840][212]LogSlate: FSceneViewport::OnFocusLost() reason 0
[2018.12.05-07.19.21:910][580]LogSlate: FSceneViewport::OnFocusLost() reason 2
[2018.12.05-07.19.23:983][659]LogSlate: FSceneViewport::OnFocusLost() reason 2
[2018.12.05-07.19.26:442][747]LogSlate: FSceneViewport::OnFocusLost() reason 0
[2018.12.05-07.19.39:800][285]LogTemp: Repeating last play command: Selected Viewport
[2018.12.05-07.19.39:859][285]LogPlayLevel: PlayLevel: No blueprints needed recompiling
[2018.12.05-07.19.39:860][285]PIE: New page: PIE session: small (Dec 4, 2018, 3:19:39 PM)
[2018.12.05-07.19.39:860][285]LogPlayLevel: Creating play world package: /Game/smallworld/UEDPIE_0_small
[2018.12.05-07.19.39:886][285]LogPlayLevel: PIE: StaticDuplicateObject took: (0.025719s)
[2018.12.05-07.19.39:889][285]LogAIModule: Creating AISystem for world small
[2018.12.05-07.19.39:889][285]LogPlayLevel: PIE: World Init took: (0.003170s)
[2018.12.05-07.19.39:890][285]LogPlayLevel: PIE: Created PIE world by copying editor world from /Game/smallworld/small.small to /Game/smallworld/UEDPIE_0_small.small (0.029367s)
[2018.12.05-07.19.40:020][285]LogInit: XAudio2 using 'DX-24E150A11 (Intel(R) Display Audio)' : 2 channels at 48 kHz using 16 bits per sample (channel mask 0x3)
[2018.12.05-07.19.40:047][285]LogInit: FAudioDevice initialized.
[2018.12.05-07.19.40:091][285]LogLoad: Game class is 'FirstPersonGameMode_C'
[2018.12.05-07.19.40:098][285]LogWorld: Bringing World /Game/smallworld/UEDPIE_0_small.small up for play (max tick rate 0) at 2018.12.04-23.19.40
[2018.12.05-07.19.40:099][285]LogWorld: Bringing up level for play took: 0.005238
[2018.12.05-07.19.40:124][285]PIE: Play in editor start time for /Game/smallworld/UEDPIE_0_small -0.207
[2018.12.05-07.19.41:193][328]LogScript: Warning: Accessed None trying to read property CallFunc_GetAnimInstance_ReturnValue
	FirstPersonCharacter_C /Game/smallworld/UEDPIE_0_small.small:PersistentLevel.FirstPersonCharacter_C_0
	Function /Game/FirstPersonBP/Blueprints/FirstPersonCharacter.FirstPersonCharacter_C:ExecuteUbergraph_FirstPersonCharacter:0053
[2018.12.05-07.19.41:194][328]PIE: Error: Blueprint Runtime Error: "Accessed None trying to read property CallFunc_GetAnimInstance_ReturnValue". Blueprint:  FirstPersonCharacter Function:  Execute Ubergraph First Person Character Graph:  EventGraph Node:  Montage Play
[2018.12.05-07.19.42:113][369]LogScript: Warning: Accessed None trying to read property CallFunc_GetAnimInstance_ReturnValue
	FirstPersonCharacter_C /Game/smallworld/UEDPIE_0_small.small:PersistentLevel.FirstPersonCharacter_C_0
	Function /Game/FirstPersonBP/Blueprints/FirstPersonCharacter.FirstPersonCharacter_C:ExecuteUbergraph_FirstPersonCharacter:0053
[2018.12.05-07.19.42:114][369]PIE: Error: Blueprint Runtime Error: "Accessed None trying to read property CallFunc_GetAnimInstance_ReturnValue". Blueprint:  FirstPersonCharacter Function:  Execute Ubergraph First Person Character Graph:  EventGraph Node:  Montage Play
[2018.12.05-07.19.50:806][776]LogSlate: Updating window title bar state: overlay mode, drag disabled, window buttons hidden, title bar hidden
[2018.12.05-07.19.50:861][776]LogPlayLevel: Display: Shutting down PIE online subsystems
[2018.12.05-07.19.50:949][776]LogSlate: Updating window title bar state: overlay mode, drag disabled, window buttons hidden, title bar hidden
[2018.12.05-07.19.51:110][777]LogPlayLevel: Display: Destroying online subsystem :Context_5
[2018.12.05-07.19.52:185][816]LogEditorViewport: Clicking on Actor (LMB): SkeletalMeshActor (flowergirl-U)
[2018.12.05-07.19.56:636][967]LogSlate: FSceneViewport::OnFocusLost() reason 0
[2018.12.05-07.20.00:385][115]LogSlate: FSceneViewport::OnFocusLost() reason 0
[2018.12.05-07.20.07:619][409]LogSlate: FSceneViewport::OnFocusLost() reason 0
[2018.12.05-07.20.07:724][413]LogTemp: Repeating last play command: Selected Viewport
[2018.12.05-07.20.07:781][413]LogPlayLevel: PlayLevel: No blueprints needed recompiling
[2018.12.05-07.20.07:781][413]PIE: New page: PIE session: small (Dec 4, 2018, 3:20:07 PM)
[2018.12.05-07.20.07:781][413]LogPlayLevel: Creating play world package: /Game/smallworld/UEDPIE_0_small
[2018.12.05-07.20.07:803][413]LogPlayLevel: PIE: StaticDuplicateObject took: (0.021797s)
[2018.12.05-07.20.07:806][413]LogAIModule: Creating AISystem for world small
[2018.12.05-07.20.07:806][413]LogPlayLevel: PIE: World Init took: (0.002300s)
[2018.12.05-07.20.07:806][413]LogPlayLevel: PIE: Created PIE world by copying editor world from /Game/smallworld/small.small to /Game/smallworld/UEDPIE_0_small.small (0.024749s)
[2018.12.05-07.20.07:938][413]LogInit: XAudio2 using 'DX-24E150A11 (Intel(R) Display Audio)' : 2 channels at 48 kHz using 16 bits per sample (channel mask 0x3)
[2018.12.05-07.20.07:965][413]LogInit: FAudioDevice initialized.
[2018.12.05-07.20.08:008][413]LogLoad: Game class is 'FirstPersonGameMode_C'
[2018.12.05-07.20.08:015][413]LogWorld: Bringing World /Game/smallworld/UEDPIE_0_small.small up for play (max tick rate 0) at 2018.12.04-23.20.08
[2018.12.05-07.20.08:016][413]LogWorld: Bringing up level for play took: 0.005364
[2018.12.05-07.20.08:036][413]PIE: Play in editor start time for /Game/smallworld/UEDPIE_0_small -0.294
[2018.12.05-07.20.08:855][442]LogScript: Warning: Accessed None trying to read property CallFunc_GetAnimInstance_ReturnValue
	FirstPersonCharacter_C /Game/smallworld/UEDPIE_0_small.small:PersistentLevel.FirstPersonCharacter_C_0
	Function /Game/FirstPersonBP/Blueprints/FirstPersonCharacter.FirstPersonCharacter_C:ExecuteUbergraph_FirstPersonCharacter:0053
[2018.12.05-07.20.08:856][442]PIE: Error: Blueprint Runtime Error: "Accessed None trying to read property CallFunc_GetAnimInstance_ReturnValue". Blueprint:  FirstPersonCharacter Function:  Execute Ubergraph First Person Character Graph:  EventGraph Node:  Montage Play
[2018.12.05-07.20.11:793][578]LogSlate: Updating window title bar state: overlay mode, drag disabled, window buttons hidden, title bar hidden
[2018.12.05-07.20.11:855][578]LogPlayLevel: Display: Shutting down PIE online subsystems
[2018.12.05-07.20.11:945][578]LogSlate: Updating window title bar state: overlay mode, drag disabled, window buttons hidden, title bar hidden
[2018.12.05-07.20.12:112][579]LogPlayLevel: Display: Destroying online subsystem :Context_6
[2018.12.05-07.20.12:821][605]LogEditorViewport: Clicking on Actor (LMB): SkeletalMeshActor (flowergirl-U)
[2018.12.05-07.20.15:367][680]LogSlate: FSceneViewport::OnFocusLost() reason 0
[2018.12.05-07.20.27:802][190]LogSlate: FSceneViewport::OnFocusLost() reason 0
[2018.12.05-07.20.27:911][195]LogTemp: Repeating last play command: Selected Viewport
[2018.12.05-07.20.27:970][195]LogPlayLevel: PlayLevel: No blueprints needed recompiling
[2018.12.05-07.20.27:970][195]PIE: New page: PIE session: small (Dec 4, 2018, 3:20:27 PM)
[2018.12.05-07.20.27:971][195]LogPlayLevel: Creating play world package: /Game/smallworld/UEDPIE_0_small
[2018.12.05-07.20.27:993][195]LogPlayLevel: PIE: StaticDuplicateObject took: (0.022110s)
[2018.12.05-07.20.27:995][195]LogAIModule: Creating AISystem for world small
[2018.12.05-07.20.27:995][195]LogPlayLevel: PIE: World Init took: (0.002270s)
[2018.12.05-07.20.27:995][195]LogPlayLevel: PIE: Created PIE world by copying editor world from /Game/smallworld/small.small to /Game/smallworld/UEDPIE_0_small.small (0.024831s)
[2018.12.05-07.20.28:131][195]LogInit: XAudio2 using 'DX-24E150A11 (Intel(R) Display Audio)' : 2 channels at 48 kHz using 16 bits per sample (channel mask 0x3)
[2018.12.05-07.20.28:159][195]LogInit: FAudioDevice initialized.
[2018.12.05-07.20.28:202][195]LogLoad: Game class is 'FirstPersonGameMode_C'
[2018.12.05-07.20.28:210][195]LogWorld: Bringing World /Game/smallworld/UEDPIE_0_small.small up for play (max tick rate 0) at 2018.12.04-23.20.28
[2018.12.05-07.20.28:211][195]LogWorld: Bringing up level for play took: 0.005699
[2018.12.05-07.20.28:232][195]PIE: Play in editor start time for /Game/smallworld/UEDPIE_0_small -0.1
[2018.12.05-07.20.28:650][206]LogScript: Warning: Accessed None trying to read property CallFunc_GetAnimInstance_ReturnValue
	FirstPersonCharacter_C /Game/smallworld/UEDPIE_0_small.small:PersistentLevel.FirstPersonCharacter_C_0
	Function /Game/FirstPersonBP/Blueprints/FirstPersonCharacter.FirstPersonCharacter_C:ExecuteUbergraph_FirstPersonCharacter:0053
[2018.12.05-07.20.28:650][206]PIE: Error: Blueprint Runtime Error: "Accessed None trying to read property CallFunc_GetAnimInstance_ReturnValue". Blueprint:  FirstPersonCharacter Function:  Execute Ubergraph First Person Character Graph:  EventGraph Node:  Montage Play
[2018.12.05-07.20.43:119][864]LogSlate: Updating window title bar state: overlay mode, drag disabled, window buttons hidden, title bar hidden
[2018.12.05-07.20.43:181][864]LogPlayLevel: Display: Shutting down PIE online subsystems
[2018.12.05-07.20.43:275][864]LogSlate: Updating window title bar state: overlay mode, drag disabled, window buttons hidden, title bar hidden
[2018.12.05-07.20.43:427][865]LogPlayLevel: Display: Destroying online subsystem :Context_7
[2018.12.05-07.20.44:872][969]LogEditorViewport: Clicking on Actor (LMB): SkeletalMeshActor (flowergirl-U)
[2018.12.05-07.20.55:162][805]LogSlate: FSceneViewport::OnFocusLost() reason 0
[2018.12.05-07.21.05:756][686]LogSlate: FSceneViewport::OnFocusLost() reason 0
[2018.12.05-07.21.05:844][693]LogTemp: Repeating last play command: Selected Viewport
[2018.12.05-07.21.05:863][693]LogPlayLevel: PlayLevel: No blueprints needed recompiling
[2018.12.05-07.21.05:863][693]PIE: New page: PIE session: small (Dec 4, 2018, 3:21:05 PM)
[2018.12.05-07.21.05:864][693]LogPlayLevel: Creating play world package: /Game/smallworld/UEDPIE_0_small
[2018.12.05-07.21.05:872][693]LogPlayLevel: PIE: StaticDuplicateObject took: (0.008276s)
[2018.12.05-07.21.05:872][693]LogAIModule: Creating AISystem for world small
[2018.12.05-07.21.05:873][693]LogPlayLevel: PIE: World Init took: (0.000893s)
[2018.12.05-07.21.05:873][693]LogPlayLevel: PIE: Created PIE world by copying editor world from /Game/smallworld/small.small to /Game/smallworld/UEDPIE_0_small.small (0.009390s)
[2018.12.05-07.21.05:910][693]LogInit: XAudio2 using 'DX-24E150A11 (Intel(R) Display Audio)' : 2 channels at 48 kHz using 16 bits per sample (channel mask 0x3)
[2018.12.05-07.21.05:918][693]LogInit: FAudioDevice initialized.
[2018.12.05-07.21.05:948][693]LogLoad: Game class is 'FirstPersonGameMode_C'
[2018.12.05-07.21.05:950][693]LogWorld: Bringing World /Game/smallworld/UEDPIE_0_small.small up for play (max tick rate 0) at 2018.12.04-23.21.05
[2018.12.05-07.21.05:950][693]LogWorld: Bringing up level for play took: 0.001766
[2018.12.05-07.21.05:964][693]PIE: Play in editor start time for /Game/smallworld/UEDPIE_0_small -0.367
[2018.12.05-07.21.06:460][737]LogScript: Warning: Accessed None trying to read property CallFunc_GetAnimInstance_ReturnValue
	FirstPersonCharacter_C /Game/smallworld/UEDPIE_0_small.small:PersistentLevel.FirstPersonCharacter_C_0
	Function /Game/FirstPersonBP/Blueprints/FirstPersonCharacter.FirstPersonCharacter_C:ExecuteUbergraph_FirstPersonCharacter:0053
[2018.12.05-07.21.06:460][737]PIE: Error: Blueprint Runtime Error: "Accessed None trying to read property CallFunc_GetAnimInstance_ReturnValue". Blueprint:  FirstPersonCharacter Function:  Execute Ubergraph First Person Character Graph:  EventGraph Node:  Montage Play
[2018.12.05-07.21.13:874][448]LogSlate: Updating window title bar state: overlay mode, drag disabled, window buttons hidden, title bar hidden
[2018.12.05-07.21.13:914][448]LogPlayLevel: Display: Shutting down PIE online subsystems
[2018.12.05-07.21.13:940][448]LogSlate: Updating window title bar state: overlay mode, drag disabled, window buttons hidden, title bar hidden
[2018.12.05-07.21.14:009][449]LogPlayLevel: Display: Destroying online subsystem :Context_8
[2018.12.05-07.21.14:719][501]LogEditorViewport: Clicking on Actor (LMB): SkeletalMeshActor (flowergirl-U)
[2018.12.05-07.21.16:907][659]LogSlate: FSceneViewport::OnFocusLost() reason 0
[2018.12.05-07.21.22:873][145]LogSlate: FSceneViewport::OnFocusLost() reason 0
[2018.12.05-07.21.25:942][389]LogSlate: FSceneViewport::OnFocusLost() reason 0
[2018.12.05-07.21.27:363][509]LogEditorViewport: Clicking on Actor (LMB): SkeletalMeshActor (flowergirl-U)
[2018.12.05-07.21.28:257][578]LogSlate: FSceneViewport::OnFocusLost() reason 0
[2018.12.05-07.21.31:496][838]LogSlate: FSceneViewport::OnFocusLost() reason 0
[2018.12.05-07.21.31:569][844]LogTemp: Repeating last play command: Selected Viewport
[2018.12.05-07.21.31:588][844]LogPlayLevel: PlayLevel: No blueprints needed recompiling
[2018.12.05-07.21.31:588][844]PIE: New page: PIE session: small (Dec 4, 2018, 3:21:31 PM)
[2018.12.05-07.21.31:588][844]LogPlayLevel: Creating play world package: /Game/smallworld/UEDPIE_0_small
[2018.12.05-07.21.31:598][844]LogPlayLevel: PIE: StaticDuplicateObject took: (0.010403s)
[2018.12.05-07.21.31:599][844]LogAIModule: Creating AISystem for world small
[2018.12.05-07.21.31:600][844]LogPlayLevel: PIE: World Init took: (0.001831s)
[2018.12.05-07.21.31:600][844]LogPlayLevel: PIE: Created PIE world by copying editor world from /Game/smallworld/small.small to /Game/smallworld/UEDPIE_0_small.small (0.012608s)
[2018.12.05-07.21.31:637][844]LogInit: XAudio2 using 'DX-24E150A11 (Intel(R) Display Audio)' : 2 channels at 48 kHz using 16 bits per sample (channel mask 0x3)
[2018.12.05-07.21.31:644][844]LogInit: FAudioDevice initialized.
[2018.12.05-07.21.31:674][844]LogLoad: Game class is 'FirstPersonGameMode_C'
[2018.12.05-07.21.31:676][844]LogWorld: Bringing World /Game/smallworld/UEDPIE_0_small.small up for play (max tick rate 0) at 2018.12.04-23.21.31
[2018.12.05-07.21.31:676][844]LogWorld: Bringing up level for play took: 0.001764
[2018.12.05-07.21.31:690][844]PIE: Play in editor start time for /Game/smallworld/UEDPIE_0_small -0.641
[2018.12.05-07.21.32:271][895]LogScript: Warning: Accessed None trying to read property CallFunc_GetAnimInstance_ReturnValue
	FirstPersonCharacter_C /Game/smallworld/UEDPIE_0_small.small:PersistentLevel.FirstPersonCharacter_C_0
	Function /Game/FirstPersonBP/Blueprints/FirstPersonCharacter.FirstPersonCharacter_C:ExecuteUbergraph_FirstPersonCharacter:0053
[2018.12.05-07.21.32:271][895]PIE: Error: Blueprint Runtime Error: "Accessed None trying to read property CallFunc_GetAnimInstance_ReturnValue". Blueprint:  FirstPersonCharacter Function:  Execute Ubergraph First Person Character Graph:  EventGraph Node:  Montage Play
[2018.12.05-07.21.55:124][ 41]LogSlate: Updating window title bar state: overlay mode, drag disabled, window buttons hidden, title bar hidden
[2018.12.05-07.21.55:170][ 41]LogPlayLevel: Display: Shutting down PIE online subsystems
[2018.12.05-07.21.55:197][ 41]LogSlate: Updating window title bar state: overlay mode, drag disabled, window buttons hidden, title bar hidden
[2018.12.05-07.21.55:290][ 42]LogPlayLevel: Display: Destroying online subsystem :Context_9
[2018.12.05-07.21.56:442][136]LogSlate: FSceneViewport::OnFocusLost() reason 2
[2018.12.05-07.21.58:627][302]LogSlate: FSceneViewport::OnFocusLost() reason 2
[2018.12.05-07.21.58:930][302]LogSavePackage: Moving '../../../../../../Users/Maria/Documents/Unreal Projects/Small-World/smolworld/Saved/smallD1C9D71C459B9A07198AB1B097F41B54.tmp' to '../../../../../../Users/Maria/Documents/Unreal Projects/Small-World/smolworld/Content/smallworld/small.umap'
[2018.12.05-07.21.58:956][302]LogFileHelpers: Saving map 'small' took 0.308
[2018.12.05-07.22.03:365][593]LogSlate: FSceneViewport::OnFocusLost() reason 0
[2018.12.05-07.22.03:778][599]LogSlate: Window 'smolworld - Unreal Editor' being destroyed
[2018.12.05-07.22.03:780][599]LogWindowsTextInputMethodSystem: Display: IME system now deactivated.
[2018.12.05-07.22.04:315][600]Cmd: QUIT_EDITOR
[2018.12.05-07.22.05:458][600]LogExit: Preparing to exit.
[2018.12.05-07.22.06:798][600]LogExit: Editor shut down
[2018.12.05-07.22.06:800][600]LogExit: Transaction tracking system shut down
[2018.12.05-07.22.07:977][600]LogExit: Object subsystem successfully closed.
[2018.12.05-07.22.08:020][600]LogShaderCompilers: Display: Shaders left to compile 0
[2018.12.05-07.22.08:035][600]LogD3D11RHI: Shutdown
[2018.12.05-07.22.08:035][600]LogD3D11RHI: CleanupD3DDevice
[2018.12.05-07.22.08:041][600]LogD3D11RHI: ~FD3D11DynamicRHI
[2018.12.05-07.22.08:184][600]LogModuleManager: Shutting down and abandoning module MovieSceneCapture (614)
[2018.12.05-07.22.08:184][600]LogModuleManager: Shutting down and abandoning module Voice (612)
[2018.12.05-07.22.08:185][600]LogModuleManager: Shutting down and abandoning module HierarchicalLODOutliner (610)
[2018.12.05-07.22.08:185][600]LogModuleManager: Shutting down and abandoning module SceneOutliner (608)
[2018.12.05-07.22.08:185][600]LogModuleManager: Shutting down and abandoning module AddContentDialog (606)
[2018.12.05-07.22.08:187][600]LogModuleManager: Shutting down and abandoning module WidgetCarousel (605)
[2018.12.05-07.22.08:187][600]LogModuleManager: Shutting down and abandoning module EditorWidgets (602)
[2018.12.05-07.22.08:187][600]LogModuleManager: Shutting down and abandoning module CollectionManager (600)
[2018.12.05-07.22.08:189][600]LogModuleManager: Shutting down and abandoning module StatsViewer (598)
[2018.12.05-07.22.08:189][600]LogModuleManager: Shutting down and abandoning module FoliageEdit (596)
[2018.12.05-07.22.08:190][600]LogModuleManager: Shutting down and abandoning module LandscapeEditor (594)
[2018.12.05-07.22.08:190][600]LogModuleManager: Shutting down and abandoning module MeshPaintMode (592)
[2018.12.05-07.22.08:191][600]LogModuleManager: Shutting down and abandoning module SceneDepthPickerMode (590)
[2018.12.05-07.22.08:191][600]LogModuleManager: Shutting down and abandoning module ActorPickerMode (588)
[2018.12.05-07.22.08:191][600]LogModuleManager: Shutting down and abandoning module GeometryMode (586)
[2018.12.05-07.22.08:191][600]LogModuleManager: Shutting down and abandoning module TextureAlignMode (584)
[2018.12.05-07.22.08:191][600]LogModuleManager: Shutting down and abandoning module BspMode (582)
[2018.12.05-07.22.08:191][600]LogModuleManager: Shutting down and abandoning module PIEPreviewDeviceProfileSelector (580)
[2018.12.05-07.22.08:192][600]LogModuleManager: Shutting down and abandoning module SequenceRecorderSections (578)
[2018.12.05-07.22.08:192][600]LogModuleManager: Shutting down and abandoning module AutomationWorker (576)
[2018.12.05-07.22.08:192][600]LogModuleManager: Shutting down and abandoning module AudioCaptureEditor (574)
[2018.12.05-07.22.08:192][600]LogModuleManager: Shutting down and abandoning module SequenceRecorder (573)
[2018.12.05-07.22.08:193][600]LogModuleManager: Shutting down and abandoning module MatineeToLevelSequence (570)
[2018.12.05-07.22.08:194][600]LogModuleManager: Shutting down and abandoning module LevelSequenceEditor (568)
[2018.12.05-07.22.08:196][600]LogModuleManager: Shutting down and abandoning module PlacementMode (567)
[2018.12.05-07.22.08:196][600]LogModuleManager: Shutting down and abandoning module MaterialEditor (566)
[2018.12.05-07.22.08:197][600]LogModuleManager: Shutting down and abandoning module WmfMediaFactory (562)
[2018.12.05-07.22.08:198][600]LogModuleManager: Shutting down and abandoning module WmfMediaEditor (560)
[2018.12.05-07.22.08:198][600]LogModuleManager: Shutting down and abandoning module MediaPlayerEditor (558)
[2018.12.05-07.22.08:199][600]LogModuleManager: Shutting down and abandoning module OpenExrWrapper (556)
[2018.12.05-07.22.08:199][600]LogModuleManager: Shutting down and abandoning module ImgMediaFactory (554)
[2018.12.05-07.22.08:199][600]LogModuleManager: Shutting down and abandoning module ImgMediaEditor (552)
[2018.12.05-07.22.08:200][600]LogModuleManager: Shutting down and abandoning module AvfMediaFactory (550)
[2018.12.05-07.22.08:200][600]LogModuleManager: Shutting down and abandoning module AvfMediaEditor (548)
[2018.12.05-07.22.08:200][600]LogModuleManager: Shutting down and abandoning module AndroidMediaFactory (546)
[2018.12.05-07.22.08:200][600]LogModuleManager: Shutting down and abandoning module AndroidMediaEditor (544)
[2018.12.05-07.22.08:200][600]LogModuleManager: Shutting down and abandoning module MagicLeapCameraPreviewFactory (542)
[2018.12.05-07.22.08:200][600]LogModuleManager: Shutting down and abandoning module MagicLeapMediaFactory (540)
[2018.12.05-07.22.08:200][600]LogModuleManager: Shutting down and abandoning module MagicLeapMediaEditor (538)
[2018.12.05-07.22.08:200][600]LogModuleManager: Shutting down and abandoning module CharacterAI (536)
[2018.12.05-07.22.08:200][600]LogModuleManager: Shutting down and abandoning module SmartSnapping (534)
[2018.12.05-07.22.08:200][600]LogModuleManager: Shutting down and abandoning module SessionServices (532)
[2018.12.05-07.22.08:200][600]LogModuleManager: Shutting down and abandoning module ViewportSnapping (530)
[2018.12.05-07.22.08:200][600]LogModuleManager: Shutting down and abandoning module ViewportInteraction (528)
[2018.12.05-07.22.08:200][600]LogModuleManager: Shutting down and abandoning module ClothPainter (526)
[2018.12.05-07.22.08:201][600]LogModuleManager: Shutting down and abandoning module SkeletalMeshEditor (525)
[2018.12.05-07.22.08:201][600]LogModuleManager: Shutting down and abandoning module LogVisualizer (522)
[2018.12.05-07.22.08:203][600]LogModuleManager: Shutting down and abandoning module IntroTutorials (520)
[2018.12.05-07.22.08:204][600]LogModuleManager: Shutting down and abandoning module GameProjectGeneration (519)
[2018.12.05-07.22.08:205][600]LogModuleManager: Shutting down and abandoning module LuminPlatformEditor (516)
[2018.12.05-07.22.08:205][600]LogModuleManager: Shutting down and abandoning module IOSPlatformEditor (514)
[2018.12.05-07.22.08:205][600]LogModuleManager: Shutting down and abandoning module HTML5PlatformEditor (512)
[2018.12.05-07.22.08:206][600]LogModuleManager: Shutting down and abandoning module AndroidPlatformEditor (510)
[2018.12.05-07.22.08:206][600]LogModuleManager: Shutting down and abandoning module AndroidDeviceDetection (509)
[2018.12.05-07.22.08:337][600]LogModuleManager: Shutting down and abandoning module WindowsPlatformEditor (506)
[2018.12.05-07.22.08:337][600]LogModuleManager: Shutting down and abandoning module LuminRuntimeSettings (504)
[2018.12.05-07.22.08:337][600]LogModuleManager: Shutting down and abandoning module IOSRuntimeSettings (502)
[2018.12.05-07.22.08:338][600]LogModuleManager: Shutting down and abandoning module AndroidRuntimeSettings (500)
[2018.12.05-07.22.08:338][600]LogModuleManager: Shutting down and abandoning module InputBindingEditor (498)
[2018.12.05-07.22.08:339][600]LogModuleManager: Shutting down and abandoning module MergeActors (496)
[2018.12.05-07.22.08:340][600]LogModuleManager: Shutting down and abandoning module LocalizationDashboard (494)
[2018.12.05-07.22.08:340][600]LogModuleManager: Shutting down and abandoning module LocalizationService (493)
[2018.12.05-07.22.08:341][600]LogModuleManager: Shutting down and abandoning module HardwareTargeting (490)
[2018.12.05-07.22.08:341][600]LogModuleManager: Shutting down and abandoning module DeviceProfileEditor (488)
[2018.12.05-07.22.08:341][600]LogModuleManager: Shutting down and abandoning module UndoHistory (486)
[2018.12.05-07.22.08:342][600]LogModuleManager: Shutting down and abandoning module XmlParser (484)
[2018.12.05-07.22.08:342][600]LogModuleManager: Shutting down and abandoning module Blutility (482)
[2018.12.05-07.22.08:342][600]LogModuleManager: Shutting down and abandoning module ProjectSettingsViewer (480)
[2018.12.05-07.22.08:342][600]LogModuleManager: Shutting down and abandoning module ProjectTargetPlatformEditor (479)
[2018.12.05-07.22.08:343][600]LogModuleManager: Shutting down and abandoning module EditorSettingsViewer (476)
[2018.12.05-07.22.08:343][600]LogModuleManager: Shutting down and abandoning module SettingsEditor (474)
[2018.12.05-07.22.08:344][600]LogModuleManager: Shutting down and abandoning module ProjectLauncher (472)
[2018.12.05-07.22.08:345][600]LogModuleManager: Shutting down and abandoning module SessionFrontend (470)
[2018.12.05-07.22.08:345][600]LogModuleManager: Shutting down and abandoning module ProfilerClient (468)
[2018.12.05-07.22.08:346][600]LogModuleManager: Shutting down and abandoning module DeviceManager (466)
[2018.12.05-07.22.08:346][600]LogModuleManager: Shutting down and abandoning module TargetDeviceServices (465)
[2018.12.05-07.22.08:402][600]LogModuleManager: Shutting down and abandoning module AutomationController (462)
[2018.12.05-07.22.08:403][600]LogModuleManager: Shutting down and abandoning module AutomationWindow (460)
[2018.12.05-07.22.08:404][600]LogModuleManager: Shutting down and abandoning module Layers (458)
[2018.12.05-07.22.08:406][600]LogModuleManager: Shutting down and abandoning module ComponentVisualizers (456)
[2018.12.05-07.22.08:406][600]LogModuleManager: Shutting down and abandoning module DetailCustomizations (454)
[2018.12.05-07.22.08:407][600]LogModuleManager: Shutting down and abandoning module PackagesDialog (452)
[2018.12.05-07.22.08:407][600]LogModuleManager: Shutting down and abandoning module Persona (450)
[2018.12.05-07.22.08:408][600]LogModuleManager: Shutting down and abandoning module AdvancedPreviewScene (449)
[2018.12.05-07.22.08:408][600]LogModuleManager: Shutting down and abandoning module AnimGraph (447)
[2018.12.05-07.22.08:408][600]LogModuleManager: Shutting down and abandoning module Kismet (444)
[2018.12.05-07.22.08:411][600]LogModuleManager: Shutting down and abandoning module GraphEditor (442)
[2018.12.05-07.22.08:412][600]LogModuleManager: Shutting down and abandoning module ClassViewer (440)
[2018.12.05-07.22.08:413][600]LogModuleManager: Shutting down and abandoning module Toolbox (438)
[2018.12.05-07.22.08:413][600]LogModuleManager: Shutting down and abandoning module ModuleUI (436)
[2018.12.05-07.22.08:413][600]LogModuleManager: Shutting down and abandoning module MovieSceneTools (434)
[2018.12.05-07.22.08:415][600]LogModuleManager: Shutting down and abandoning module OutputLog (432)
[2018.12.05-07.22.08:415][600]LogModuleManager: Shutting down and abandoning module GammaUI (430)
[2018.12.05-07.22.08:415][600]LogModuleManager: Shutting down and abandoning module Documentation (428)
[2018.12.05-07.22.08:415][600]LogModuleManager: Shutting down and abandoning module MovieSceneTracks (426)
[2018.12.05-07.22.08:415][600]LogModuleManager: Shutting down and abandoning module MovieScene (424)
[2018.12.05-07.22.08:415][600]LogModuleManager: Shutting down and abandoning module StreamingPauseRendering (422)
[2018.12.05-07.22.08:416][600]LogModuleManager: Shutting down and abandoning module LauncherPlatform (420)
[2018.12.05-07.22.08:416][600]LogModuleManager: Shutting down and abandoning module AnalyticsET (418)
[2018.12.05-07.22.08:416][600]LogModuleManager: Shutting down and abandoning module PortalServices (416)
[2018.12.05-07.22.08:416][600]LogModuleManager: Shutting down and abandoning module PortalRpc (414)
[2018.12.05-07.22.08:416][600]LogModuleManager: Shutting down and abandoning module MessagingRpc (412)
[2018.12.05-07.22.08:416][600]LogModuleManager: Shutting down and abandoning module AIModule (410)
[2018.12.05-07.22.08:417][600]LogModuleManager: Shutting down and abandoning module GameplayDebugger (409)
[2018.12.05-07.22.08:419][600]LogModuleManager: Shutting down and abandoning module AITestSuite (407)
[2018.12.05-07.22.08:419][600]LogModuleManager: Shutting down and abandoning module NavigationSystem (405)
[2018.12.05-07.22.08:419][600]LogModuleManager: Shutting down and abandoning module DesktopPlatform (402)
[2018.12.05-07.22.08:419][600]LogModuleManager: Shutting down and abandoning module ProfilerService (400)
[2018.12.05-07.22.08:568][600]LogModuleManager: Shutting down and abandoning module TaskGraph (398)
[2018.12.05-07.22.08:570][600]LogModuleManager: Shutting down and abandoning module SteamVRController (396)
[2018.12.05-07.22.08:570][600]LogModuleManager: Shutting down and abandoning module ProceduralMeshComponentEditor (394)
[2018.12.05-07.22.08:570][600]LogModuleManager: Shutting down and abandoning module ProceduralMeshComponent (392)
[2018.12.05-07.22.08:571][600]LogModuleManager: Shutting down and abandoning module OculusInput (390)
[2018.12.05-07.22.08:571][600]LogModuleManager: Shutting down and abandoning module MobilePatchingUtils (388)
[2018.12.05-07.22.08:571][600]LogModuleManager: Shutting down and abandoning module EditableMesh (386)
[2018.12.05-07.22.08:572][600]LogModuleManager: Shutting down and abandoning module CustomMeshComponent (384)
[2018.12.05-07.22.08:572][600]LogModuleManager: Shutting down and abandoning module CableComponent (382)
[2018.12.05-07.22.08:572][600]LogModuleManager: Shutting down and abandoning module AudioCapture (380)
[2018.12.05-07.22.08:572][600]LogModuleManager: Shutting down and abandoning module ArchVisCharacter (378)
[2018.12.05-07.22.08:572][600]LogModuleManager: Shutting down and abandoning module AndroidPermission (376)
[2018.12.05-07.22.08:572][600]LogModuleManager: Shutting down and abandoning module NUTUnrealEngine4 (374)
[2018.12.05-07.22.08:572][600]LogModuleManager: Shutting down and abandoning module NetcodeUnitTest (372)
[2018.12.05-07.22.08:575][600]LogModuleManager: Shutting down and abandoning module MediaCompositingEditor (370)
[2018.12.05-07.22.08:575][600]LogModuleManager: Shutting down and abandoning module MediaCompositing (368)
[2018.12.05-07.22.08:575][600]LogModuleManager: Shutting down and abandoning module LinearTimecode (366)
[2018.12.05-07.22.08:575][600]LogModuleManager: Shutting down and abandoning module ImgMedia (364)
[2018.12.05-07.22.08:586][600]LogModuleManager: Shutting down and abandoning module HTML5Networking (362)
[2018.12.05-07.22.08:586][600]LogModuleManager: Shutting down and abandoning module GeometryCacheTracks (360)
[2018.12.05-07.22.08:586][600]LogModuleManager: Shutting down and abandoning module GeometryCacheSequencer (358)
[2018.12.05-07.22.08:586][600]LogModuleManager: Shutting down and abandoning module BackChannel (356)
[2018.12.05-07.22.08:587][600]LogModuleManager: Shutting down and abandoning module AppleVision (354)
[2018.12.05-07.22.08:588][600]LogModuleManager: Shutting down and abandoning module AppleImageUtils (352)
[2018.12.05-07.22.08:588][600]LogModuleManager: Shutting down and abandoning module AlembicImporter (350)
[2018.12.05-07.22.08:588][600]LogModuleManager: Shutting down and abandoning module AlembicLibrary (349)
[2018.12.05-07.22.08:588][600]LogModuleManager: Shutting down and abandoning module GeometryCache (348)
[2018.12.05-07.22.08:588][600]LogModuleManager: Shutting down and abandoning module GeometryCacheEd (347)
[2018.12.05-07.22.08:588][600]LogModuleManager: Shutting down and abandoning module DatasmithContentEditor (342)
[2018.12.05-07.22.08:588][600]LogModuleManager: Shutting down and abandoning module DatasmithContent (340)
[2018.12.05-07.22.08:590][600]LogModuleManager: Shutting down and abandoning module SpeedTreeImporter (338)
[2018.12.05-07.22.08:590][600]LogModuleManager: Shutting down and abandoning module PluginBrowser (336)
[2018.12.05-07.22.08:593][600]LogModuleManager: Shutting down and abandoning module MobileLauncherProfileWizard (334)
[2018.12.05-07.22.08:594][600]LogModuleManager: Shutting down and abandoning module PolygonModeling (332)
[2018.12.05-07.22.08:594][600]LogModuleManager: Shutting down and abandoning module MeshEditor (330)
[2018.12.05-07.22.08:594][600]LogModuleManager: Shutting down and abandoning module CryptoKeysOpenSSL (328)
[2018.12.05-07.22.08:595][600]LogModuleManager: Shutting down and abandoning module CryptoKeys (326)
[2018.12.05-07.22.08:595][600]LogModuleManager: Shutting down and abandoning module VisualStudioSourceCodeAccess (324)
[2018.12.05-07.22.08:595][600]LogModuleManager: Shutting down and abandoning module VisualStudioCodeSourceCodeAccess (322)
[2018.12.05-07.22.08:595][600]LogModuleManager: Shutting down and abandoning module UObjectPlugin (320)
[2018.12.05-07.22.08:595][600]LogModuleManager: Shutting down and abandoning module SubversionSourceControl (318)
[2018.12.05-07.22.08:596][600]LogModuleManager: Shutting down and abandoning module PerforceSourceControl (316)
[2018.12.05-07.22.08:598][600]LogModuleManager: Shutting down and abandoning module GitSourceControl (314)
[2018.12.05-07.22.08:600][600]LogModuleManager: Shutting down and abandoning module SourceControl (313)
[2018.12.05-07.22.08:601][600]LogModuleManager: Shutting down and abandoning module CLionSourceCodeAccess (310)
[2018.12.05-07.22.08:601][600]LogModuleManager: Shutting down and abandoning module LightPropagationVolumeEditor (308)
[2018.12.05-07.22.08:601][600]LogModuleManager: Shutting down and abandoning module PaperTiledImporter (306)
[2018.12.05-07.22.08:601][600]LogModuleManager: Shutting down and abandoning module PaperSpriteSheetImporter (304)
[2018.12.05-07.22.08:601][600]LogModuleManager: Shutting down and abandoning module Paper2DEditor (302)
[2018.12.05-07.22.08:603][600]LogModuleManager: Shutting down and abandoning module MeshPaint (301)
[2018.12.05-07.22.08:603][600]LogModuleManager: Shutting down and abandoning module RuntimePhysXCooking (298)
[2018.12.05-07.22.08:603][600]LogModuleManager: Shutting down and abandoning module PhysXVehiclesEditor (296)
[2018.12.05-07.22.08:604][600]LogModuleManager: Shutting down and abandoning module PhysXVehicles (294)
[2018.12.05-07.22.08:604][600]LogModuleManager: Shutting down and abandoning module OculusEditor (292)
[2018.12.05-07.22.08:604][600]LogModuleManager: Shutting down and abandoning module LocationServicesBPLibrary (290)
[2018.12.05-07.22.08:604][600]LogModuleManager: Shutting down and abandoning module ImmediatePhysicsEditor (288)
[2018.12.05-07.22.08:605][600]LogModuleManager: Shutting down and abandoning module ImmediatePhysics (286)
[2018.12.05-07.22.08:605][600]LogModuleManager: Shutting down and abandoning module ActorSequence (284)
[2018.12.05-07.22.08:605][600]LogModuleManager: Shutting down and abandoning module UdpMessaging (282)
[2018.12.05-07.22.08:706][600]LogModuleManager: Shutting down and abandoning module TcpMessaging (280)
[2018.12.05-07.22.08:809][600]LogModuleManager: Shutting down and abandoning module MagicLeapAudio (278)
[2018.12.05-07.22.08:809][600]LogModuleManager: Shutting down and abandoning module GameplayTagsEditor (276)
[2018.12.05-07.22.08:809][600]LogModuleManager: Shutting down and abandoning module FacialAnimationEditor (274)
[2018.12.05-07.22.08:810][600]LogModuleManager: Shutting down and abandoning module FacialAnimation (272)
[2018.12.05-07.22.08:810][600]LogModuleManager: Shutting down and abandoning module DataValidation (270)
[2018.12.05-07.22.08:810][600]LogModuleManager: Shutting down and abandoning module AssetManagerEditor (268)
[2018.12.05-07.22.08:811][600]LogModuleManager: Shutting down and abandoning module LevelEditor (267)
[2018.12.05-07.22.08:814][600]LogModuleManager: Shutting down and abandoning module PixelInspectorModule (266)
[2018.12.05-07.22.08:814][600]LogModuleManager: Shutting down and abandoning module CommonMenuExtensions (264)
[2018.12.05-07.22.08:815][600]LogModuleManager: Shutting down and abandoning module MainFrame (262)
[2018.12.05-07.22.08:816][600]LogModuleManager: Shutting down and abandoning module HotReload (261)
[2018.12.05-07.22.08:818][600]LogModuleManager: Shutting down and abandoning module ContentBrowser (257)
[2018.12.05-07.22.08:820][600]LogModuleManager: Shutting down and abandoning module TreeMap (255)
[2018.12.05-07.22.08:821][600]LogModuleManager: Shutting down and abandoning module LightPropagationVolumeRuntime (252)
[2018.12.05-07.22.08:821][600]LogModuleManager: Shutting down and abandoning module AISupportModule (250)
[2018.12.05-07.22.08:821][600]LogModuleManager: Shutting down and abandoning module Paper2D (248)
[2018.12.05-07.22.08:822][600]LogModuleManager: Shutting down and abandoning module WindowsMoviePlayer (246)
[2018.12.05-07.22.08:822][600]LogModuleManager: Shutting down and abandoning module WmfMedia (244)
[2018.12.05-07.22.08:828][600]LogModuleManager: Shutting down and abandoning module Media (243)
[2018.12.05-07.22.08:836][600]LogModuleManager: Shutting down and abandoning module PacketHandler (240)
[2018.12.05-07.22.08:836][600]LogModuleManager: Shutting down and abandoning module ClothingSystemEditor (238)
[2018.12.05-07.22.08:836][600]LogModuleManager: Shutting down and abandoning module ClothingSystemRuntime (236)
[2018.12.05-07.22.08:837][600]LogModuleManager: Shutting down and abandoning module MediaAssets (234)
[2018.12.05-07.22.08:837][600]LogModuleManager: Shutting down and abandoning module Overlay (232)
[2018.12.05-07.22.08:837][600]LogModuleManager: Shutting down and abandoning module OverlayEditor (231)
[2018.12.05-07.22.08:838][600]LogModuleManager: Shutting down and abandoning module VREditor (228)
[2018.12.05-07.22.08:838][600]LogModuleManager: Shutting down and abandoning module StringTableEditor (226)
[2018.12.05-07.22.08:839][600]LogModuleManager: Shutting down and abandoning module GameplayTasksEditor (224)
[2018.12.05-07.22.08:839][600]LogModuleManager: Shutting down and abandoning module BehaviorTreeEditor (222)
[2018.12.05-07.22.08:841][600]LogModuleManager: Shutting down and abandoning module FunctionalTesting (220)
[2018.12.05-07.22.08:842][600]LogModuleManager: Shutting down and abandoning module CollisionAnalyzer (218)
[2018.12.05-07.22.08:843][600]LogModuleManager: Shutting down and abandoning module WorkspaceMenuStructure (217)
[2018.12.05-07.22.08:844][600]LogModuleManager: Shutting down and abandoning module UMG (214)
[2018.12.05-07.22.08:844][600]LogModuleManager: Shutting down and abandoning module UMGEditor (213)
[2018.12.05-07.22.08:846][600]LogModuleManager: Shutting down and abandoning module Sequencer (212)
[2018.12.05-07.22.08:849][600]LogModuleManager: Shutting down and abandoning module MessageLog (209)
[2018.12.05-07.22.08:849][600]LogModuleManager: Shutting down and abandoning module SlateReflector (204)
[2018.12.05-07.22.08:851][600]LogModuleManager: Shutting down and abandoning module Slate (202)
[2018.12.05-07.22.08:852][600]LogModuleManager: Shutting down and abandoning module EditorStyle (200)
[2018.12.05-07.22.08:857][600]LogModuleManager: Shutting down and abandoning module MRMesh (198)
[2018.12.05-07.22.08:857][600]LogModuleManager: Shutting down and abandoning module SourceCodeAccess (196)
[2018.12.05-07.22.08:857][600]LogModuleManager: Shutting down and abandoning module HeadMountedDisplay (194)
[2018.12.05-07.22.08:857][600]LogModuleManager: Shutting down and abandoning module XAudio2 (192)
[2018.12.05-07.22.08:858][600]LogModuleManager: Shutting down and abandoning module Networking (190)
[2018.12.05-07.22.08:858][600]LogModuleManager: Shutting down and abandoning module Core (188)
[2018.12.05-07.22.08:858][600]LogModuleManager: Shutting down and abandoning module LevelSequence (186)
[2018.12.05-07.22.08:858][600]LogModuleManager: Shutting down and abandoning module KismetCompiler (184)
[2018.12.05-07.22.08:858][600]LogModuleManager: Shutting down and abandoning module MeshUtilities (182)
[2018.12.05-07.22.08:858][600]LogModuleManager: Shutting down and abandoning module MeshMergeUtilities (181)
[2018.12.05-07.22.08:859][600]LogModuleManager: Shutting down and abandoning module MeshReductionInterface (180)
[2018.12.05-07.22.08:859][600]LogModuleManager: Shutting down and abandoning module SimplygonSwarm (179)
[2018.12.05-07.22.08:860][600]LogModuleManager: Shutting down and abandoning module ProxyLODMeshReduction (177)
[2018.12.05-07.22.08:861][600]LogModuleManager: Shutting down and abandoning module SimplygonMeshReduction (175)
[2018.12.05-07.22.08:861][600]LogModuleManager: Shutting down and abandoning module QuadricMeshReduction (173)
[2018.12.05-07.22.08:862][600]LogModuleManager: Shutting down and abandoning module MaterialBaking (169)
[2018.12.05-07.22.08:863][600]LogModuleManager: Shutting down and abandoning module DirectoryWatcher (165)
[2018.12.05-07.22.08:863][600]LogModuleManager: Shutting down and abandoning module DerivedDataCache (162)
[2018.12.05-07.22.08:893][600]LogDerivedDataCache: Shutdown
[2018.12.05-07.22.08:893][600]LogModuleManager: Shutting down and abandoning module XGEController (160)
[2018.12.05-07.22.08:893][600]LogXGEController: Cleaning working directory: C:/Users/Maria/AppData/Local/Temp/UnrealXGEWorkingDir/
[2018.12.05-07.22.08:895][600]LogModuleManager: Shutting down and abandoning module TargetPlatform (158)
[2018.12.05-07.22.08:895][600]LogModuleManager: Shutting down and abandoning module VulkanShaderFormat (157)
[2018.12.05-07.22.08:895][600]LogModuleManager: Shutting down and abandoning module ShaderFormatVectorVM (155)
[2018.12.05-07.22.08:896][600]LogModuleManager: Shutting down and abandoning module ShaderFormatOpenGL (153)
[2018.12.05-07.22.08:896][600]LogModuleManager: Shutting down and abandoning module ShaderFormatD3D (151)
[2018.12.05-07.22.08:896][600]LogModuleManager: Shutting down and abandoning module MetalShaderFormat (149)
[2018.12.05-07.22.08:897][600]LogModuleManager: Shutting down and abandoning module TextureFormatUncompressed (147)
[2018.12.05-07.22.08:898][600]LogModuleManager: Shutting down and abandoning module TextureFormatPVR (145)
[2018.12.05-07.22.08:898][600]LogModuleManager: Shutting down and abandoning module TextureFormatDXT (143)
[2018.12.05-07.22.08:898][600]LogModuleManager: Shutting down and abandoning module TextureFormatIntelISPCTexComp (141)
[2018.12.05-07.22.08:899][600]LogModuleManager: Shutting down and abandoning module TextureFormatASTC (139)
[2018.12.05-07.22.08:899][600]LogModuleManager: Shutting down and abandoning module ImageWrapper (138)
[2018.12.05-07.22.08:899][600]LogModuleManager: Shutting down and abandoning module TextureFormatAndroid (135)
[2018.12.05-07.22.08:899][600]LogModuleManager: Shutting down and abandoning module AudioFormatOpus (133)
[2018.12.05-07.22.08:899][600]LogModuleManager: Shutting down and abandoning module AudioFormatOgg (131)
[2018.12.05-07.22.08:899][600]LogModuleManager: Shutting down and abandoning module AudioFormatADPCM (129)
[2018.12.05-07.22.08:899][600]LogModuleManager: Shutting down and abandoning module LuminTargetPlatform (127)
[2018.12.05-07.22.08:899][600]LogModuleManager: Shutting down and abandoning module LinuxTargetPlatform (125)
[2018.12.05-07.22.08:899][600]LogModuleManager: Shutting down and abandoning module LinuxServerTargetPlatform (123)
[2018.12.05-07.22.08:899][600]LogModuleManager: Shutting down and abandoning module LinuxNoEditorTargetPlatform (121)
[2018.12.05-07.22.08:900][600]LogModuleManager: Shutting down and abandoning module LinuxClientTargetPlatform (119)
[2018.12.05-07.22.08:900][600]LogModuleManager: Shutting down and abandoning module TVOSTargetPlatform (117)
[2018.12.05-07.22.08:903][600]LogModuleManager: Shutting down and abandoning module Messaging (115)
[2018.12.05-07.22.08:903][600]LogModuleManager: Shutting down and abandoning module IOSTargetPlatform (113)
[2018.12.05-07.22.08:905][600]LogModuleManager: Shutting down and abandoning module HTML5TargetPlatform (111)
[2018.12.05-07.22.08:905][600]LogModuleManager: Shutting down and abandoning module AndroidTargetPlatform (109)
[2018.12.05-07.22.08:944][600]LogModuleManager: Shutting down and abandoning module WindowsTargetPlatform (107)
[2018.12.05-07.22.08:944][600]LogModuleManager: Shutting down and abandoning module WindowsServerTargetPlatform (105)
[2018.12.05-07.22.08:944][600]LogModuleManager: Shutting down and abandoning module WindowsNoEditorTargetPlatform (103)
[2018.12.05-07.22.08:944][600]LogModuleManager: Shutting down and abandoning module WindowsClientTargetPlatform (101)
[2018.12.05-07.22.08:944][600]LogModuleManager: Shutting down and abandoning module MacTargetPlatform (99)
[2018.12.05-07.22.08:944][600]LogModuleManager: Shutting down and abandoning module MacServerTargetPlatform (97)
[2018.12.05-07.22.08:944][600]LogModuleManager: Shutting down and abandoning module MacNoEditorTargetPlatform (95)
[2018.12.05-07.22.08:944][600]LogModuleManager: Shutting down and abandoning module MacClientTargetPlatform (93)
[2018.12.05-07.22.08:945][600]LogModuleManager: Shutting down and abandoning module AllDesktopTargetPlatform (91)
[2018.12.05-07.22.08:945][600]LogModuleManager: Shutting down and abandoning module InputCore (88)
[2018.12.05-07.22.08:945][600]LogModuleManager: Shutting down and abandoning module Settings (86)
[2018.12.05-07.22.08:945][600]LogModuleManager: Shutting down and abandoning module PhysXCooking (84)
[2018.12.05-07.22.08:945][600]LogModuleManager: Shutting down and abandoning module SteamVR (82)
[2018.12.05-07.22.08:945][600]LogModuleManager: Shutting down and abandoning module OculusHMD (80)
[2018.12.05-07.22.08:946][600]LogModuleManager: Shutting down and abandoning module ExampleDeviceProfileSelector (78)
[2018.12.05-07.22.08:946][600]LogModuleManager: Shutting down and abandoning module LauncherChunkInstaller (76)
[2018.12.05-07.22.08:946][600]LogModuleManager: Shutting down and abandoning module OnlineBlueprintSupport (74)
[2018.12.05-07.22.08:946][600]LogModuleManager: Shutting down and abandoning module OnlineSubsystem (70)
[2018.12.05-07.22.08:948][600]LogModuleManager: Shutting down and abandoning module XMPP (65)
[2018.12.05-07.22.08:950][600]LogModuleManager: Shutting down and abandoning module WebSockets (64)
[2018.12.05-07.22.08:961][600]LogModuleManager: Shutting down and abandoning module HTTP (61)
[2018.12.05-07.22.08:961][600]LogHttp: Display: Http module shutting down, but needs to wait on 1 outstanding Http requests:
[2018.12.05-07.22.08:961][600]LogHttp: Display: 	verb=[POST] url=[https://datarouter.ol.epicgames.com/datarouter/api/v1/public/data?SessionID=%7BFC4A14D1-43AA-8D42-BE6B-22A4183C8A69%7D&AppID=UEEditor.Rocket.Release&AppVersion=4.20.3-4369336%2B%2B%2BUE4%2BRelease-4.20&UserID=a6256bd0408472d2b653c782d73510f2%7C5bb51a77674340abbe5c8d267c700432%7C40b7f538-e62e-4616-9190-600d7c7a6793&AppEnvironment=datacollector-binary&UploadType=eteventstream] status=Processing
[2018.12.05-07.22.08:984][600]LogModuleManager: Shutting down and abandoning module SSL (60)
[2018.12.05-07.22.08:988][600]LogModuleManager: Shutting down and abandoning module MagicLeapEmulator (56)
[2018.12.05-07.22.08:989][600]LogModuleManager: Shutting down and abandoning module MagicLeapPrivileges (54)
[2018.12.05-07.22.08:989][600]LogModuleManager: Shutting down and abandoning module MagicLeapIdentity (52)
[2018.12.05-07.22.08:989][600]LogModuleManager: Shutting down and abandoning module MagicLeapHelperVulkan (50)
[2018.12.05-07.22.08:989][600]LogModuleManager: Shutting down and abandoning module MagicLeapHelperOpenGL (48)
[2018.12.05-07.22.08:989][600]LogModuleManager: Shutting down and abandoning module MagicLeapSecureStorage (46)
[2018.12.05-07.22.08:989][600]LogModuleManager: Shutting down and abandoning module MagicLeapGestures (44)
[2018.12.05-07.22.08:989][600]LogModuleManager: Shutting down and abandoning module MagicLeapEyeTracker (42)
[2018.12.05-07.22.08:989][600]LogModuleManager: Shutting down and abandoning module MagicLeapController (40)
[2018.12.05-07.22.08:989][600]LogSlate: Slate User Destroyed.  User Index 0, Is Virtual User: 0
[2018.12.05-07.22.08:990][600]LogModuleManager: Shutting down and abandoning module MagicLeap (38)
[2018.12.05-07.22.08:990][600]LogModuleManager: Shutting down and abandoning module AnimationModifiers (36)
[2018.12.05-07.22.08:992][600]LogModuleManager: Shutting down and abandoning module PropertyEditor (35)
[2018.12.05-07.22.08:992][600]LogModuleManager: Shutting down and abandoning module AudioEditor (32)
[2018.12.05-07.22.08:994][600]LogModuleManager: Shutting down and abandoning module TextureCompressor (30)
[2018.12.05-07.22.08:996][600]LogModuleManager: Shutting down and abandoning module ShaderCore (28)
[2018.12.05-07.22.08:996][600]LogModuleManager: Shutting down and abandoning module Landscape (26)
[2018.12.05-07.22.08:996][600]LogModuleManager: Shutting down and abandoning module SlateRHIRenderer (24)
[2018.12.05-07.22.08:998][600]LogModuleManager: Shutting down and abandoning module OpenGLDrv (22)
[2018.12.05-07.22.08:999][600]LogModuleManager: Shutting down and abandoning module D3D11RHI (20)
[2018.12.05-07.22.08:999][600]LogModuleManager: Shutting down and abandoning module AnimGraphRuntime (18)
[2018.12.05-07.22.08:999][600]LogModuleManager: Shutting down and abandoning module Renderer (16)
[2018.12.05-07.22.09:000][600]LogModuleManager: Shutting down and abandoning module Engine (14)
[2018.12.05-07.22.09:000][600]LogModuleManager: Shutting down and abandoning module CoreUObject (12)
[2018.12.05-07.22.09:000][600]LogModuleManager: Shutting down and abandoning module NetworkFile (10)
[2018.12.05-07.22.09:000][600]LogModuleManager: Shutting down and abandoning module CookedIterativeFile (8)
[2018.12.05-07.22.09:000][600]LogModuleManager: Shutting down and abandoning module StreamingFile (6)
[2018.12.05-07.22.09:001][600]LogModuleManager: Shutting down and abandoning module SandboxFile (4)
[2018.12.05-07.22.09:001][600]LogModuleManager: Shutting down and abandoning module PakFile (2)
[2018.12.05-07.22.09:023][600]LogExit: Exiting.
[2018.12.05-07.22.09:029][600]Log file closed, 12/04/18 23:22:09
